#
# A fatal error has been detected by the Java Runtime Environment:
#
#  SIGSEGV (0xb) at pc=0x00007fec092e55a7, pid=4013, tid=140505993361152
#
# JRE version: OpenJDK Runtime Environment (7.0_85-b01) (build 1.7.0_85-b01)
# Java VM: OpenJDK 64-Bit Server VM (24.85-b03 mixed mode linux-amd64 )
# Derivative: IcedTea 2.6.1
# Distribution: Ubuntu 14.04 LTS, package 7u85-2.6.1-5ubuntu0.14.04.1
# Problematic frame:
# V  [libjvm.so+0x40b5a7]  oopDesc::size()+0x17
#
# Failed to write core dump. Core dumps have been disabled. To enable core dumping, try "ulimit -c unlimited" before starting Java again
#
# If you would like to submit a bug report, please include
# instructions on how to reproduce the bug and visit:
#   http://icedtea.classpath.org/bugzilla
#

---------------  T H R E A D  ---------------

Current thread (0x00007fec04020800):  GCTaskThread [stack: 0x00007fca19c2b000,0x00007fca19d2c000] [id=4018]

siginfo:si_signo=SIGSEGV: si_errno=0, si_code=1 (SEGV_MAPERR), si_addr=0x0000000000000018

Registers:
RAX=0x00007fec09cc36d3, RBX=0x00007fca583a07d0, RCX=0x000000000000003a, RDX=0x0000000000000000
RSP=0x00007fca19d2abd0, RBP=0x00007fca19d2abd0, RSI=0x0000000000000000, RDI=0x00007fca783a07d0
R8 =0x0000000000000020, R9 =0x0000000000000448, R10=0x00007fec09cccee0, R11=0x0020000000000000
R12=0x00007fec04072f20, R13=0x00007fca36476d00, R14=0x00007fca783a07d0, R15=0x00007fca583a07c8
RIP=0x00007fec092e55a7, EFLAGS=0x0000000000010246, CSGSFS=0x0000000000000033, ERR=0x0000000000000004
  TRAPNO=0x000000000000000e

Top of Stack: (sp=0x00007fca19d2abd0)
0x00007fca19d2abd0:   00007fca19d2ac40 00007fec0948da4d
0x00007fca19d2abe0:   0000000000000004 00007fec04072f60
0x00007fca19d2abf0:   00007fca583a07a8 00007fca36476d08
0x00007fca19d2ac00:   00007fec09cccee0 0000000000000005
0x00007fca19d2ac10:   00007fec04072f20 00007fec09cc8f48
0x00007fca19d2ac20:   00007fec04072e30 00007fec04072f20
0x00007fca19d2ac30:   00007fca19d2ad6c 00007fca19d2ad70
0x00007fca19d2ac40:   00007fca19d2acf0 00007fec09701ab5
0x00007fca19d2ac50:   00007fec04072fb0 00007fec04072fe0
0x00007fca19d2ac60:   00007fec04072f60 00007fec04072f20
0x00007fca19d2ac70:   00007fca6a2f2538 00007fec04072f30
0x00007fca19d2ac80:   00007fca19d2acf0 00007fec0948da80
0x00007fca19d2ac90:   00007fca4211be00 00007fec04072f60
0x00007fca19d2aca0:   00007fca6a2f24f8 00007fca363adca8
0x00007fca19d2acb0:   00007fec09cccee0 0000000000000008
0x00007fca19d2acc0:   00007fec04020a60 00007fec04072f20
0x00007fca19d2acd0:   00007fec04072e30 0000000000000000
0x00007fca19d2ace0:   00007fca19d2ad6c 00007fca19d2ad70
0x00007fca19d2acf0:   00007fca19d2adc0 00007fec096e86ce
0x00007fca19d2ad00:   00007fec040281c0 00007fca19d2ad70
0x00007fca19d2ad10:   00007fca19d2ad6c 0000000004020a20
0x00007fca19d2ad20:   00007fec04072f60 0000000000100000
0x00007fca19d2ad30:   0000000000044a00 0000000000000006
0x00007fca19d2ad40:   00007fca19d2ad80 00007fca19d2ad70
0x00007fca19d2ad50:   00007fc8c8bdb080 00007fec04072f20
0x00007fca19d2ad60:   0000000000000000 103f65ba0401fd30
0x00007fca19d2ad70:   00007fca6a2f24f8 00007fec09670fcb
0x00007fca19d2ad80:   00007fe1037acbc0 00007fec00044800
0x00007fca19d2ad90:   00007fca19d2adc0 0000000000000001
0x00007fca19d2ada0:   00007fc8c8bdb080 00007fec0988fe45
0x00007fca19d2adb0:   00007fec04020800 00007fec09cc3502
0x00007fca19d2adc0:   00007fca19d2aed0 00007fec09424b22 

Instructions: (pc=0x00007fec092e55a7)
0x00007fec092e5587:   84 00 00 00 00 00 0f 1f 00 48 8d 05 3c e1 9d 00
0x00007fec092e5597:   55 48 89 e5 0f b6 30 40 84 f6 75 1d 48 8b 57 08
0x00007fec092e55a7:   8b 42 18 48 8d 4a 10 83 f8 00 7e 2c a8 01 75 31
0x00007fec092e55b7:   c1 f8 03 5d c3 0f 1f 40 00 48 8d 05 19 1f 9c 00 

Register to memory mapping:

RAX=0x00007fec09cc36d3: <offset 0xde96d3> in /usr/lib/jvm/java-7-openjdk-amd64/jre/lib/amd64/server/libjvm.so at 0x00007fec08eda000
RBX=0x00007fca583a07d0 is an oop
[Lcom.android.dx.rop.code.RegisterSpec; 
 - klass: 'com/android/dx/rop/code/RegisterSpec'[]
 - length: 4
RCX=0x000000000000003a is an unknown value
RDX=0x0000000000000000 is an unknown value
RSP=0x00007fca19d2abd0 is an unknown value
RBP=0x00007fca19d2abd0 is an unknown value
RSI=0x0000000000000000 is an unknown value
RDI=0x00007fca783a07d0 is an unallocated location in the heap
R8 =0x0000000000000020 is an unknown value
R9 =0x0000000000000448 is an unknown value
R10=0x00007fec09cccee0: <offset 0xdf2ee0> in /usr/lib/jvm/java-7-openjdk-amd64/jre/lib/amd64/server/libjvm.so at 0x00007fec08eda000
R11=0x0020000000000000 is an unknown value
R12=0x00007fec04072f20 is an unknown value
R13=0x00007fca36476d00 is pointing into object: 0x00007fca36476ad0
{instance class} 
 - klass: {other class}
R14=0x00007fca783a07d0 is an unallocated location in the heap
R15=0x00007fca583a07c8 is pointing into object: 0x00007fca583a07a8
com.android.dx.rop.code.RegisterSpecSet 
 - klass: 'com/android/dx/rop/code/RegisterSpecSet'


Stack: [0x00007fca19c2b000,0x00007fca19d2c000],  sp=0x00007fca19d2abd0,  free space=1022k
Native frames: (J=compiled Java code, j=interpreted, Vv=VM code, C=native code)
V  [libjvm.so+0x40b5a7]  oopDesc::size()+0x17
V  [libjvm.so+0x5b3a4d]  instanceKlass::oop_follow_contents(ParCompactionManager*, oopDesc*)+0x13d
V  [libjvm.so+0x827ab5]  ParCompactionManager::follow_marking_stacks()+0x155
V  [libjvm.so+0x80e6ce]  StealMarkingTask::do_it(GCTaskManager*, unsigned int)+0x2be
V  [libjvm.so+0x54ab22]  GCTaskThread::run()+0x162
V  [libjvm.so+0x7cc7e2]  java_start(Thread*)+0xf2


---------------  P R O C E S S  ---------------

Java Threads: ( => current thread )
  0x00007fec041af800 JavaThread "pool-2-thread-4" [_thread_blocked, id=4034, stack(0x00007fca11331000,0x00007fca11432000)]
  0x00007fec041ae000 JavaThread "pool-2-thread-3" [_thread_blocked, id=4033, stack(0x00007fca11432000,0x00007fca11533000)]
  0x00007fec041a7800 JavaThread "pool-2-thread-2" [_thread_blocked, id=4032, stack(0x00007fca11533000,0x00007fca11634000)]
  0x00007fec04195000 JavaThread "pool-3-thread-1" [_thread_blocked, id=4031, stack(0x00007fca11634000,0x00007fca11735000)]
  0x00007fec04191800 JavaThread "pool-2-thread-1" [_thread_blocked, id=4030, stack(0x00007fca11735000,0x00007fca11836000)]
  0x00007fec040ae800 JavaThread "Service Thread" daemon [_thread_blocked, id=4028, stack(0x00007fca1322c000,0x00007fca1332d000)]
  0x00007fec040ac000 JavaThread "C2 CompilerThread1" daemon [_thread_blocked, id=4027, stack(0x00007fca1332d000,0x00007fca1342e000)]
  0x00007fec040a9000 JavaThread "C2 CompilerThread0" daemon [_thread_blocked, id=4026, stack(0x00007fca1342e000,0x00007fca1352f000)]
  0x00007fec040a7000 JavaThread "Signal Dispatcher" daemon [_thread_blocked, id=4025, stack(0x00007fca1352f000,0x00007fca13630000)]
  0x00007fec0407c800 JavaThread "Finalizer" daemon [_thread_blocked, id=4024, stack(0x00007fca138f9000,0x00007fca139fa000)]
  0x00007fec0407a800 JavaThread "Reference Handler" daemon [_thread_blocked, id=4023, stack(0x00007fca139fa000,0x00007fca13afb000)]
  0x00007fec0400a800 JavaThread "main" [_thread_blocked, id=4017, stack(0x00007fec0a9f1000,0x00007fec0aaf2000)]

Other Threads:
  0x00007fec04076000 VMThread [stack: 0x00007fca13afb000,0x00007fca13bfc000] [id=4022]
  0x00007fec040b9800 WatcherThread [stack: 0x00007fca1312b000,0x00007fca1322c000] [id=4029]

=>0x00007fec04020800 (exited) GCTaskThread [stack: 0x00007fca19c2b000,0x00007fca19d2c000] [id=4018]

VM state:at safepoint (normal execution)

VM Mutex/Monitor currently owned by a thread:  ([mutex/lock_event])
[0x00007fec04006b40] Threads_lock - owner thread: 0x00007fec04076000
[0x00007fec04007040] Heap_lock - owner thread: 0x00007fec041af800

Heap
 PSYoungGen      total 1082368K, used 215058K [0x00007fe0c0580000, 0x00007fe119700000, 0x00007fec00580000)
  eden space 759808K, 0% used [0x00007fe0c0580000,0x00007fe0c0580000,0x00007fe0eeb80000)
  from space 322560K, 66% used [0x00007fe103500000,0x00007fe110704be0,0x00007fe117000000)
  to   space 337408K, 0% used [0x00007fe0eeb80000,0x00007fe0eeb80000,0x00007fe103500000)
 ParOldGen       total 749056K, used 747611K [0x00007fca40580000, 0x00007fca6e100000, 0x00007fe0c0580000)
  object space 749056K, 99% used [0x00007fca40580000,0x00007fca6df96ec8,0x00007fca6e100000)
 PSPermGen       total 21504K, used 6540K [0x00007fca35f80000, 0x00007fca37480000, 0x00007fca40580000)
  object space 21504K, 30% used [0x00007fca35f80000,0x00007fca365e3158,0x00007fca37480000)

Card table byte_map: [0x00007fca2512c000,0x00007fca35f80000] byte_map_base: 0x00007f8a3ff7c400

Polling page: 0x00007fec0ab15000

Code Cache  [0x00007fec005bb000, 0x00007fec00a3b000, 0x00007fec035bb000)
 total_blobs=1511 nmethods=1280 adapters=184 free_code_cache=44871Kb largest_free_block=45619392

Compilation events (10 events):
Event: 22.575 Thread 0x00007fec040ac000 nmethod 1370 0x00007fec006f33d0 code [0x00007fec006f3540, 0x00007fec006f3818]
Event: 22.588 Thread 0x00007fec040a9000 nmethod 1369 0x00007fec007415d0 code [0x00007fec00741840, 0x00007fec00743220]
Event: 22.590 Thread 0x00007fec040ac000 1371             com.android.dx.ssa.SsaBasicBlock::scheduleUseBeforeAssigned (389 bytes)
Event: 22.658 Thread 0x00007fec040a9000 1372             java.util.zip.ZipCoder::getBytes (192 bytes)
Event: 22.668 Thread 0x00007fec040a9000 nmethod 1372 0x00007fec00740910 code [0x00007fec00740ac0, 0x00007fec00741070]
Event: 22.668 Thread 0x00007fec040a9000 1373             java.util.zip.ZipCoder::encoder (35 bytes)
Event: 22.670 Thread 0x00007fec040a9000 nmethod 1373 0x00007fec0067a510 code [0x00007fec0067a680, 0x00007fec0067a7e8]
Event: 22.670 Thread 0x00007fec040a9000 1374             java.lang.Integer::intValue (5 bytes)
Event: 22.671 Thread 0x00007fec040a9000 nmethod 1374 0x00007fec00740690 code [0x00007fec007407c0, 0x00007fec00740818]
Event: 22.733 Thread 0x00007fec040ac000 nmethod 1371 0x00007fec009c32d0 code [0x00007fec009c3760, 0x00007fec009c6838]

GC Heap History (10 events):
Event: 19.433 GC heap after
Heap after GC invocations=18 (full 4):
 PSYoungGen      total 756736K, used 63909K [0x00007fe0c0580000, 0x00007fe0fdf00000, 0x00007fec00580000)
  eden space 588288K, 0% used [0x00007fe0c0580000,0x00007fe0c0580000,0x00007fe0e4400000)
  from space 168448K, 37% used [0x00007fe0efb80000,0x00007fe0f39e97b8,0x00007fe0fa000000)
  to   space 187904K, 0% used [0x00007fe0e4400000,0x00007fe0e4400000,0x00007fe0efb80000)
 ParOldGen       total 749056K, used 490231K [0x00007fca40580000, 0x00007fca6e100000, 0x00007fe0c0580000)
  object space 749056K, 65% used [0x00007fca40580000,0x00007fca5e43dde0,0x00007fca6e100000)
 PSPermGen       total 21504K, used 6497K [0x00007fca35f80000, 0x00007fca37480000, 0x00007fca40580000)
  object space 21504K, 30% used [0x00007fca35f80000,0x00007fca365d87e0,0x00007fca37480000)
}
Event: 20.141 GC heap before
{Heap before GC invocations=19 (full 4):
 PSYoungGen      total 756736K, used 652197K [0x00007fe0c0580000, 0x00007fe0fdf00000, 0x00007fec00580000)
  eden space 588288K, 100% used [0x00007fe0c0580000,0x00007fe0e4400000,0x00007fe0e4400000)
  from space 168448K, 37% used [0x00007fe0efb80000,0x00007fe0f39e97b8,0x00007fe0fa000000)
  to   space 187904K, 0% used [0x00007fe0e4400000,0x00007fe0e4400000,0x00007fe0efb80000)
 ParOldGen       total 749056K, used 490231K [0x00007fca40580000, 0x00007fca6e100000, 0x00007fe0c0580000)
  object space 749056K, 65% used [0x00007fca40580000,0x00007fca5e43dde0,0x00007fca6e100000)
 PSPermGen       total 21504K, used 6518K [0x00007fca35f80000, 0x00007fca37480000, 0x00007fca40580000)
  object space 21504K, 30% used [0x00007fca35f80000,0x00007fca365ddb98,0x00007fca37480000)
Event: 20.346 GC heap after
Heap after GC invocations=19 (full 4):
 PSYoungGen      total 776192K, used 157070K [0x00007fe0c0580000, 0x00007fe105000000, 0x00007fec00580000)
  eden space 588288K, 0% used [0x00007fe0c0580000,0x00007fe0c0580000,0x00007fe0e4400000)
  from space 187904K, 83% used [0x00007fe0e4400000,0x00007fe0edd63930,0x00007fe0efb80000)
  to   space 207872K, 0% used [0x00007fe0f8500000,0x00007fe0f8500000,0x00007fe105000000)
 ParOldGen       total 749056K, used 490231K [0x00007fca40580000, 0x00007fca6e100000, 0x00007fe0c0580000)
  object space 749056K, 65% used [0x00007fca40580000,0x00007fca5e43dde0,0x00007fca6e100000)
 PSPermGen       total 21504K, used 6518K [0x00007fca35f80000, 0x00007fca37480000, 0x00007fca40580000)
  object space 21504K, 30% used [0x00007fca35f80000,0x00007fca365ddb98,0x00007fca37480000)
}
Event: 20.878 GC heap before
{Heap before GC invocations=20 (full 4):
 PSYoungGen      total 776192K, used 745358K [0x00007fe0c0580000, 0x00007fe105000000, 0x00007fec00580000)
  eden space 588288K, 100% used [0x00007fe0c0580000,0x00007fe0e4400000,0x00007fe0e4400000)
  from space 187904K, 83% used [0x00007fe0e4400000,0x00007fe0edd63930,0x00007fe0efb80000)
  to   space 207872K, 0% used [0x00007fe0f8500000,0x00007fe0f8500000,0x00007fe105000000)
 ParOldGen       total 749056K, used 490231K [0x00007fca40580000, 0x00007fca6e100000, 0x00007fe0c0580000)
  object space 749056K, 65% used [0x00007fca40580000,0x00007fca5e43dde0,0x00007fca6e100000)
 PSPermGen       total 21504K, used 6521K [0x00007fca35f80000, 0x00007fca37480000, 0x00007fca40580000)
  object space 21504K, 30% used [0x00007fca35f80000,0x00007fca365de5e8,0x00007fca37480000)
Event: 21.140 GC heap after
Heap after GC invocations=20 (full 4):
 PSYoungGen      total 867840K, used 207862K [0x00007fe0c0580000, 0x00007fe10c880000, 0x00007fec00580000)
  eden space 659968K, 0% used [0x00007fe0c0580000,0x00007fe0c0580000,0x00007fe0e8a00000)
  from space 207872K, 99% used [0x00007fe0f8500000,0x00007fe104ffdaa8,0x00007fe105000000)
  to   space 257024K, 0% used [0x00007fe0e8a00000,0x00007fe0e8a00000,0x00007fe0f8500000)
 ParOldGen       total 749056K, used 530371K [0x00007fca40580000, 0x00007fca6e100000, 0x00007fe0c0580000)
  object space 749056K, 70% used [0x00007fca40580000,0x00007fca60b70cf8,0x00007fca6e100000)
 PSPermGen       total 21504K, used 6521K [0x00007fca35f80000, 0x00007fca37480000, 0x00007fca40580000)
  object space 21504K, 30% used [0x00007fca35f80000,0x00007fca365de5e8,0x00007fca37480000)
}
Event: 21.850 GC heap before
{Heap before GC invocations=21 (full 4):
 PSYoungGen      total 867840K, used 867830K [0x00007fe0c0580000, 0x00007fe10c880000, 0x00007fec00580000)
  eden space 659968K, 100% used [0x00007fe0c0580000,0x00007fe0e8a00000,0x00007fe0e8a00000)
  from space 207872K, 99% used [0x00007fe0f8500000,0x00007fe104ffdaa8,0x00007fe105000000)
  to   space 257024K, 0% used [0x00007fe0e8a00000,0x00007fe0e8a00000,0x00007fe0f8500000)
 ParOldGen       total 749056K, used 530371K [0x00007fca40580000, 0x00007fca6e100000, 0x00007fe0c0580000)
  object space 749056K, 70% used [0x00007fca40580000,0x00007fca60b70cf8,0x00007fca6e100000)
 PSPermGen       total 21504K, used 6537K [0x00007fca35f80000, 0x00007fca37480000, 0x00007fca40580000)
  object space 21504K, 30% used [0x00007fca35f80000,0x00007fca365e25e0,0x00007fca37480000)
Event: 22.085 GC heap after
Heap after GC invocations=21 (full 4):
 PSYoungGen      total 916992K, used 257010K [0x00007fe0c0580000, 0x00007fe117000000, 0x00007fec00580000)
  eden space 659968K, 0% used [0x00007fe0c0580000,0x00007fe0c0580000,0x00007fe0e8a00000)
  from space 257024K, 99% used [0x00007fe0e8a00000,0x00007fe0f84fcb98,0x00007fe0f8500000)
  to   space 322560K, 0% used [0x00007fe103500000,0x00007fe103500000,0x00007fe117000000)
 ParOldGen       total 749056K, used 591201K [0x00007fca40580000, 0x00007fca6e100000, 0x00007fe0c0580000)
  object space 749056K, 78% used [0x00007fca40580000,0x00007fca646d8530,0x00007fca6e100000)
 PSPermGen       total 21504K, used 6537K [0x00007fca35f80000, 0x00007fca37480000, 0x00007fca40580000)
  object space 21504K, 30% used [0x00007fca35f80000,0x00007fca365e25e0,0x00007fca37480000)
}
Event: 22.747 GC heap before
{Heap before GC invocations=22 (full 4):
 PSYoungGen      total 916992K, used 916978K [0x00007fe0c0580000, 0x00007fe117000000, 0x00007fec00580000)
  eden space 659968K, 100% used [0x00007fe0c0580000,0x00007fe0e8a00000,0x00007fe0e8a00000)
  from space 257024K, 99% used [0x00007fe0e8a00000,0x00007fe0f84fcb98,0x00007fe0f8500000)
  to   space 322560K, 0% used [0x00007fe103500000,0x00007fe103500000,0x00007fe117000000)
 ParOldGen       total 749056K, used 591201K [0x00007fca40580000, 0x00007fca6e100000, 0x00007fe0c0580000)
  object space 749056K, 78% used [0x00007fca40580000,0x00007fca646d8530,0x00007fca6e100000)
 PSPermGen       total 21504K, used 6540K [0x00007fca35f80000, 0x00007fca37480000, 0x00007fca40580000)
  object space 21504K, 30% used [0x00007fca35f80000,0x00007fca365e3158,0x00007fca37480000)
Event: 23.080 GC heap after
Heap after GC invocations=22 (full 4):
 PSYoungGen      total 1082368K, used 215058K [0x00007fe0c0580000, 0x00007fe119700000, 0x00007fec00580000)
  eden space 759808K, 0% used [0x00007fe0c0580000,0x00007fe0c0580000,0x00007fe0eeb80000)
  from space 322560K, 66% used [0x00007fe103500000,0x00007fe110704be0,0x00007fe117000000)
  to   space 337408K, 0% used [0x00007fe0eeb80000,0x00007fe0eeb80000,0x00007fe103500000)
 ParOldGen       total 749056K, used 747611K [0x00007fca40580000, 0x00007fca6e100000, 0x00007fe0c0580000)
  object space 749056K, 99% used [0x00007fca40580000,0x00007fca6df96ec8,0x00007fca6e100000)
 PSPermGen       total 21504K, used 6540K [0x00007fca35f80000, 0x00007fca37480000, 0x00007fca40580000)
  object space 21504K, 30% used [0x00007fca35f80000,0x00007fca365e3158,0x00007fca37480000)
}
Event: 23.080 GC heap before
{Heap before GC invocations=23 (full 5):
 PSYoungGen      total 1082368K, used 215058K [0x00007fe0c0580000, 0x00007fe119700000, 0x00007fec00580000)
  eden space 759808K, 0% used [0x00007fe0c0580000,0x00007fe0c0580000,0x00007fe0eeb80000)
  from space 322560K, 66% used [0x00007fe103500000,0x00007fe110704be0,0x00007fe117000000)
  to   space 337408K, 0% used [0x00007fe0eeb80000,0x00007fe0eeb80000,0x00007fe103500000)
 ParOldGen       total 749056K, used 747611K [0x00007fca40580000, 0x00007fca6e100000, 0x00007fe0c0580000)
  object space 749056K, 99% used [0x00007fca40580000,0x00007fca6df96ec8,0x00007fca6e100000)
 PSPermGen       total 21504K, used 6540K [0x00007fca35f80000, 0x00007fca37480000, 0x00007fca40580000)
  object space 21504K, 30% used [0x00007fca35f80000,0x00007fca365e3158,0x00007fca37480000)

Deoptimization events (10 events):
Event: 19.756 Thread 0x00007fec041a7800 Uncommon trap: reason=bimorphic action=maybe_recompile pc=0x00007fec009e6360 method=com.android.dx.cf.code.BytecodeArray.parseInstruction(ILcom/android/dx/cf/code/BytecodeArray$Visitor;)I @ 1327
Event: 19.756 Thread 0x00007fec041a7800 Uncommon trap: reason=bimorphic action=maybe_recompile pc=0x00007fec009e6360 method=com.android.dx.cf.code.BytecodeArray.parseInstruction(ILcom/android/dx/cf/code/BytecodeArray$Visitor;)I @ 1327
Event: 20.852 Thread 0x00007fec0400a800 Uncommon trap: reason=unstable_if action=reinterpret pc=0x00007fec00929004 method=java.util.DualPivotQuicksort.sort([IIIZ)V @ 705
Event: 21.488 Thread 0x00007fec041a7800 Uncommon trap: reason=predicate action=maybe_recompile pc=0x00007fec0066c000 method=com.android.dx.ssa.DomFront.run()[Lcom/android/dx/ssa/DomFront$DomInfo; @ 175
Event: 21.488 Thread 0x00007fec041a7800 Uncommon trap: reason=unstable_if action=reinterpret pc=0x00007fec0068b0bc method=com.android.dx.ssa.SetFactory.makeDomFrontSet(I)Lcom/android/dx/util/IntSet; @ 4
Event: 21.491 Thread 0x00007fec041a7800 Uncommon trap: reason=class_check action=maybe_recompile pc=0x00007fec0071df74 method=com.android.dx.ssa.DomFront.calcDomFronts()V @ 101
Event: 21.509 Thread 0x00007fec041a7800 Uncommon trap: reason=class_check action=maybe_recompile pc=0x00007fec007646d4 method=com.android.dx.ssa.SsaConverter.placePhiFunctions(Lcom/android/dx/ssa/SsaMethod;Lcom/android/dx/ssa/LocalVariableInfo;I)V @ 257
Event: 22.236 Thread 0x00007fec041a7800 Uncommon trap: reason=class_check action=maybe_recompile pc=0x00007fec0089e354 method=com.android.dx.ssa.SCCP.simulateBranch(Lcom/android/dx/ssa/SsaInsn;)V @ 339
Event: 22.247 Thread 0x00007fec041a7800 Uncommon trap: reason=class_check action=maybe_recompile pc=0x00007fec0089e354 method=com.android.dx.ssa.SCCP.simulateBranch(Lcom/android/dx/ssa/SsaInsn;)V @ 339
Event: 22.460 Thread 0x00007fec041a7800 Uncommon trap: reason=unstable_if action=reinterpret pc=0x00007fec009df518 method=com.android.dx.ssa.InterferenceRegisterMapper.areAnyPinned(Lcom/android/dx/rop/code/RegisterSpecList;II)Z @ 68

Internal exceptions (10 events):
Event: 8.101 Thread 0x00007fec0400a800 Implicit null exception at 0x00007fec008129a1 to 0x00007fec00818681
Event: 12.396 Thread 0x00007fec0400a800 Threw 0x00007fe0c60106d8 at /build/openjdk-7-65SuYz/openjdk-7-7u85-2.6.1/build/openjdk/hotspot/src/share/vm/prims/jvm.cpp:1322
Event: 12.493 Thread 0x00007fec04191800 Threw 0x00007fe0c99c17e0 at /build/openjdk-7-65SuYz/openjdk-7-7u85-2.6.1/build/openjdk/hotspot/src/share/vm/prims/jvm.cpp:1322
Event: 12.570 Thread 0x00007fec0400a800 Threw 0x00007fe0caf8dbf8 at /build/openjdk-7-65SuYz/openjdk-7-7u85-2.6.1/build/openjdk/hotspot/src/share/vm/prims/jvm.cpp:1322
Event: 16.465 Thread 0x00007fec041af800 Implicit null exception at 0x00007fec00740ecc to 0x00007fec00742329
Event: 16.465 Thread 0x00007fec041af800 Implicit null exception at 0x00007fec00771d03 to 0x00007fec00771e75
Event: 16.467 Thread 0x00007fec041af800 Implicit null exception at 0x00007fec008262b5 to 0x00007fec008263b9
Event: 16.562 Thread 0x00007fec041a7800 Implicit null exception at 0x00007fec006e8622 to 0x00007fec006e8ff1
Event: 21.488 Thread 0x00007fec041a7800 Threw 0x00007fe0d574c0e0 at /build/openjdk-7-65SuYz/openjdk-7-7u85-2.6.1/build/openjdk/hotspot/src/share/vm/prims/jvm.cpp:1322
Event: 21.509 Thread 0x00007fec041a7800 Threw 0x00007fe0d57a6070 at /build/openjdk-7-65SuYz/openjdk-7-7u85-2.6.1/build/openjdk/hotspot/src/share/vm/prims/jvm.cpp:1322

Events (10 events):
Event: 22.247 Thread 0x00007fec041a7800 DEOPT UNPACKING pc=0x00007fec005f4445 sp=0x00007fca11632208 mode 2
Event: 22.376 Thread 0x00007fec040a9000 flushing nmethod 0x00007fec006e7e50
Event: 22.388 Thread 0x00007fec040a9000 flushing nmethod 0x00007fec006f2f90
Event: 22.392 Thread 0x00007fec040a9000 flushing nmethod 0x00007fec00740690
Event: 22.417 Thread 0x00007fec040ac000 flushing nmethod 0x00007fec00771a90
Event: 22.460 Thread 0x00007fec041a7800 Uncommon trap: trap_request=0xffffff75 fr.pc=0x00007fec009df518
Event: 22.460 Thread 0x00007fec041a7800 DEOPT PACKING pc=0x00007fec009df518 sp=0x00007fca116321b0
Event: 22.460 Thread 0x00007fec041a7800 DEOPT UNPACKING pc=0x00007fec005f4445 sp=0x00007fca116320f8 mode 2
Event: 22.588 Thread 0x00007fec040a9000 flushing nmethod 0x00007fec00826150
Event: 22.747 Executing VM operation: ParallelGCFailedAllocation


Dynamic libraries:
00400000-00401000 r-xp 00000000 fc:01 1050731                            /usr/lib/jvm/java-7-openjdk-amd64/jre/bin/java
00600000-00601000 r--p 00000000 fc:01 1050731                            /usr/lib/jvm/java-7-openjdk-amd64/jre/bin/java
00601000-00602000 rw-p 00001000 fc:01 1050731                            /usr/lib/jvm/java-7-openjdk-amd64/jre/bin/java
01f33000-01f54000 rw-p 00000000 00:00 0                                  [heap]
7fc8a8000000-7fc8a8022000 rw-p 00000000 00:00 0 
7fc8a8022000-7fc8ac000000 ---p 00000000 00:00 0 
7fc8b0000000-7fc8b0035000 rw-p 00000000 00:00 0 
7fc8b0035000-7fc8b4000000 ---p 00000000 00:00 0 
7fc8b4000000-7fc8b4024000 rw-p 00000000 00:00 0 
7fc8b4024000-7fc8b8000000 ---p 00000000 00:00 0 
7fc8b8000000-7fc8b804a000 rw-p 00000000 00:00 0 
7fc8b804a000-7fc8bc000000 ---p 00000000 00:00 0 
7fc8bc000000-7fc8bc021000 rw-p 00000000 00:00 0 
7fc8bc021000-7fc8c0000000 ---p 00000000 00:00 0 
7fc8c0000000-7fc8c0021000 rw-p 00000000 00:00 0 
7fc8c0021000-7fc8c4000000 ---p 00000000 00:00 0 
7fc8c4000000-7fc8c4021000 rw-p 00000000 00:00 0 
7fc8c4021000-7fc8c8000000 ---p 00000000 00:00 0 
7fc8c8000000-7fc8c9708000 rw-p 00000000 00:00 0 
7fc8c9708000-7fc8cc000000 ---p 00000000 00:00 0 
7fc8cc000000-7fc8cdfdb000 rw-p 00000000 00:00 0 
7fc8cdfdb000-7fc8d0000000 ---p 00000000 00:00 0 
7fc8d0000000-7fc8d0021000 rw-p 00000000 00:00 0 
7fc8d0021000-7fc8d4000000 ---p 00000000 00:00 0 
7fc8d4000000-7fc8d4021000 rw-p 00000000 00:00 0 
7fc8d4021000-7fc8d8000000 ---p 00000000 00:00 0 
7fc8d8000000-7fc8d8021000 rw-p 00000000 00:00 0 
7fc8d8021000-7fc8dc000000 ---p 00000000 00:00 0 
7fc8dc000000-7fc8dc021000 rw-p 00000000 00:00 0 
7fc8dc021000-7fc8e0000000 ---p 00000000 00:00 0 
7fc8e0000000-7fc8e0021000 rw-p 00000000 00:00 0 
7fc8e0021000-7fc8e4000000 ---p 00000000 00:00 0 
7fc8e4c7d000-7fca04000000 rw-p 00000000 00:00 0 
7fca04000000-7fca04021000 rw-p 00000000 00:00 0 
7fca04021000-7fca08000000 ---p 00000000 00:00 0 
7fca0c000000-7fca0c021000 rw-p 00000000 00:00 0 
7fca0c021000-7fca10000000 ---p 00000000 00:00 0 
7fca11331000-7fca11334000 ---p 00000000 00:00 0 
7fca11334000-7fca11432000 rw-p 00000000 00:00 0                          [stack:4034]
7fca11432000-7fca11435000 ---p 00000000 00:00 0 
7fca11435000-7fca11533000 rw-p 00000000 00:00 0                          [stack:4033]
7fca11533000-7fca11536000 ---p 00000000 00:00 0 
7fca11536000-7fca11634000 rw-p 00000000 00:00 0                          [stack:4032]
7fca11634000-7fca11637000 ---p 00000000 00:00 0 
7fca11637000-7fca11735000 rw-p 00000000 00:00 0                          [stack:4031]
7fca11735000-7fca11738000 ---p 00000000 00:00 0 
7fca11738000-7fca11867000 rw-p 00000000 00:00 0                          [stack:4030]
7fca11867000-7fca118a4000 r-xp 00000000 fc:01 7995407                    /lib/x86_64-linux-gnu/libpcre.so.3.13.1
7fca118a4000-7fca11aa3000 ---p 0003d000 fc:01 7995407                    /lib/x86_64-linux-gnu/libpcre.so.3.13.1
7fca11aa3000-7fca11aa4000 r--p 0003c000 fc:01 7995407                    /lib/x86_64-linux-gnu/libpcre.so.3.13.1
7fca11aa4000-7fca11aa5000 rw-p 0003d000 fc:01 7995407                    /lib/x86_64-linux-gnu/libpcre.so.3.13.1
7fca11aa5000-7fca11aac000 r-xp 00000000 fc:01 925605                     /usr/lib/x86_64-linux-gnu/libffi.so.6.0.1
7fca11aac000-7fca11cab000 ---p 00007000 fc:01 925605                     /usr/lib/x86_64-linux-gnu/libffi.so.6.0.1
7fca11cab000-7fca11cac000 r--p 00006000 fc:01 925605                     /usr/lib/x86_64-linux-gnu/libffi.so.6.0.1
7fca11cac000-7fca11cad000 rw-p 00007000 fc:01 925605                     /usr/lib/x86_64-linux-gnu/libffi.so.6.0.1
7fca11cad000-7fca11cc4000 r-xp 00000000 fc:01 7999777                    /lib/x86_64-linux-gnu/libresolv-2.19.so
7fca11cc4000-7fca11ec4000 ---p 00017000 fc:01 7999777                    /lib/x86_64-linux-gnu/libresolv-2.19.so
7fca11ec4000-7fca11ec5000 r--p 00017000 fc:01 7999777                    /lib/x86_64-linux-gnu/libresolv-2.19.so
7fca11ec5000-7fca11ec6000 rw-p 00018000 fc:01 7999777                    /lib/x86_64-linux-gnu/libresolv-2.19.so
7fca11ec6000-7fca11ec8000 rw-p 00000000 00:00 0 
7fca11ec8000-7fca11ee8000 r-xp 00000000 fc:01 7999781                    /lib/x86_64-linux-gnu/libselinux.so.1
7fca11ee8000-7fca120e7000 ---p 00020000 fc:01 7999781                    /lib/x86_64-linux-gnu/libselinux.so.1
7fca120e7000-7fca120e8000 r--p 0001f000 fc:01 7999781                    /lib/x86_64-linux-gnu/libselinux.so.1
7fca120e8000-7fca120e9000 rw-p 00020000 fc:01 7999781                    /lib/x86_64-linux-gnu/libselinux.so.1
7fca120e9000-7fca120eb000 rw-p 00000000 00:00 0 
7fca120eb000-7fca120ee000 r-xp 00000000 fc:01 925748                     /usr/lib/x86_64-linux-gnu/libgmodule-2.0.so.0.4002.0
7fca120ee000-7fca122ed000 ---p 00003000 fc:01 925748                     /usr/lib/x86_64-linux-gnu/libgmodule-2.0.so.0.4002.0
7fca122ed000-7fca122ee000 r--p 00002000 fc:01 925748                     /usr/lib/x86_64-linux-gnu/libgmodule-2.0.so.0.4002.0
7fca122ee000-7fca122ef000 rw-p 00003000 fc:01 925748                     /usr/lib/x86_64-linux-gnu/libgmodule-2.0.so.0.4002.0
7fca122ef000-7fca123f5000 r-xp 00000000 fc:01 7999681                    /lib/x86_64-linux-gnu/libglib-2.0.so.0.4002.0
7fca123f5000-7fca125f4000 ---p 00106000 fc:01 7999681                    /lib/x86_64-linux-gnu/libglib-2.0.so.0.4002.0
7fca125f4000-7fca125f5000 r--p 00105000 fc:01 7999681                    /lib/x86_64-linux-gnu/libglib-2.0.so.0.4002.0
7fca125f5000-7fca125f6000 rw-p 00106000 fc:01 7999681                    /lib/x86_64-linux-gnu/libglib-2.0.so.0.4002.0
7fca125f6000-7fca125f7000 rw-p 00000000 00:00 0 
7fca125f7000-7fca12646000 r-xp 00000000 fc:01 925772                     /usr/lib/x86_64-linux-gnu/libgobject-2.0.so.0.4002.0
7fca12646000-7fca12846000 ---p 0004f000 fc:01 925772                     /usr/lib/x86_64-linux-gnu/libgobject-2.0.so.0.4002.0
7fca12846000-7fca12847000 r--p 0004f000 fc:01 925772                     /usr/lib/x86_64-linux-gnu/libgobject-2.0.so.0.4002.0
7fca12847000-7fca12848000 rw-p 00050000 fc:01 925772                     /usr/lib/x86_64-linux-gnu/libgobject-2.0.so.0.4002.0
7fca12848000-7fca129b4000 r-xp 00000000 fc:01 925732                     /usr/lib/x86_64-linux-gnu/libgio-2.0.so.0.4002.0
7fca129b4000-7fca12bb3000 ---p 0016c000 fc:01 925732                     /usr/lib/x86_64-linux-gnu/libgio-2.0.so.0.4002.0
7fca12bb3000-7fca12bb7000 r--p 0016b000 fc:01 925732                     /usr/lib/x86_64-linux-gnu/libgio-2.0.so.0.4002.0
7fca12bb7000-7fca12bb9000 rw-p 0016f000 fc:01 925732                     /usr/lib/x86_64-linux-gnu/libgio-2.0.so.0.4002.0
7fca12bb9000-7fca12bbb000 rw-p 00000000 00:00 0 
7fca12bbb000-7fca12bd2000 r-xp 00000000 fc:01 1056370                    /usr/lib/jvm/java-7-openjdk-amd64/jre/lib/amd64/libnet.so
7fca12bd2000-7fca12dd1000 ---p 00017000 fc:01 1056370                    /usr/lib/jvm/java-7-openjdk-amd64/jre/lib/amd64/libnet.so
7fca12dd1000-7fca12dd2000 r--p 00016000 fc:01 1056370                    /usr/lib/jvm/java-7-openjdk-amd64/jre/lib/amd64/libnet.so
7fca12dd2000-7fca12dd3000 rw-p 00017000 fc:01 1056370                    /usr/lib/jvm/java-7-openjdk-amd64/jre/lib/amd64/libnet.so
7fca12dd3000-7fca12de3000 r-xp 00000000 fc:01 1056340                    /usr/lib/jvm/java-7-openjdk-amd64/jre/lib/amd64/libnio.so
7fca12de3000-7fca12fe3000 ---p 00010000 fc:01 1056340                    /usr/lib/jvm/java-7-openjdk-amd64/jre/lib/amd64/libnio.so
7fca12fe3000-7fca12fe4000 r--p 00010000 fc:01 1056340                    /usr/lib/jvm/java-7-openjdk-amd64/jre/lib/amd64/libnio.so
7fca12fe4000-7fca12fe5000 rw-p 00011000 fc:01 1056340                    /usr/lib/jvm/java-7-openjdk-amd64/jre/lib/amd64/libnio.so
7fca13012000-7fca1312b000 r--s 00c20000 fc:01 9045552                    /home/aaditya/Desktop/MtvConnect/mtvconnectandroid/app/build/intermediates/transforms/jarMerging/debug/jars/1/1f/combined.jar
7fca1312b000-7fca1312c000 ---p 00000000 00:00 0 
7fca1312c000-7fca1322c000 rw-p 00000000 00:00 0                          [stack:4029]
7fca1322c000-7fca1322f000 ---p 00000000 00:00 0 
7fca1322f000-7fca1332d000 rw-p 00000000 00:00 0                          [stack:4028]
7fca1332d000-7fca13330000 ---p 00000000 00:00 0 
7fca13330000-7fca1342e000 rw-p 00000000 00:00 0                          [stack:4027]
7fca1342e000-7fca13431000 ---p 00000000 00:00 0 
7fca13431000-7fca1352f000 rw-p 00000000 00:00 0                          [stack:4026]
7fca1352f000-7fca13532000 ---p 00000000 00:00 0 
7fca13532000-7fca13630000 rw-p 00000000 00:00 0                          [stack:4025]
7fca13630000-7fca138f9000 r--p 00000000 fc:01 923932                     /usr/lib/locale/locale-archive
7fca138f9000-7fca138fc000 ---p 00000000 00:00 0 
7fca138fc000-7fca139fa000 rw-p 00000000 00:00 0                          [stack:4024]
7fca139fa000-7fca139fd000 ---p 00000000 00:00 0 
7fca139fd000-7fca13afb000 rw-p 00000000 00:00 0                          [stack:4023]
7fca13afb000-7fca13afc000 ---p 00000000 00:00 0 
7fca13afc000-7fca14000000 rw-p 00000000 00:00 0                          [stack:4022]
7fca14000000-7fca1424b000 rw-p 00000000 00:00 0 
7fca1424b000-7fca18000000 ---p 00000000 00:00 0 
7fca1801c000-7fca18c15000 rw-p 00000000 00:00 0 
7fca18c15000-7fca18dc7000 r--s 01d30000 fc:01 1056334                    /usr/lib/jvm/java-7-openjdk-amd64/jre/lib/rt.jar
7fca18dc7000-7fca19928000 rw-p 00000000 00:00 0 
7fca19928000-7fca19929000 ---p 00000000 00:00 0 
7fca19929000-7fca19a29000 rw-p 00000000 00:00 0                          [stack:4021]
7fca19a29000-7fca19a2a000 ---p 00000000 00:00 0 
7fca19a2a000-7fca19b2a000 rw-p 00000000 00:00 0                          [stack:4020]
7fca19b2a000-7fca19b2b000 ---p 00000000 00:00 0 
7fca19b2b000-7fca19c2b000 rw-p 00000000 00:00 0                          [stack:4019]
7fca19c2b000-7fca19c2c000 ---p 00000000 00:00 0 
7fca19c2c000-7fca19e9a000 rw-p 00000000 00:00 0                          [stack:4018]
7fca19e9a000-7fca2512c000 rw-p 00000000 00:00 0 
7fca2512c000-7fca25137000 rw-p 00000000 00:00 0 
7fca25137000-7fca2517f000 rw-p 00000000 00:00 0 
7fca2517f000-7fca252ed000 rw-p 00000000 00:00 0 
7fca252ed000-7fca3057f000 rw-p 00000000 00:00 0 
7fca3057f000-7fca30848000 rw-p 00000000 00:00 0 
7fca30848000-7fca35f7f000 rw-p 00000000 00:00 0 
7fca35f7f000-7fca37480000 rw-p 00000000 00:00 0 
7fca37480000-7fca40580000 rw-p 00000000 00:00 0 
7fca40580000-7fca6e100000 rw-p 00000000 00:00 0 
7fca6e100000-7fe0c0580000 rw-p 00000000 00:00 0 
7fe0c0580000-7fe119700000 rw-p 00000000 00:00 0 
7fe119700000-7fec00580000 rw-p 00000000 00:00 0 
7fec00593000-7fec005bb000 rw-p 00000000 00:00 0 
7fec005bb000-7fec00a3b000 rwxp 00000000 00:00 0 
7fec00a3b000-7fec035bb000 rw-p 00000000 00:00 0 
7fec035bb000-7fec035c3000 r-xp 00000000 fc:01 1056344                    /usr/lib/jvm/java-7-openjdk-amd64/jre/lib/amd64/libzip.so
7fec035c3000-7fec037c2000 ---p 00008000 fc:01 1056344                    /usr/lib/jvm/java-7-openjdk-amd64/jre/lib/amd64/libzip.so
7fec037c2000-7fec037c3000 r--p 00007000 fc:01 1056344                    /usr/lib/jvm/java-7-openjdk-amd64/jre/lib/amd64/libzip.so
7fec037c3000-7fec037c4000 rw-p 00008000 fc:01 1056344                    /usr/lib/jvm/java-7-openjdk-amd64/jre/lib/amd64/libzip.so
7fec037c4000-7fec037cf000 r-xp 00000000 fc:01 7999726                    /lib/x86_64-linux-gnu/libnss_files-2.19.so
7fec037cf000-7fec039ce000 ---p 0000b000 fc:01 7999726                    /lib/x86_64-linux-gnu/libnss_files-2.19.so
7fec039ce000-7fec039cf000 r--p 0000a000 fc:01 7999726                    /lib/x86_64-linux-gnu/libnss_files-2.19.so
7fec039cf000-7fec039d0000 rw-p 0000b000 fc:01 7999726                    /lib/x86_64-linux-gnu/libnss_files-2.19.so
7fec039d0000-7fec039db000 r-xp 00000000 fc:01 7999736                    /lib/x86_64-linux-gnu/libnss_nis-2.19.so
7fec039db000-7fec03bda000 ---p 0000b000 fc:01 7999736                    /lib/x86_64-linux-gnu/libnss_nis-2.19.so
7fec03bda000-7fec03bdb000 r--p 0000a000 fc:01 7999736                    /lib/x86_64-linux-gnu/libnss_nis-2.19.so
7fec03bdb000-7fec03bdc000 rw-p 0000b000 fc:01 7999736                    /lib/x86_64-linux-gnu/libnss_nis-2.19.so
7fec03bdc000-7fec03bf3000 r-xp 00000000 fc:01 7999720                    /lib/x86_64-linux-gnu/libnsl-2.19.so
7fec03bf3000-7fec03df2000 ---p 00017000 fc:01 7999720                    /lib/x86_64-linux-gnu/libnsl-2.19.so
7fec03df2000-7fec03df3000 r--p 00016000 fc:01 7999720                    /lib/x86_64-linux-gnu/libnsl-2.19.so
7fec03df3000-7fec03df4000 rw-p 00017000 fc:01 7999720                    /lib/x86_64-linux-gnu/libnsl-2.19.so
7fec03df4000-7fec03df6000 rw-p 00000000 00:00 0 
7fec03df6000-7fec03dff000 r-xp 00000000 fc:01 7999722                    /lib/x86_64-linux-gnu/libnss_compat-2.19.so
7fec03dff000-7fec03ffe000 ---p 00009000 fc:01 7999722                    /lib/x86_64-linux-gnu/libnss_compat-2.19.so
7fec03ffe000-7fec03fff000 r--p 00008000 fc:01 7999722                    /lib/x86_64-linux-gnu/libnss_compat-2.19.so
7fec03fff000-7fec04000000 rw-p 00009000 fc:01 7999722                    /lib/x86_64-linux-gnu/libnss_compat-2.19.so
7fec04000000-7fec04397000 rw-p 00000000 00:00 0 
7fec04397000-7fec08000000 ---p 00000000 00:00 0 
7fec0801f000-7fec0802a000 rw-p 00000000 00:00 0 
7fec0802a000-7fec08072000 rw-p 00000000 00:00 0 
7fec08072000-7fec0809d000 r-xp 00000000 fc:01 1056352                    /usr/lib/jvm/java-7-openjdk-amd64/jre/lib/amd64/libjava.so
7fec0809d000-7fec0829d000 ---p 0002b000 fc:01 1056352                    /usr/lib/jvm/java-7-openjdk-amd64/jre/lib/amd64/libjava.so
7fec0829d000-7fec0829e000 r--p 0002b000 fc:01 1056352                    /usr/lib/jvm/java-7-openjdk-amd64/jre/lib/amd64/libjava.so
7fec0829e000-7fec082a0000 rw-p 0002c000 fc:01 1056352                    /usr/lib/jvm/java-7-openjdk-amd64/jre/lib/amd64/libjava.so
7fec082a0000-7fec082b0000 r-xp 00000000 fc:01 1056366                    /usr/lib/jvm/java-7-openjdk-amd64/jre/lib/amd64/libverify.so
7fec082b0000-7fec084af000 ---p 00010000 fc:01 1056366                    /usr/lib/jvm/java-7-openjdk-amd64/jre/lib/amd64/libverify.so
7fec084af000-7fec084b1000 r--p 0000f000 fc:01 1056366                    /usr/lib/jvm/java-7-openjdk-amd64/jre/lib/amd64/libverify.so
7fec084b1000-7fec084b2000 rw-p 00011000 fc:01 1056366                    /usr/lib/jvm/java-7-openjdk-amd64/jre/lib/amd64/libverify.so
7fec084b2000-7fec084b9000 r-xp 00000000 fc:01 7999779                    /lib/x86_64-linux-gnu/librt-2.19.so
7fec084b9000-7fec086b8000 ---p 00007000 fc:01 7999779                    /lib/x86_64-linux-gnu/librt-2.19.so
7fec086b8000-7fec086b9000 r--p 00006000 fc:01 7999779                    /lib/x86_64-linux-gnu/librt-2.19.so
7fec086b9000-7fec086ba000 rw-p 00007000 fc:01 7999779                    /lib/x86_64-linux-gnu/librt-2.19.so
7fec086ba000-7fec086d0000 r-xp 00000000 fc:01 7999677                    /lib/x86_64-linux-gnu/libgcc_s.so.1
7fec086d0000-7fec088cf000 ---p 00016000 fc:01 7999677                    /lib/x86_64-linux-gnu/libgcc_s.so.1
7fec088cf000-7fec088d0000 rw-p 00015000 fc:01 7999677                    /lib/x86_64-linux-gnu/libgcc_s.so.1
7fec088d0000-7fec089d5000 r-xp 00000000 fc:01 7999701                    /lib/x86_64-linux-gnu/libm-2.19.so
7fec089d5000-7fec08bd4000 ---p 00105000 fc:01 7999701                    /lib/x86_64-linux-gnu/libm-2.19.so
7fec08bd4000-7fec08bd5000 r--p 00104000 fc:01 7999701                    /lib/x86_64-linux-gnu/libm-2.19.so
7fec08bd5000-7fec08bd6000 rw-p 00105000 fc:01 7999701                    /lib/x86_64-linux-gnu/libm-2.19.so
7fec08bd6000-7fec08cbc000 r-xp 00000000 fc:01 926335                     /usr/lib/x86_64-linux-gnu/libstdc++.so.6.0.19
7fec08cbc000-7fec08ebb000 ---p 000e6000 fc:01 926335                     /usr/lib/x86_64-linux-gnu/libstdc++.so.6.0.19
7fec08ebb000-7fec08ec3000 r--p 000e5000 fc:01 926335                     /usr/lib/x86_64-linux-gnu/libstdc++.so.6.0.19
7fec08ec3000-7fec08ec5000 rw-p 000ed000 fc:01 926335                     /usr/lib/x86_64-linux-gnu/libstdc++.so.6.0.19
7fec08ec5000-7fec08eda000 rw-p 00000000 00:00 0 
7fec08eda000-7fec099fe000 r-xp 00000000 fc:01 1056358                    /usr/lib/jvm/java-7-openjdk-amd64/jre/lib/amd64/server/libjvm.so
7fec099fe000-7fec09bfd000 ---p 00b24000 fc:01 1056358                    /usr/lib/jvm/java-7-openjdk-amd64/jre/lib/amd64/server/libjvm.so
7fec09bfd000-7fec09c97000 r--p 00b23000 fc:01 1056358                    /usr/lib/jvm/java-7-openjdk-amd64/jre/lib/amd64/server/libjvm.so
7fec09c97000-7fec09cba000 rw-p 00bbd000 fc:01 1056358                    /usr/lib/jvm/java-7-openjdk-amd64/jre/lib/amd64/server/libjvm.so
7fec09cba000-7fec09ce8000 rw-p 00000000 00:00 0 
7fec09ce8000-7fec09d00000 r-xp 00000000 fc:01 7999814                    /lib/x86_64-linux-gnu/libz.so.1.2.8
7fec09d00000-7fec09eff000 ---p 00018000 fc:01 7999814                    /lib/x86_64-linux-gnu/libz.so.1.2.8
7fec09eff000-7fec09f00000 r--p 00017000 fc:01 7999814                    /lib/x86_64-linux-gnu/libz.so.1.2.8
7fec09f00000-7fec09f01000 rw-p 00018000 fc:01 7999814                    /lib/x86_64-linux-gnu/libz.so.1.2.8
7fec09f01000-7fec09f1a000 r-xp 00000000 fc:01 7999771                    /lib/x86_64-linux-gnu/libpthread-2.19.so
7fec09f1a000-7fec0a119000 ---p 00019000 fc:01 7999771                    /lib/x86_64-linux-gnu/libpthread-2.19.so
7fec0a119000-7fec0a11a000 r--p 00018000 fc:01 7999771                    /lib/x86_64-linux-gnu/libpthread-2.19.so
7fec0a11a000-7fec0a11b000 rw-p 00019000 fc:01 7999771                    /lib/x86_64-linux-gnu/libpthread-2.19.so
7fec0a11b000-7fec0a11f000 rw-p 00000000 00:00 0 
7fec0a11f000-7fec0a122000 r-xp 00000000 fc:01 7999667                    /lib/x86_64-linux-gnu/libdl-2.19.so
7fec0a122000-7fec0a321000 ---p 00003000 fc:01 7999667                    /lib/x86_64-linux-gnu/libdl-2.19.so
7fec0a321000-7fec0a322000 r--p 00002000 fc:01 7999667                    /lib/x86_64-linux-gnu/libdl-2.19.so
7fec0a322000-7fec0a323000 rw-p 00003000 fc:01 7999667                    /lib/x86_64-linux-gnu/libdl-2.19.so
7fec0a323000-7fec0a4de000 r-xp 00000000 fc:01 7999650                    /lib/x86_64-linux-gnu/libc-2.19.so
7fec0a4de000-7fec0a6dd000 ---p 001bb000 fc:01 7999650                    /lib/x86_64-linux-gnu/libc-2.19.so
7fec0a6dd000-7fec0a6e1000 r--p 001ba000 fc:01 7999650                    /lib/x86_64-linux-gnu/libc-2.19.so
7fec0a6e1000-7fec0a6e3000 rw-p 001be000 fc:01 7999650                    /lib/x86_64-linux-gnu/libc-2.19.so
7fec0a6e3000-7fec0a6e8000 rw-p 00000000 00:00 0 
7fec0a6e8000-7fec0a6f5000 r-xp 00000000 fc:01 1056367                    /usr/lib/jvm/java-7-openjdk-amd64/jre/lib/amd64/jli/libjli.so
7fec0a6f5000-7fec0a8f4000 ---p 0000d000 fc:01 1056367                    /usr/lib/jvm/java-7-openjdk-amd64/jre/lib/amd64/jli/libjli.so
7fec0a8f4000-7fec0a8f5000 r--p 0000c000 fc:01 1056367                    /usr/lib/jvm/java-7-openjdk-amd64/jre/lib/amd64/jli/libjli.so
7fec0a8f5000-7fec0a8f6000 rw-p 0000d000 fc:01 1056367                    /usr/lib/jvm/java-7-openjdk-amd64/jre/lib/amd64/jli/libjli.so
7fec0a8f6000-7fec0a919000 r-xp 00000000 fc:01 7999624                    /lib/x86_64-linux-gnu/ld-2.19.so
7fec0a922000-7fec0a931000 r--s 000df000 fc:01 6031816                    /home/aaditya/Downloads/sdk/build-tools/23.0.1/lib/dx.jar
7fec0a931000-7fec0a943000 rw-p 00000000 00:00 0 
7fec0a943000-7fec0a9f1000 rw-p 00000000 00:00 0 
7fec0a9f1000-7fec0a9f4000 ---p 00000000 00:00 0 
7fec0a9f4000-7fec0aaf8000 rw-p 00000000 00:00 0                          [stack:4017]
7fec0aaf8000-7fec0aafa000 r--s 00012000 fc:01 1056326                    /usr/lib/jvm/java-7-openjdk-amd64/jre/lib/ext/zipfs.jar
7fec0aafa000-7fec0aafe000 r--s 00085000 fc:01 1056327                    /usr/lib/jvm/java-7-openjdk-amd64/jre/lib/ext/localedata.jar
7fec0aafe000-7fec0ab02000 r--s 00034000 fc:01 1056329                    /usr/lib/jvm/java-7-openjdk-amd64/jre/lib/ext/sunjce_provider.jar
7fec0ab02000-7fec0ab03000 r--s 00002000 fc:01 1056331                    /usr/lib/jvm/java-7-openjdk-amd64/jre/lib/ext/dnsns.jar
7fec0ab03000-7fec0ab06000 r--s 0000f000 fc:01 1056328                    /usr/lib/jvm/java-7-openjdk-amd64/jre/lib/ext/icedtea-sound.jar
7fec0ab06000-7fec0ab0a000 r--s 0003c000 fc:01 1056330                    /usr/lib/jvm/java-7-openjdk-amd64/jre/lib/ext/sunpkcs11.jar
7fec0ab0a000-7fec0ab0c000 r--s 00006000 fc:01 1447316                    /usr/share/java/java-atk-wrapper.jar
7fec0ab0c000-7fec0ab14000 rw-s 00000000 fc:01 6689638                    /tmp/hsperfdata_aaditya/4013
7fec0ab14000-7fec0ab15000 rw-p 00000000 00:00 0 
7fec0ab15000-7fec0ab16000 ---p 00000000 00:00 0 
7fec0ab16000-7fec0ab18000 rw-p 00000000 00:00 0 
7fec0ab18000-7fec0ab19000 r--p 00022000 fc:01 7999624                    /lib/x86_64-linux-gnu/ld-2.19.so
7fec0ab19000-7fec0ab1a000 rw-p 00023000 fc:01 7999624                    /lib/x86_64-linux-gnu/ld-2.19.so
7fec0ab1a000-7fec0ab1b000 rw-p 00000000 00:00 0 
7ffd3e9df000-7ffd3ea00000 rw-p 00000000 00:00 0                          [stack]
7ffd3eabd000-7ffd3eabf000 r-xp 00000000 00:00 0                          [vdso]
7ffd3eabf000-7ffd3eac1000 r--p 00000000 00:00 0                          [vvar]
ffffffffff600000-ffffffffff601000 r-xp 00000000 00:00 0                  [vsyscall]

VM Arguments:
jvm_args: -Djava.awt.headless=true -Xmx135g -Dfile.encoding=UTF-8 -Duser.country=IN -Duser.language=en -Duser.variant 
java_command: com.android.dx.command.Main --dex --num-threads=4 --multi-dex --main-dex-list /home/aaditya/Desktop/MtvConnect/mtvconnectandroid/app/build/intermediates/multi-dex/debug/maindexlist.txt --output /home/aaditya/Desktop/MtvConnect/mtvconnectandroid/app/build/intermediates/transforms/dex/debug/folders/1000/1f/main /home/aaditya/Desktop/MtvConnect/mtvconnectandroid/app/build/intermediates/transforms/jarMerging/debug/jars/1/1f/combined.jar
Launcher Type: SUN_STANDARD

Environment Variables:
JAVA_HOME=/usr/lib/jvm/java-7-openjdk-amd64
PATH=/usr/local/sbin:/usr/local/bin:/usr/sbin:/usr/bin:/sbin:/bin:/usr/games:/usr/local/games:/usr/lib/jvm/java-7-openjdk-amd64:/home/aaditya/Downloads/android-studio/bin
USERNAME=aaditya
LD_LIBRARY_PATH=/home/aaditya/Downloads/android-studio/bin:
SHELL=/bin/bash
DISPLAY=:0

Signal Handlers:
SIGSEGV: [libjvm.so+0x954820], sa_mask[0]=0x7ffbfeff, sa_flags=0x10000004
SIGBUS: [libjvm.so+0x954820], sa_mask[0]=0x7ffbfeff, sa_flags=0x10000004
SIGFPE: [libjvm.so+0x7cb150], sa_mask[0]=0x7ffbfeff, sa_flags=0x10000004
SIGPIPE: [libjvm.so+0x7cb150], sa_mask[0]=0x7ffbfeff, sa_flags=0x10000004
SIGXFSZ: [libjvm.so+0x7cb150], sa_mask[0]=0x7ffbfeff, sa_flags=0x10000004
SIGILL: [libjvm.so+0x7cb150], sa_mask[0]=0x7ffbfeff, sa_flags=0x10000004
SIGUSR1: SIG_DFL, sa_mask[0]=0x00000000, sa_flags=0x00000000
SIGUSR2: [libjvm.so+0x7caff0], sa_mask[0]=0x00000004, sa_flags=0x10000004
SIGHUP: [libjvm.so+0x7cb1d0], sa_mask[0]=0x7ffbfeff, sa_flags=0x10000004
SIGINT: [libjvm.so+0x7cb1d0], sa_mask[0]=0x7ffbfeff, sa_flags=0x10000004
SIGTERM: [libjvm.so+0x7cb1d0], sa_mask[0]=0x7ffbfeff, sa_flags=0x10000004
SIGQUIT: [libjvm.so+0x7cb1d0], sa_mask[0]=0x7ffbfeff, sa_flags=0x10000004
SIGTRAP: SIG_DFL, sa_mask[0]=0x00000000, sa_flags=0x00000000


---------------  S Y S T E M  ---------------

OS:LinuxMint 17.2 (rafaela)
uname:Linux 3.16.0-38-generic #52~14.04.1-Ubuntu SMP Fri May 8 09:43:57 UTC 2015 x86_64
libc:glibc 2.19 NPTL 2.19 
rlimit: STACK 8192k, CORE 0k, NPROC 31345, NOFILE 4096, AS infinity
load average:3.87 2.47 1.24

/proc/meminfo:
MemTotal:        8056428 kB
MemFree:         2784232 kB
MemAvailable:    3711664 kB
Buffers:          112140 kB
Cached:          1026356 kB
SwapCached:            0 kB
Active:          4509596 kB
Inactive:         543628 kB
Active(anon):    3915756 kB
Inactive(anon):    80644 kB
Active(file):     593840 kB
Inactive(file):   462984 kB
Unevictable:           0 kB
Mlocked:               0 kB
SwapTotal:       8269820 kB
SwapFree:        8269820 kB
Dirty:            154904 kB
Writeback:             0 kB
AnonPages:       3918820 kB
Mapped:           191208 kB
Shmem:             81676 kB
Slab:             110840 kB
SReclaimable:      79104 kB
SUnreclaim:        31736 kB
KernelStack:        7680 kB
PageTables:        23656 kB
NFS_Unstable:          0 kB
Bounce:                0 kB
WritebackTmp:          0 kB
CommitLimit:    12298032 kB
Committed_AS:   25118520 kB
VmallocTotal:   34359738367 kB
VmallocUsed:      360584 kB
VmallocChunk:   34359372252 kB
HardwareCorrupted:     0 kB
AnonHugePages:   2916352 kB
HugePages_Total:       0
HugePages_Free:        0
HugePages_Rsvd:        0
HugePages_Surp:        0
Hugepagesize:       2048 kB
DirectMap4k:       81536 kB
DirectMap2M:     8187904 kB


CPU:total 4 (2 cores per cpu, 2 threads per core) family 6 model 42 stepping 7, cmov, cx8, fxsr, mmx, sse, sse2, sse3, ssse3, sse4.1, sse4.2, popcnt, avx, aes, ht, tsc, tscinvbit

/proc/cpuinfo:
processor	: 0
vendor_id	: GenuineIntel
cpu family	: 6
model		: 42
model name	: Intel(R) Core(TM) i5-2410M CPU @ 2.30GHz
stepping	: 7
microcode	: 0x28
cpu MHz		: 2100.007
cache size	: 3072 KB
physical id	: 0
siblings	: 4
core id		: 0
cpu cores	: 2
apicid		: 0
initial apicid	: 0
fpu		: yes
fpu_exception	: yes
cpuid level	: 13
wp		: yes
flags		: fpu vme de pse tsc msr pae mce cx8 apic sep mtrr pge mca cmov pat pse36 clflush dts acpi mmx fxsr sse sse2 ss ht tm pbe syscall nx rdtscp lm constant_tsc arch_perfmon pebs bts nopl xtopology nonstop_tsc aperfmperf eagerfpu pni pclmulqdq dtes64 monitor ds_cpl vmx est tm2 ssse3 cx16 xtpr pdcm pcid sse4_1 sse4_2 x2apic popcnt tsc_deadline_timer aes xsave avx lahf_lm ida arat epb xsaveopt pln pts dtherm tpr_shadow vnmi flexpriority ept vpid
bogomips	: 4585.02
clflush size	: 64
cache_alignment	: 64
address sizes	: 36 bits physical, 48 bits virtual
power management:

processor	: 1
vendor_id	: GenuineIntel
cpu family	: 6
model		: 42
model name	: Intel(R) Core(TM) i5-2410M CPU @ 2.30GHz
stepping	: 7
microcode	: 0x28
cpu MHz		: 2100.007
cache size	: 3072 KB
physical id	: 0
siblings	: 4
core id		: 0
cpu cores	: 2
apicid		: 1
initial apicid	: 1
fpu		: yes
fpu_exception	: yes
cpuid level	: 13
wp		: yes
flags		: fpu vme de pse tsc msr pae mce cx8 apic sep mtrr pge mca cmov pat pse36 clflush dts acpi mmx fxsr sse sse2 ss ht tm pbe syscall nx rdtscp lm constant_tsc arch_perfmon pebs bts nopl xtopology nonstop_tsc aperfmperf eagerfpu pni pclmulqdq dtes64 monitor ds_cpl vmx est tm2 ssse3 cx16 xtpr pdcm pcid sse4_1 sse4_2 x2apic popcnt tsc_deadline_timer aes xsave avx lahf_lm ida arat epb xsaveopt pln pts dtherm tpr_shadow vnmi flexpriority ept vpid
bogomips	: 4585.02
clflush size	: 64
cache_alignment	: 64
address sizes	: 36 bits physical, 48 bits virtual
power management:

processor	: 2
vendor_id	: GenuineIntel
cpu family	: 6
model		: 42
model name	: Intel(R) Core(TM) i5-2410M CPU @ 2.30GHz
stepping	: 7
microcode	: 0x28
cpu MHz		: 2100.007
cache size	: 3072 KB
physical id	: 0
siblings	: 4
core id		: 1
cpu cores	: 2
apicid		: 2
initial apicid	: 2
fpu		: yes
fpu_exception	: yes
cpuid level	: 13
wp		: yes
flags		: fpu vme de pse tsc msr pae mce cx8 apic sep mtrr pge mca cmov pat pse36 clflush dts acpi mmx fxsr sse sse2 ss ht tm pbe syscall nx rdtscp lm constant_tsc arch_perfmon pebs bts nopl xtopology nonstop_tsc aperfmperf eagerfpu pni pclmulqdq dtes64 monitor ds_cpl vmx est tm2 ssse3 cx16 xtpr pdcm pcid sse4_1 sse4_2 x2apic popcnt tsc_deadline_timer aes xsave avx lahf_lm ida arat epb xsaveopt pln pts dtherm tpr_shadow vnmi flexpriority ept vpid
bogomips	: 4585.02
clflush size	: 64
cache_alignment	: 64
address sizes	: 36 bits physical, 48 bits virtual
power management:

processor	: 3
vendor_id	: GenuineIntel
cpu family	: 6
model		: 42
model name	: Intel(R) Core(TM) i5-2410M CPU @ 2.30GHz
stepping	: 7
microcode	: 0x28
cpu MHz		: 2165.144
cache size	: 3072 KB
physical id	: 0
siblings	: 4
core id		: 1
cpu cores	: 2
apicid		: 3
initial apicid	: 3
fpu		: yes
fpu_exception	: yes
cpuid level	: 13
wp		: yes
flags		: fpu vme de pse tsc msr pae mce cx8 apic sep mtrr pge mca cmov pat pse36 clflush dts acpi mmx fxsr sse sse2 ss ht tm pbe syscall nx rdtscp lm constant_tsc arch_perfmon pebs bts nopl xtopology nonstop_tsc aperfmperf eagerfpu pni pclmulqdq dtes64 monitor ds_cpl vmx est tm2 ssse3 cx16 xtpr pdcm pcid sse4_1 sse4_2 x2apic popcnt tsc_deadline_timer aes xsave avx lahf_lm ida arat epb xsaveopt pln pts dtherm tpr_shadow vnmi flexpriority ept vpid
bogomips	: 4585.02
clflush size	: 64
cache_alignment	: 64
address sizes	: 36 bits physical, 48 bits virtual
power management:



Memory: 4k page, physical 8056428k(2784232k free), swap 8269820k(8269820k free)

vm_info: OpenJDK 64-Bit Server VM (24.85-b03) for linux-amd64 JRE (1.7.0_85-b01), built on Oct 22 2015 06:46:50 by "buildd" with gcc 4.8.2

time: Sun Dec 13 20:13:56 2015
elapsed time: 23 seconds

