#
# A fatal error has been detected by the Java Runtime Environment:
#
#  SIGSEGV (0xb) at pc=0x00007f862f8198a2, pid=13734, tid=140214264526592
#
# JRE version: OpenJDK Runtime Environment (7.0_85-b01) (build 1.7.0_85-b01)
# Java VM: OpenJDK 64-Bit Server VM (24.85-b03 mixed mode linux-amd64 )
# Derivative: IcedTea 2.6.1
# Distribution: Ubuntu 14.04 LTS, package 7u85-2.6.1-5ubuntu0.14.04.1
# Problematic frame:
# V  [libjvm.so+0x8398a2]  oopDesc* PSPromotionManager::copy_to_survivor_space<false>(oopDesc*)+0x522
#
# Failed to write core dump. Core dumps have been disabled. To enable core dumping, try "ulimit -c unlimited" before starting Java again
#
# If you would like to submit a bug report, please include
# instructions on how to reproduce the bug and visit:
#   http://icedtea.classpath.org/bugzilla
#

---------------  T H R E A D  ---------------

Current thread (0x00007f8628020800):  GCTaskThread [stack: 0x00007f862d5df000,0x00007f862d6e0000] [id=13740]

siginfo:si_signo=SIGSEGV: si_errno=0, si_code=1 (SEGV_MAPERR), si_addr=0x00000000000000d8

Registers:
RAX=0x00007f64a8b1c480, RBX=0x00007f7b41a65020, RCX=0x0000000000000000, RDX=0x00007f64a8b1c480
RSP=0x00007f862d6dec20, RBP=0x00007f862d6dec80, RSI=0x00007f8628073860, RDI=0x00007f645aef7bb8
R8 =0x0000000000000001, R9 =0x0000001698f48bb0, R10=0x0000001698f48ba0, R11=0x0000000000079c00
R12=0x00007f64a8b1c480, R13=0x0000000000000015, R14=0x00007f8628073860, R15=0x0000000004a0206c
RIP=0x00007f862f8198a2, EFLAGS=0x0000000000010213, CSGSFS=0x0000000000000033, ERR=0x0000000000000004
  TRAPNO=0x000000000000000e

Top of Stack: (sp=0x00007f862d6dec20)
0x00007f862d6dec20:   0000000000000028 00007f862801b720
0x00007f862d6dec30:   0000000025010360 00007f64a8b1c480
0x00007f862d6dec40:   00007f7b2ea31100 0000000000001000
0x00007f862d6dec50:   00007f86300128a4 00007f8628073860
0x00007f862d6dec60:   00007f7b2ea32d78 0000000000000000
0x00007f862d6dec70:   00007f86280738d0 00007f6449e0eb68
0x00007f862d6dec80:   00007f862d6decf0 00007f862f818c78
0x00007f862d6dec90:   00007f8628073860 00007f8628073900
0x00007f862d6deca0:   00007f6449c04d81 0000000000000240
0x00007f862d6decb0:   00007f862d6decf0 00007f862f59f0b5
0x00007f862d6decc0:   00007f8628021828 00007f64a6f6d000
0x00007f862d6decd0:   00007f6449e0eb68 00007f862801b740
0x00007f862d6dece0:   00007f6449e0eb81 00007f6449e0eb68
0x00007f862d6decf0:   00007f862d6ded90 00007f862f39c504
0x00007f862d6ded00:   00007f6449e0eb80 00007f6449e0eb01
0x00007f862d6ded10:   0000000000000200 0000000000000100
0x00007f862d6ded20:   00007f64a8b1c480 00007f6449e0ed00
0x00007f862d6ded30:   00007f64a6f70000 00007f6449e1c8e3
0x00007f862d6ded40:   00007f64a6f6d010 00007f8628073860
0x00007f862d6ded50:   00007f6449e0eb68 00007f862801b470
0x00007f862d6ded60:   0000000000000000 00007f8628028180
0x00007f862d6ded70:   00007f8628073860 00007f862f9981e6
0x00007f862d6ded80:   00007f8628020800 00007f862fdc9502
0x00007f862d6ded90:   00007f862d6dedc0 00007f862f81c47b
0x00007f862d6deda0:   0000000000000004 00007f62f0fb3f60
0x00007f862d6dedb0:   0000000000000001 00007f8628028180
0x00007f862d6dedc0:   00007f862d6deed0 00007f862f52ab22
0x00007f862d6dedd0:   00000000000003d8 00007f8628020e38
0x00007f862d6dede0:   00007f8628020a60 00007f862d6dee60
0x00007f862d6dedf0:   00007f8628020a20 00007f8628020a50
0x00007f862d6dee00:   00007f862d6dee10 0000000000000000
0x00007f862d6dee10:   0000000000000000 00007f8628021800 

Instructions: (pc=0x00007f862f8198a2)
0x00007f862f819882:   18 ff ff ff bf 4c 89 e0 0f 87 83 fc ff ff 48 8b
0x00007f862f819892:   4a 10 48 8d 7a 10 4c 89 65 b8 4c 89 e2 4c 89 f6
0x00007f862f8198a2:   ff 91 d8 00 00 00 48 8b 45 b8 e9 62 fc ff ff 0f
0x00007f862f8198b2:   1f 80 00 00 00 00 3c 01 48 8d 05 4b 71 58 00 89 

Register to memory mapping:

RAX=0x00007f64a8b1c480 is an oop

[error occurred during error reporting (printing register info), id 0xb]

Stack: [0x00007f862d5df000,0x00007f862d6e0000],  sp=0x00007f862d6dec20,  free space=1023k
Native frames: (J=compiled Java code, j=interpreted, Vv=VM code, C=native code)
V  [libjvm.so+0x8398a2]  oopDesc* PSPromotionManager::copy_to_survivor_space<false>(oopDesc*)+0x522
V  [libjvm.so+0x838c78]  PSPromotionManager::drain_stacks_depth(bool)+0x5c8
V  [libjvm.so+0x3bc504]  CardTableExtension::scavenge_contents_parallel(ObjectStartArray*, MutableSpace*, HeapWord*, PSPromotionManager*, unsigned int, unsigned int)+0x934
V  [libjvm.so+0x83c47b]  OldToYoungRootsTask::do_it(GCTaskManager*, unsigned int)+0x4b
V  [libjvm.so+0x54ab22]  GCTaskThread::run()+0x162
V  [libjvm.so+0x7cc7e2]  java_start(Thread*)+0xf2


---------------  P R O C E S S  ---------------

Java Threads: ( => current thread )
  0x00007f862816f800 JavaThread "pool-1-thread-1" [_thread_blocked, id=13763, stack(0x00007f62d7eff000,0x00007f62d8000000)]
  0x00007f86281a3800 JavaThread "pool-2-thread-4" [_thread_blocked, id=13756, stack(0x00007f630c0cb000,0x00007f630c1cc000)]
  0x00007f86281a2000 JavaThread "pool-2-thread-3" [_thread_blocked, id=13755, stack(0x00007f630c1cc000,0x00007f630c2cd000)]
  0x00007f86281a0000 JavaThread "pool-2-thread-2" [_thread_blocked, id=13754, stack(0x00007f630c2cd000,0x00007f630c3ce000)]
  0x00007f8628195800 JavaThread "pool-3-thread-1" [_thread_blocked, id=13753, stack(0x00007f630c3ce000,0x00007f630c4cf000)]
  0x00007f8628191800 JavaThread "pool-2-thread-1" [_thread_blocked, id=13752, stack(0x00007f630c4cf000,0x00007f630c5d0000)]
  0x00007f86280ae800 JavaThread "Service Thread" daemon [_thread_blocked, id=13750, stack(0x00007f643d36f000,0x00007f643d470000)]
  0x00007f86280ac000 JavaThread "C2 CompilerThread1" daemon [_thread_blocked, id=13749, stack(0x00007f643d470000,0x00007f643d571000)]
  0x00007f86280a9000 JavaThread "C2 CompilerThread0" daemon [_thread_blocked, id=13748, stack(0x00007f643d571000,0x00007f643d672000)]
  0x00007f86280a7000 JavaThread "Signal Dispatcher" daemon [_thread_blocked, id=13747, stack(0x00007f643d672000,0x00007f643d773000)]
  0x00007f862807c800 JavaThread "Finalizer" daemon [_thread_blocked, id=13746, stack(0x00007f643da3c000,0x00007f643db3d000)]
  0x00007f862807a800 JavaThread "Reference Handler" daemon [_thread_blocked, id=13745, stack(0x00007f643db3d000,0x00007f643dc3e000)]
  0x00007f862800a800 JavaThread "main" [_thread_blocked, id=13737, stack(0x00007f8630af7000,0x00007f8630bf8000)]

Other Threads:
  0x00007f8628076000 VMThread [stack: 0x00007f643dc3e000,0x00007f643dd3f000] [id=13744]
  0x00007f86280b9800 WatcherThread [stack: 0x00007f643d26e000,0x00007f643d36f000] [id=13751]

=>0x00007f8628020800 (exited) GCTaskThread [stack: 0x00007f862d5df000,0x00007f862d6e0000] [id=13740]

VM state:at safepoint (normal execution)

VM Mutex/Monitor currently owned by a thread:  ([mutex/lock_event])
[0x00007f8628006b40] Threads_lock - owner thread: 0x00007f8628076000
[0x00007f8628007040] Heap_lock - owner thread: 0x00007f86281a3800

Heap
 PSYoungGen      total 1364992K, used 1331269K [0x00007f7ae5000000, 0x00007f7b51380000, 0x00007f8625000000)
  eden space 1069056K, 100% used [0x00007f7ae5000000,0x00007f7b26400000,0x00007f7b26400000)
  from space 295936K, 88% used [0x00007f7b3a800000,0x00007f7b4a811488,0x00007f7b4c900000)
  to   space 331776K, 99% used [0x00007f7b26400000,0x00007f7b3a7fbb38,0x00007f7b3a800000)
 ParOldGen       total 1993728K, used 1816984K [0x00007f6465000000, 0x00007f64deb00000, 0x00007f7ae5000000)
  object space 1993728K, 91% used [0x00007f6465000000,0x00007f64d3e66058,0x00007f64deb00000)
 PSPermGen       total 21504K, used 6791K [0x00007f645aa00000, 0x00007f645bf00000, 0x00007f6465000000)
  object space 21504K, 31% used [0x00007f645aa00000,0x00007f645b0a1d38,0x00007f645bf00000)

Card table byte_map: [0x00007f6449bac000,0x00007f645aa00000] byte_map_base: 0x00007f24978d7000

Polling page: 0x00007f8630c1b000

Code Cache  [0x00007f8625000000, 0x00007f86254d0000, 0x00007f8628000000)
 total_blobs=1802 nmethods=1571 adapters=184 free_code_cache=44289Kb largest_free_block=45287168

Compilation events (10 events):
Event: 29.569 Thread 0x00007f86280ac000 nmethod 1640 0x00007f86254c3050 code [0x00007f86254c31a0, 0x00007f86254c3298]
Event: 29.569 Thread 0x00007f86280ac000 1641             com.android.dx.cf.direct.DirectClassFile::getMajorVersion0 (10 bytes)
Event: 29.571 Thread 0x00007f86280ac000 nmethod 1641 0x00007f86254c4ed0 code [0x00007f86254c5020, 0x00007f86254c5118]
Event: 29.571 Thread 0x00007f86280ac000 1642             com.android.dx.cf.direct.DirectClassFile::isGoodVersion (38 bytes)
Event: 29.571 Thread 0x00007f86280ac000 nmethod 1642 0x00007f86254c4b90 code [0x00007f86254c4ce0, 0x00007f86254c4db8]
Event: 29.571 Thread 0x00007f86280ac000 1643             com.android.dx.rop.code.RegisterSpecSet::findMatchingLocal (49 bytes)
Event: 29.578 Thread 0x00007f86280ac000 nmethod 1643 0x00007f86254cbc10 code [0x00007f86254cbd80, 0x00007f86254cc2b8]
Event: 29.581 Thread 0x00007f86280ac000 1644             com.android.dx.rop.code.RegisterSpec::matchesVariable (68 bytes)
Event: 29.590 Thread 0x00007f86280ac000 nmethod 1644 0x00007f86254c8590 code [0x00007f86254c8700, 0x00007f86254c8b78]
Event: 29.590 Thread 0x00007f86280ac000 1645             com.android.dx.dex.code.StdCatchBuilder::build (262 bytes)

GC Heap History (10 events):
Event: 20.574 GC heap after
Heap after GC invocations=22 (full 5):
 PSYoungGen      total 1146880K, used 162326K [0x00007f7ae5000000, 0x00007f7b42500000, 0x00007f8625000000)
  eden space 923648K, 0% used [0x00007f7ae5000000,0x00007f7ae5000000,0x00007f7b1d600000)
  from space 223232K, 72% used [0x00007f7b1d600000,0x00007f7b27485ba8,0x00007f7b2b000000)
  to   space 237568K, 0% used [0x00007f7b33d00000,0x00007f7b33d00000,0x00007f7b42500000)
 ParOldGen       total 1015808K, used 793965K [0x00007f6465000000, 0x00007f64a3000000, 0x00007f7ae5000000)
  object space 1015808K, 78% used [0x00007f6465000000,0x00007f649575b6c0,0x00007f64a3000000)
 PSPermGen       total 21504K, used 6547K [0x00007f645aa00000, 0x00007f645bf00000, 0x00007f6465000000)
  object space 21504K, 30% used [0x00007f645aa00000,0x00007f645b064ca0,0x00007f645bf00000)
}
Event: 22.071 GC heap before
{Heap before GC invocations=23 (full 5):
 PSYoungGen      total 1146880K, used 1085974K [0x00007f7ae5000000, 0x00007f7b42500000, 0x00007f8625000000)
  eden space 923648K, 100% used [0x00007f7ae5000000,0x00007f7b1d600000,0x00007f7b1d600000)
  from space 223232K, 72% used [0x00007f7b1d600000,0x00007f7b27485ba8,0x00007f7b2b000000)
  to   space 237568K, 0% used [0x00007f7b33d00000,0x00007f7b33d00000,0x00007f7b42500000)
 ParOldGen       total 1015808K, used 793965K [0x00007f6465000000, 0x00007f64a3000000, 0x00007f7ae5000000)
  object space 1015808K, 78% used [0x00007f6465000000,0x00007f649575b6c0,0x00007f64a3000000)
 PSPermGen       total 21504K, used 6551K [0x00007f645aa00000, 0x00007f645bf00000, 0x00007f6465000000)
  object space 21504K, 30% used [0x00007f645aa00000,0x00007f645b065fd0,0x00007f645bf00000)
Event: 22.546 GC heap after
Heap after GC invocations=23 (full 5):
 PSYoungGen      total 1214464K, used 237539K [0x00007f7ae5000000, 0x00007f7b4c380000, 0x00007f8625000000)
  eden space 976896K, 0% used [0x00007f7ae5000000,0x00007f7ae5000000,0x00007f7b20a00000)
  from space 237568K, 99% used [0x00007f7b33d00000,0x00007f7b424f8db8,0x00007f7b42500000)
  to   space 314368K, 0% used [0x00007f7b20a00000,0x00007f7b20a00000,0x00007f7b33d00000)
 ParOldGen       total 1015808K, used 896130K [0x00007f6465000000, 0x00007f64a3000000, 0x00007f7ae5000000)
  object space 1015808K, 88% used [0x00007f6465000000,0x00007f649bb20980,0x00007f64a3000000)
 PSPermGen       total 21504K, used 6551K [0x00007f645aa00000, 0x00007f645bf00000, 0x00007f6465000000)
  object space 21504K, 30% used [0x00007f645aa00000,0x00007f645b065fd0,0x00007f645bf00000)
}
Event: 22.546 GC heap before
{Heap before GC invocations=24 (full 6):
 PSYoungGen      total 1214464K, used 237539K [0x00007f7ae5000000, 0x00007f7b4c380000, 0x00007f8625000000)
  eden space 976896K, 0% used [0x00007f7ae5000000,0x00007f7ae5000000,0x00007f7b20a00000)
  from space 237568K, 99% used [0x00007f7b33d00000,0x00007f7b424f8db8,0x00007f7b42500000)
  to   space 314368K, 0% used [0x00007f7b20a00000,0x00007f7b20a00000,0x00007f7b33d00000)
 ParOldGen       total 1015808K, used 896130K [0x00007f6465000000, 0x00007f64a3000000, 0x00007f7ae5000000)
  object space 1015808K, 88% used [0x00007f6465000000,0x00007f649bb20980,0x00007f64a3000000)
 PSPermGen       total 21504K, used 6551K [0x00007f645aa00000, 0x00007f645bf00000, 0x00007f6465000000)
  object space 21504K, 30% used [0x00007f645aa00000,0x00007f645b065fd0,0x00007f645bf00000)
Event: 24.479 GC heap after
Heap after GC invocations=24 (full 6):
 PSYoungGen      total 1214464K, used 93052K [0x00007f7ae5000000, 0x00007f7b4c380000, 0x00007f8625000000)
  eden space 976896K, 0% used [0x00007f7ae5000000,0x00007f7ae5000000,0x00007f7b20a00000)
  from space 237568K, 39% used [0x00007f7b33d00000,0x00007f7b397df2e8,0x00007f7b42500000)
  to   space 314368K, 0% used [0x00007f7b20a00000,0x00007f7b20a00000,0x00007f7b33d00000)
 ParOldGen       total 1387008K, used 1015702K [0x00007f6465000000, 0x00007f64b9a80000, 0x00007f7ae5000000)
  object space 1387008K, 73% used [0x00007f6465000000,0x00007f64a2fe5a20,0x00007f64b9a80000)
 PSPermGen       total 21504K, used 6551K [0x00007f645aa00000, 0x00007f645bf00000, 0x00007f6465000000)
  object space 21504K, 30% used [0x00007f645aa00000,0x00007f645b065f90,0x00007f645bf00000)
}
Event: 26.234 GC heap before
{Heap before GC invocations=25 (full 6):
 PSYoungGen      total 1214464K, used 1069948K [0x00007f7ae5000000, 0x00007f7b4c380000, 0x00007f8625000000)
  eden space 976896K, 100% used [0x00007f7ae5000000,0x00007f7b20a00000,0x00007f7b20a00000)
  from space 237568K, 39% used [0x00007f7b33d00000,0x00007f7b397df2e8,0x00007f7b42500000)
  to   space 314368K, 0% used [0x00007f7b20a00000,0x00007f7b20a00000,0x00007f7b33d00000)
 ParOldGen       total 1387008K, used 1015702K [0x00007f6465000000, 0x00007f64b9a80000, 0x00007f7ae5000000)
  object space 1387008K, 73% used [0x00007f6465000000,0x00007f64a2fe5a20,0x00007f64b9a80000)
 PSPermGen       total 21504K, used 6552K [0x00007f645aa00000, 0x00007f645bf00000, 0x00007f6465000000)
  object space 21504K, 30% used [0x00007f645aa00000,0x00007f645b066048,0x00007f645bf00000)
Event: 26.554 GC heap after
Heap after GC invocations=25 (full 6):
 PSYoungGen      total 1291264K, used 110500K [0x00007f7ae5000000, 0x00007f7b4c900000, 0x00007f8625000000)
  eden space 976896K, 0% used [0x00007f7ae5000000,0x00007f7ae5000000,0x00007f7b20a00000)
  from space 314368K, 35% used [0x00007f7b20a00000,0x00007f7b275e9030,0x00007f7b33d00000)
  to   space 295936K, 0% used [0x00007f7b3a800000,0x00007f7b3a800000,0x00007f7b4c900000)
 ParOldGen       total 1387008K, used 1109105K [0x00007f6465000000, 0x00007f64b9a80000, 0x00007f7ae5000000)
  object space 1387008K, 79% used [0x00007f6465000000,0x00007f64a8b1c480,0x00007f64b9a80000)
 PSPermGen       total 21504K, used 6552K [0x00007f645aa00000, 0x00007f645bf00000, 0x00007f6465000000)
  object space 21504K, 30% used [0x00007f645aa00000,0x00007f645b066048,0x00007f645bf00000)
}
Event: 27.786 GC heap before
{Heap before GC invocations=26 (full 6):
 PSYoungGen      total 1291264K, used 1087396K [0x00007f7ae5000000, 0x00007f7b4c900000, 0x00007f8625000000)
  eden space 976896K, 100% used [0x00007f7ae5000000,0x00007f7b20a00000,0x00007f7b20a00000)
  from space 314368K, 35% used [0x00007f7b20a00000,0x00007f7b275e9030,0x00007f7b33d00000)
  to   space 295936K, 0% used [0x00007f7b3a800000,0x00007f7b3a800000,0x00007f7b4c900000)
 ParOldGen       total 1387008K, used 1109105K [0x00007f6465000000, 0x00007f64b9a80000, 0x00007f7ae5000000)
  object space 1387008K, 79% used [0x00007f6465000000,0x00007f64a8b1c480,0x00007f64b9a80000)
 PSPermGen       total 21504K, used 6651K [0x00007f645aa00000, 0x00007f645bf00000, 0x00007f6465000000)
  object space 21504K, 30% used [0x00007f645aa00000,0x00007f645b07eeb0,0x00007f645bf00000)
Event: 28.087 GC heap after
Heap after GC invocations=26 (full 6):
 PSYoungGen      total 1364992K, used 262213K [0x00007f7ae5000000, 0x00007f7b51380000, 0x00007f8625000000)
  eden space 1069056K, 0% used [0x00007f7ae5000000,0x00007f7ae5000000,0x00007f7b26400000)
  from space 295936K, 88% used [0x00007f7b3a800000,0x00007f7b4a811488,0x00007f7b4c900000)
  to   space 331776K, 0% used [0x00007f7b26400000,0x00007f7b26400000,0x00007f7b3a800000)
 ParOldGen       total 1387008K, used 1109105K [0x00007f6465000000, 0x00007f64b9a80000, 0x00007f7ae5000000)
  object space 1387008K, 79% used [0x00007f6465000000,0x00007f64a8b1c480,0x00007f64b9a80000)
 PSPermGen       total 21504K, used 6651K [0x00007f645aa00000, 0x00007f645bf00000, 0x00007f6465000000)
  object space 21504K, 30% used [0x00007f645aa00000,0x00007f645b07eeb0,0x00007f645bf00000)
}
Event: 29.605 GC heap before
{Heap before GC invocations=27 (full 6):
 PSYoungGen      total 1364992K, used 1331269K [0x00007f7ae5000000, 0x00007f7b51380000, 0x00007f8625000000)
  eden space 1069056K, 100% used [0x00007f7ae5000000,0x00007f7b26400000,0x00007f7b26400000)
  from space 295936K, 88% used [0x00007f7b3a800000,0x00007f7b4a811488,0x00007f7b4c900000)
  to   space 331776K, 0% used [0x00007f7b26400000,0x00007f7b26400000,0x00007f7b3a800000)
 ParOldGen       total 1387008K, used 1109105K [0x00007f6465000000, 0x00007f64b9a80000, 0x00007f7ae5000000)
  object space 1387008K, 79% used [0x00007f6465000000,0x00007f64a8b1c480,0x00007f64b9a80000)
 PSPermGen       total 21504K, used 6791K [0x00007f645aa00000, 0x00007f645bf00000, 0x00007f6465000000)
  object space 21504K, 31% used [0x00007f645aa00000,0x00007f645b0a1d38,0x00007f645bf00000)

Deoptimization events (10 events):
Event: 29.442 Thread 0x00007f862816f800 Uncommon trap: reason=unstable_if action=reinterpret pc=0x00007f86250afdac method=java.util.Arrays.equals([Ljava/lang/Object;[Ljava/lang/Object;)Z @ 23
Event: 29.444 Thread 0x00007f862816f800 Uncommon trap: reason=class_check action=maybe_recompile pc=0x00007f86250a966c method=com.android.dx.util.FixedSizeList.equals(Ljava/lang/Object;)Z @ 25
Event: 29.448 Thread 0x00007f862816f800 Uncommon trap: reason=predicate action=maybe_recompile pc=0x00007f8625430ba0 method=java.util.ComparableTimSort.binarySort([Ljava/lang/Object;III)V @ 37
Event: 29.449 Thread 0x00007f862816f800 Uncommon trap: reason=unstable_if action=reinterpret pc=0x00007f86250f31d8 method=java.util.TreeMap.put(Ljava/lang/Object;Ljava/lang/Object;)Ljava/lang/Object; @ 163
Event: 29.477 Thread 0x00007f862816f800 Uncommon trap: reason=array_check action=maybe_recompile pc=0x00007f86254ba578 method=java.util.ComparableTimSort.binarySort([Ljava/lang/Object;III)V @ 193
Event: 29.494 Thread 0x00007f862816f800 Uncommon trap: reason=unstable_if action=reinterpret pc=0x00007f86254bafe8 method=com.android.dx.dex.code.LocalList$MakeState.filterSpec(Lcom/android/dx/rop/code/RegisterSpec;)Lcom/android/dx/rop/code/RegisterSpec; @ 11
Event: 29.540 Thread 0x00007f862816f800 Uncommon trap: reason=unstable_if action=reinterpret pc=0x00007f86254b9c90 method=com.android.dx.rop.code.RegisterSpec.matchesVariable(Lcom/android/dx/rop/code/RegisterSpec;)Z @ 59
Event: 29.542 Thread 0x00007f862816f800 Uncommon trap: reason=array_check action=maybe_recompile pc=0x00007f86254ba578 method=java.util.ComparableTimSort.binarySort([Ljava/lang/Object;III)V @ 193
Event: 29.588 Thread 0x00007f862816f800 Uncommon trap: reason=array_check action=maybe_recompile pc=0x00007f86254ba64c method=java.util.ComparableTimSort.binarySort([Ljava/lang/Object;III)V @ 183
Event: 29.594 Thread 0x00007f862816f800 Uncommon trap: reason=array_check action=maybe_recompile pc=0x00007f86254ba578 method=java.util.ComparableTimSort.binarySort([Ljava/lang/Object;III)V @ 193

Internal exceptions (10 events):
Event: 29.426 Thread 0x00007f862816f800 Threw 0x00007f7b1a95fc28 at /build/openjdk-7-65SuYz/openjdk-7-7u85-2.6.1/build/openjdk/hotspot/src/share/vm/prims/jvm.cpp:1322
Event: 29.426 Thread 0x00007f862816f800 Threw 0x00007f7b20b649e8 at /build/openjdk-7-65SuYz/openjdk-7-7u85-2.6.1/build/openjdk/hotspot/src/share/vm/prims/jvm.cpp:1322
Event: 29.427 Thread 0x00007f862816f800 Threw 0x00007f7b20b6bcf0 at /build/openjdk-7-65SuYz/openjdk-7-7u85-2.6.1/build/openjdk/hotspot/src/share/vm/prims/jvm.cpp:1322
Event: 29.428 Thread 0x00007f862816f800 Threw 0x00007f7b20b6f8d0 at /build/openjdk-7-65SuYz/openjdk-7-7u85-2.6.1/build/openjdk/hotspot/src/share/vm/prims/jvm.cpp:1322
Event: 29.429 Thread 0x00007f862816f800 Threw 0x00007f7b20b753b0 at /build/openjdk-7-65SuYz/openjdk-7-7u85-2.6.1/build/openjdk/hotspot/src/share/vm/prims/jvm.cpp:1322
Event: 29.429 Thread 0x00007f862816f800 Threw 0x00007f7b20b7a570 at /build/openjdk-7-65SuYz/openjdk-7-7u85-2.6.1/build/openjdk/hotspot/src/share/vm/prims/jvm.cpp:1322
Event: 29.441 Thread 0x00007f862816f800 Threw 0x00007f7b20b97b10 at /build/openjdk-7-65SuYz/openjdk-7-7u85-2.6.1/build/openjdk/hotspot/src/share/vm/prims/jvm.cpp:1322
Event: 29.442 Thread 0x00007f862816f800 Threw 0x00007f7b20b9b7f0 at /build/openjdk-7-65SuYz/openjdk-7-7u85-2.6.1/build/openjdk/hotspot/src/share/vm/prims/jvm.cpp:1322
Event: 29.442 Thread 0x00007f862816f800 Threw 0x00007f7b20b9f698 at /build/openjdk-7-65SuYz/openjdk-7-7u85-2.6.1/build/openjdk/hotspot/src/share/vm/prims/jvm.cpp:1322
Event: 29.488 Thread 0x00007f862816f800 Threw 0x00007f7b20c2af88 at /build/openjdk-7-65SuYz/openjdk-7-7u85-2.6.1/build/openjdk/hotspot/src/share/vm/prims/jvm.cpp:1322

Events (10 events):
Event: 29.542 Thread 0x00007f862816f800 Uncommon trap: trap_request=0xffffffd6 fr.pc=0x00007f86254ba578
Event: 29.542 Thread 0x00007f862816f800 DEOPT PACKING pc=0x00007f86254ba578 sp=0x00007f62d7ffe0f0
Event: 29.542 Thread 0x00007f862816f800 DEOPT UNPACKING pc=0x00007f8625039445 sp=0x00007f62d7ffe0b8 mode 2
Event: 29.588 Thread 0x00007f862816f800 Uncommon trap: trap_request=0xffffffd6 fr.pc=0x00007f86254ba64c
Event: 29.588 Thread 0x00007f862816f800 DEOPT PACKING pc=0x00007f86254ba64c sp=0x00007f62d7ffe0d0
Event: 29.588 Thread 0x00007f862816f800 DEOPT UNPACKING pc=0x00007f8625039445 sp=0x00007f62d7ffe098 mode 2
Event: 29.594 Thread 0x00007f862816f800 Uncommon trap: trap_request=0xffffffd6 fr.pc=0x00007f86254ba578
Event: 29.594 Thread 0x00007f862816f800 DEOPT PACKING pc=0x00007f86254ba578 sp=0x00007f62d7ffdfc0
Event: 29.594 Thread 0x00007f862816f800 DEOPT UNPACKING pc=0x00007f8625039445 sp=0x00007f62d7ffdf88 mode 2
Event: 29.603 Executing VM operation: ParallelGCFailedAllocation


Dynamic libraries:
00400000-00401000 r-xp 00000000 fc:01 1050731                            /usr/lib/jvm/java-7-openjdk-amd64/jre/bin/java
00600000-00601000 r--p 00000000 fc:01 1050731                            /usr/lib/jvm/java-7-openjdk-amd64/jre/bin/java
00601000-00602000 rw-p 00001000 fc:01 1050731                            /usr/lib/jvm/java-7-openjdk-amd64/jre/bin/java
00d68000-00d89000 rw-p 00000000 00:00 0                                  [heap]
7f62d0000000-7f62d0029000 rw-p 00000000 00:00 0 
7f62d0029000-7f62d4000000 ---p 00000000 00:00 0 
7f62d7eff000-7f62d7f02000 ---p 00000000 00:00 0 
7f62d7f02000-7f62d8000000 rw-p 00000000 00:00 0                          [stack:13763]
7f62d8000000-7f62d802b000 rw-p 00000000 00:00 0 
7f62d802b000-7f62dc000000 ---p 00000000 00:00 0 
7f62dc000000-7f62dc021000 rw-p 00000000 00:00 0 
7f62dc021000-7f62e0000000 ---p 00000000 00:00 0 
7f62e0000000-7f62e0021000 rw-p 00000000 00:00 0 
7f62e0021000-7f62e4000000 ---p 00000000 00:00 0 
7f62e4000000-7f62e4024000 rw-p 00000000 00:00 0 
7f62e4024000-7f62e8000000 ---p 00000000 00:00 0 
7f62e8000000-7f62e8021000 rw-p 00000000 00:00 0 
7f62e8021000-7f62ec000000 ---p 00000000 00:00 0 
7f62ec000000-7f62ec040000 rw-p 00000000 00:00 0 
7f62ec040000-7f62f0000000 ---p 00000000 00:00 0 
7f62f0000000-7f62f1bcf000 rw-p 00000000 00:00 0 
7f62f1bcf000-7f62f4000000 ---p 00000000 00:00 0 
7f62f4000000-7f62f4021000 rw-p 00000000 00:00 0 
7f62f4021000-7f62f8000000 ---p 00000000 00:00 0 
7f62f8000000-7f62f8021000 rw-p 00000000 00:00 0 
7f62f8021000-7f62fc000000 ---p 00000000 00:00 0 
7f62fc000000-7f62fdd43000 rw-p 00000000 00:00 0 
7f62fdd43000-7f6300000000 ---p 00000000 00:00 0 
7f6300000000-7f6300021000 rw-p 00000000 00:00 0 
7f6300021000-7f6304000000 ---p 00000000 00:00 0 
7f6304000000-7f6304021000 rw-p 00000000 00:00 0 
7f6304021000-7f6308000000 ---p 00000000 00:00 0 
7f6308000000-7f6308021000 rw-p 00000000 00:00 0 
7f6308021000-7f630c000000 ---p 00000000 00:00 0 
7f630c0cb000-7f630c0ce000 ---p 00000000 00:00 0 
7f630c0ce000-7f630c1cc000 rw-p 00000000 00:00 0                          [stack:13756]
7f630c1cc000-7f630c1cf000 ---p 00000000 00:00 0 
7f630c1cf000-7f630c2cd000 rw-p 00000000 00:00 0                          [stack:13755]
7f630c2cd000-7f630c2d0000 ---p 00000000 00:00 0 
7f630c2d0000-7f630c3ce000 rw-p 00000000 00:00 0                          [stack:13754]
7f630c3ce000-7f630c3d1000 ---p 00000000 00:00 0 
7f630c3d1000-7f630c4cf000 rw-p 00000000 00:00 0                          [stack:13753]
7f630c4cf000-7f630c4d2000 ---p 00000000 00:00 0 
7f630c4d2000-7f630c601000 rw-p 00000000 00:00 0                          [stack:13752]
7f630c601000-7f630c63e000 r-xp 00000000 fc:01 7995407                    /lib/x86_64-linux-gnu/libpcre.so.3.13.1
7f630c63e000-7f630c83d000 ---p 0003d000 fc:01 7995407                    /lib/x86_64-linux-gnu/libpcre.so.3.13.1
7f630c83d000-7f630c83e000 r--p 0003c000 fc:01 7995407                    /lib/x86_64-linux-gnu/libpcre.so.3.13.1
7f630c83e000-7f630c83f000 rw-p 0003d000 fc:01 7995407                    /lib/x86_64-linux-gnu/libpcre.so.3.13.1
7f630c83f000-7f630c856000 r-xp 00000000 fc:01 7999777                    /lib/x86_64-linux-gnu/libresolv-2.19.so
7f630c856000-7f630ca56000 ---p 00017000 fc:01 7999777                    /lib/x86_64-linux-gnu/libresolv-2.19.so
7f630ca56000-7f630ca57000 r--p 00017000 fc:01 7999777                    /lib/x86_64-linux-gnu/libresolv-2.19.so
7f630ca57000-7f630ca58000 rw-p 00018000 fc:01 7999777                    /lib/x86_64-linux-gnu/libresolv-2.19.so
7f630ca58000-7f630ca5a000 rw-p 00000000 00:00 0 
7f630ca5a000-7f630ca7a000 r-xp 00000000 fc:01 7999781                    /lib/x86_64-linux-gnu/libselinux.so.1
7f630ca7a000-7f630cc79000 ---p 00020000 fc:01 7999781                    /lib/x86_64-linux-gnu/libselinux.so.1
7f630cc79000-7f630cc7a000 r--p 0001f000 fc:01 7999781                    /lib/x86_64-linux-gnu/libselinux.so.1
7f630cc7a000-7f630cc7b000 rw-p 00020000 fc:01 7999781                    /lib/x86_64-linux-gnu/libselinux.so.1
7f630cc7b000-7f642c000000 rw-p 00000000 00:00 0 
7f642c000000-7f642c021000 rw-p 00000000 00:00 0 
7f642c021000-7f6430000000 ---p 00000000 00:00 0 
7f6430000000-7f6430021000 rw-p 00000000 00:00 0 
7f6430021000-7f6434000000 ---p 00000000 00:00 0 
7f6434000000-7f6434021000 rw-p 00000000 00:00 0 
7f6434021000-7f6438000000 ---p 00000000 00:00 0 
7f6438000000-7f6438251000 rw-p 00000000 00:00 0 
7f6438251000-7f643c000000 ---p 00000000 00:00 0 
7f643c007000-7f643c00e000 r-xp 00000000 fc:01 925605                     /usr/lib/x86_64-linux-gnu/libffi.so.6.0.1
7f643c00e000-7f643c20d000 ---p 00007000 fc:01 925605                     /usr/lib/x86_64-linux-gnu/libffi.so.6.0.1
7f643c20d000-7f643c20e000 r--p 00006000 fc:01 925605                     /usr/lib/x86_64-linux-gnu/libffi.so.6.0.1
7f643c20e000-7f643c20f000 rw-p 00007000 fc:01 925605                     /usr/lib/x86_64-linux-gnu/libffi.so.6.0.1
7f643c20f000-7f643c212000 r-xp 00000000 fc:01 925748                     /usr/lib/x86_64-linux-gnu/libgmodule-2.0.so.0.4002.0
7f643c212000-7f643c411000 ---p 00003000 fc:01 925748                     /usr/lib/x86_64-linux-gnu/libgmodule-2.0.so.0.4002.0
7f643c411000-7f643c412000 r--p 00002000 fc:01 925748                     /usr/lib/x86_64-linux-gnu/libgmodule-2.0.so.0.4002.0
7f643c412000-7f643c413000 rw-p 00003000 fc:01 925748                     /usr/lib/x86_64-linux-gnu/libgmodule-2.0.so.0.4002.0
7f643c413000-7f643c519000 r-xp 00000000 fc:01 7999681                    /lib/x86_64-linux-gnu/libglib-2.0.so.0.4002.0
7f643c519000-7f643c718000 ---p 00106000 fc:01 7999681                    /lib/x86_64-linux-gnu/libglib-2.0.so.0.4002.0
7f643c718000-7f643c719000 r--p 00105000 fc:01 7999681                    /lib/x86_64-linux-gnu/libglib-2.0.so.0.4002.0
7f643c719000-7f643c71a000 rw-p 00106000 fc:01 7999681                    /lib/x86_64-linux-gnu/libglib-2.0.so.0.4002.0
7f643c71a000-7f643c71b000 rw-p 00000000 00:00 0 
7f643c71b000-7f643c76a000 r-xp 00000000 fc:01 925772                     /usr/lib/x86_64-linux-gnu/libgobject-2.0.so.0.4002.0
7f643c76a000-7f643c96a000 ---p 0004f000 fc:01 925772                     /usr/lib/x86_64-linux-gnu/libgobject-2.0.so.0.4002.0
7f643c96a000-7f643c96b000 r--p 0004f000 fc:01 925772                     /usr/lib/x86_64-linux-gnu/libgobject-2.0.so.0.4002.0
7f643c96b000-7f643c96c000 rw-p 00050000 fc:01 925772                     /usr/lib/x86_64-linux-gnu/libgobject-2.0.so.0.4002.0
7f643c96c000-7f643cad8000 r-xp 00000000 fc:01 925732                     /usr/lib/x86_64-linux-gnu/libgio-2.0.so.0.4002.0
7f643cad8000-7f643ccd7000 ---p 0016c000 fc:01 925732                     /usr/lib/x86_64-linux-gnu/libgio-2.0.so.0.4002.0
7f643ccd7000-7f643ccdb000 r--p 0016b000 fc:01 925732                     /usr/lib/x86_64-linux-gnu/libgio-2.0.so.0.4002.0
7f643ccdb000-7f643ccdd000 rw-p 0016f000 fc:01 925732                     /usr/lib/x86_64-linux-gnu/libgio-2.0.so.0.4002.0
7f643ccdd000-7f643ccdf000 rw-p 00000000 00:00 0 
7f643ccfe000-7f643cd15000 r-xp 00000000 fc:01 1056370                    /usr/lib/jvm/java-7-openjdk-amd64/jre/lib/amd64/libnet.so
7f643cd15000-7f643cf14000 ---p 00017000 fc:01 1056370                    /usr/lib/jvm/java-7-openjdk-amd64/jre/lib/amd64/libnet.so
7f643cf14000-7f643cf15000 r--p 00016000 fc:01 1056370                    /usr/lib/jvm/java-7-openjdk-amd64/jre/lib/amd64/libnet.so
7f643cf15000-7f643cf16000 rw-p 00017000 fc:01 1056370                    /usr/lib/jvm/java-7-openjdk-amd64/jre/lib/amd64/libnet.so
7f643cf16000-7f643cf26000 r-xp 00000000 fc:01 1056340                    /usr/lib/jvm/java-7-openjdk-amd64/jre/lib/amd64/libnio.so
7f643cf26000-7f643d126000 ---p 00010000 fc:01 1056340                    /usr/lib/jvm/java-7-openjdk-amd64/jre/lib/amd64/libnio.so
7f643d126000-7f643d127000 r--p 00010000 fc:01 1056340                    /usr/lib/jvm/java-7-openjdk-amd64/jre/lib/amd64/libnio.so
7f643d127000-7f643d128000 rw-p 00011000 fc:01 1056340                    /usr/lib/jvm/java-7-openjdk-amd64/jre/lib/amd64/libnio.so
7f643d155000-7f643d26e000 r--s 00c20000 fc:01 9045011                    /home/aaditya/Desktop/MtvConnect/mtvconnectandroid/app/build/intermediates/transforms/jarMerging/debug/jars/1/1f/combined.jar
7f643d26e000-7f643d26f000 ---p 00000000 00:00 0 
7f643d26f000-7f643d36f000 rw-p 00000000 00:00 0                          [stack:13751]
7f643d36f000-7f643d372000 ---p 00000000 00:00 0 
7f643d372000-7f643d470000 rw-p 00000000 00:00 0                          [stack:13750]
7f643d470000-7f643d473000 ---p 00000000 00:00 0 
7f643d473000-7f643d571000 rw-p 00000000 00:00 0                          [stack:13749]
7f643d571000-7f643d574000 ---p 00000000 00:00 0 
7f643d574000-7f643d672000 rw-p 00000000 00:00 0                          [stack:13748]
7f643d672000-7f643d675000 ---p 00000000 00:00 0 
7f643d675000-7f643d773000 rw-p 00000000 00:00 0                          [stack:13747]
7f643d773000-7f643da3c000 r--p 00000000 fc:01 923932                     /usr/lib/locale/locale-archive
7f643da3c000-7f643da3f000 ---p 00000000 00:00 0 
7f643da3f000-7f643db3d000 rw-p 00000000 00:00 0                          [stack:13746]
7f643db3d000-7f643db40000 ---p 00000000 00:00 0 
7f643db40000-7f643dc3e000 rw-p 00000000 00:00 0                          [stack:13745]
7f643dc3e000-7f643dc3f000 ---p 00000000 00:00 0 
7f643dc3f000-7f643eb7a000 rw-p 00000000 00:00 0                          [stack:13744]
7f643eb7a000-7f6449bac000 rw-p 00000000 00:00 0 
7f6449bac000-7f6449bb7000 rw-p 00000000 00:00 0 
7f6449bb7000-7f6449bff000 rw-p 00000000 00:00 0 
7f6449bff000-7f6449fcd000 rw-p 00000000 00:00 0 
7f6449fcd000-7f6454fff000 rw-p 00000000 00:00 0 
7f6454fff000-7f6455361000 rw-p 00000000 00:00 0 
7f6455361000-7f645a9ff000 rw-p 00000000 00:00 0 
7f645a9ff000-7f645bf00000 rw-p 00000000 00:00 0 
7f645bf00000-7f6465000000 rw-p 00000000 00:00 0 
7f6465000000-7f64deb00000 rw-p 00000000 00:00 0 
7f64deb00000-7f7ae5000000 rw-p 00000000 00:00 0 
7f7ae5000000-7f7b51380000 rw-p 00000000 00:00 0 
7f7b51380000-7f8625000000 rw-p 00000000 00:00 0 
7f8625000000-7f86254d0000 rwxp 00000000 00:00 0 
7f86254d0000-7f862841f000 rw-p 00000000 00:00 0 
7f862841f000-7f862c000000 ---p 00000000 00:00 0 
7f862c011000-7f862c5a1000 rw-p 00000000 00:00 0 
7f862c5a1000-7f862c753000 r--s 01d30000 fc:01 1056334                    /usr/lib/jvm/java-7-openjdk-amd64/jre/lib/rt.jar
7f862c753000-7f862d2dc000 rw-p 00000000 00:00 0 
7f862d2dc000-7f862d2dd000 ---p 00000000 00:00 0 
7f862d2dd000-7f862d3dd000 rw-p 00000000 00:00 0                          [stack:13743]
7f862d3dd000-7f862d3de000 ---p 00000000 00:00 0 
7f862d3de000-7f862d4de000 rw-p 00000000 00:00 0                          [stack:13742]
7f862d4de000-7f862d4df000 ---p 00000000 00:00 0 
7f862d4df000-7f862d5df000 rw-p 00000000 00:00 0                          [stack:13741]
7f862d5df000-7f862d5e0000 ---p 00000000 00:00 0 
7f862d5e0000-7f862d6eb000 rw-p 00000000 00:00 0                          [stack:13740]
7f862d6eb000-7f862d733000 rw-p 00000000 00:00 0 
7f862d733000-7f862d73b000 r-xp 00000000 fc:01 1056344                    /usr/lib/jvm/java-7-openjdk-amd64/jre/lib/amd64/libzip.so
7f862d73b000-7f862d93a000 ---p 00008000 fc:01 1056344                    /usr/lib/jvm/java-7-openjdk-amd64/jre/lib/amd64/libzip.so
7f862d93a000-7f862d93b000 r--p 00007000 fc:01 1056344                    /usr/lib/jvm/java-7-openjdk-amd64/jre/lib/amd64/libzip.so
7f862d93b000-7f862d93c000 rw-p 00008000 fc:01 1056344                    /usr/lib/jvm/java-7-openjdk-amd64/jre/lib/amd64/libzip.so
7f862d93c000-7f862d947000 r-xp 00000000 fc:01 7999726                    /lib/x86_64-linux-gnu/libnss_files-2.19.so
7f862d947000-7f862db46000 ---p 0000b000 fc:01 7999726                    /lib/x86_64-linux-gnu/libnss_files-2.19.so
7f862db46000-7f862db47000 r--p 0000a000 fc:01 7999726                    /lib/x86_64-linux-gnu/libnss_files-2.19.so
7f862db47000-7f862db48000 rw-p 0000b000 fc:01 7999726                    /lib/x86_64-linux-gnu/libnss_files-2.19.so
7f862db48000-7f862db53000 r-xp 00000000 fc:01 7999736                    /lib/x86_64-linux-gnu/libnss_nis-2.19.so
7f862db53000-7f862dd52000 ---p 0000b000 fc:01 7999736                    /lib/x86_64-linux-gnu/libnss_nis-2.19.so
7f862dd52000-7f862dd53000 r--p 0000a000 fc:01 7999736                    /lib/x86_64-linux-gnu/libnss_nis-2.19.so
7f862dd53000-7f862dd54000 rw-p 0000b000 fc:01 7999736                    /lib/x86_64-linux-gnu/libnss_nis-2.19.so
7f862dd54000-7f862dd6b000 r-xp 00000000 fc:01 7999720                    /lib/x86_64-linux-gnu/libnsl-2.19.so
7f862dd6b000-7f862df6a000 ---p 00017000 fc:01 7999720                    /lib/x86_64-linux-gnu/libnsl-2.19.so
7f862df6a000-7f862df6b000 r--p 00016000 fc:01 7999720                    /lib/x86_64-linux-gnu/libnsl-2.19.so
7f862df6b000-7f862df6c000 rw-p 00017000 fc:01 7999720                    /lib/x86_64-linux-gnu/libnsl-2.19.so
7f862df6c000-7f862df6e000 rw-p 00000000 00:00 0 
7f862df6e000-7f862df77000 r-xp 00000000 fc:01 7999722                    /lib/x86_64-linux-gnu/libnss_compat-2.19.so
7f862df77000-7f862e176000 ---p 00009000 fc:01 7999722                    /lib/x86_64-linux-gnu/libnss_compat-2.19.so
7f862e176000-7f862e177000 r--p 00008000 fc:01 7999722                    /lib/x86_64-linux-gnu/libnss_compat-2.19.so
7f862e177000-7f862e178000 rw-p 00009000 fc:01 7999722                    /lib/x86_64-linux-gnu/libnss_compat-2.19.so
7f862e178000-7f862e1a3000 r-xp 00000000 fc:01 1056352                    /usr/lib/jvm/java-7-openjdk-amd64/jre/lib/amd64/libjava.so
7f862e1a3000-7f862e3a3000 ---p 0002b000 fc:01 1056352                    /usr/lib/jvm/java-7-openjdk-amd64/jre/lib/amd64/libjava.so
7f862e3a3000-7f862e3a4000 r--p 0002b000 fc:01 1056352                    /usr/lib/jvm/java-7-openjdk-amd64/jre/lib/amd64/libjava.so
7f862e3a4000-7f862e3a6000 rw-p 0002c000 fc:01 1056352                    /usr/lib/jvm/java-7-openjdk-amd64/jre/lib/amd64/libjava.so
7f862e3a6000-7f862e3b6000 r-xp 00000000 fc:01 1056366                    /usr/lib/jvm/java-7-openjdk-amd64/jre/lib/amd64/libverify.so
7f862e3b6000-7f862e5b5000 ---p 00010000 fc:01 1056366                    /usr/lib/jvm/java-7-openjdk-amd64/jre/lib/amd64/libverify.so
7f862e5b5000-7f862e5b7000 r--p 0000f000 fc:01 1056366                    /usr/lib/jvm/java-7-openjdk-amd64/jre/lib/amd64/libverify.so
7f862e5b7000-7f862e5b8000 rw-p 00011000 fc:01 1056366                    /usr/lib/jvm/java-7-openjdk-amd64/jre/lib/amd64/libverify.so
7f862e5b8000-7f862e5bf000 r-xp 00000000 fc:01 7999779                    /lib/x86_64-linux-gnu/librt-2.19.so
7f862e5bf000-7f862e7be000 ---p 00007000 fc:01 7999779                    /lib/x86_64-linux-gnu/librt-2.19.so
7f862e7be000-7f862e7bf000 r--p 00006000 fc:01 7999779                    /lib/x86_64-linux-gnu/librt-2.19.so
7f862e7bf000-7f862e7c0000 rw-p 00007000 fc:01 7999779                    /lib/x86_64-linux-gnu/librt-2.19.so
7f862e7c0000-7f862e7d6000 r-xp 00000000 fc:01 7999677                    /lib/x86_64-linux-gnu/libgcc_s.so.1
7f862e7d6000-7f862e9d5000 ---p 00016000 fc:01 7999677                    /lib/x86_64-linux-gnu/libgcc_s.so.1
7f862e9d5000-7f862e9d6000 rw-p 00015000 fc:01 7999677                    /lib/x86_64-linux-gnu/libgcc_s.so.1
7f862e9d6000-7f862eadb000 r-xp 00000000 fc:01 7999701                    /lib/x86_64-linux-gnu/libm-2.19.so
7f862eadb000-7f862ecda000 ---p 00105000 fc:01 7999701                    /lib/x86_64-linux-gnu/libm-2.19.so
7f862ecda000-7f862ecdb000 r--p 00104000 fc:01 7999701                    /lib/x86_64-linux-gnu/libm-2.19.so
7f862ecdb000-7f862ecdc000 rw-p 00105000 fc:01 7999701                    /lib/x86_64-linux-gnu/libm-2.19.so
7f862ecdc000-7f862edc2000 r-xp 00000000 fc:01 926335                     /usr/lib/x86_64-linux-gnu/libstdc++.so.6.0.19
7f862edc2000-7f862efc1000 ---p 000e6000 fc:01 926335                     /usr/lib/x86_64-linux-gnu/libstdc++.so.6.0.19
7f862efc1000-7f862efc9000 r--p 000e5000 fc:01 926335                     /usr/lib/x86_64-linux-gnu/libstdc++.so.6.0.19
7f862efc9000-7f862efcb000 rw-p 000ed000 fc:01 926335                     /usr/lib/x86_64-linux-gnu/libstdc++.so.6.0.19
7f862efcb000-7f862efe0000 rw-p 00000000 00:00 0 
7f862efe0000-7f862fb04000 r-xp 00000000 fc:01 1056358                    /usr/lib/jvm/java-7-openjdk-amd64/jre/lib/amd64/server/libjvm.so
7f862fb04000-7f862fd03000 ---p 00b24000 fc:01 1056358                    /usr/lib/jvm/java-7-openjdk-amd64/jre/lib/amd64/server/libjvm.so
7f862fd03000-7f862fd9d000 r--p 00b23000 fc:01 1056358                    /usr/lib/jvm/java-7-openjdk-amd64/jre/lib/amd64/server/libjvm.so
7f862fd9d000-7f862fdc0000 rw-p 00bbd000 fc:01 1056358                    /usr/lib/jvm/java-7-openjdk-amd64/jre/lib/amd64/server/libjvm.so
7f862fdc0000-7f862fdee000 rw-p 00000000 00:00 0 
7f862fdee000-7f862fe06000 r-xp 00000000 fc:01 7999814                    /lib/x86_64-linux-gnu/libz.so.1.2.8
7f862fe06000-7f8630005000 ---p 00018000 fc:01 7999814                    /lib/x86_64-linux-gnu/libz.so.1.2.8
7f8630005000-7f8630006000 r--p 00017000 fc:01 7999814                    /lib/x86_64-linux-gnu/libz.so.1.2.8
7f8630006000-7f8630007000 rw-p 00018000 fc:01 7999814                    /lib/x86_64-linux-gnu/libz.so.1.2.8
7f8630007000-7f8630020000 r-xp 00000000 fc:01 7999771                    /lib/x86_64-linux-gnu/libpthread-2.19.so
7f8630020000-7f863021f000 ---p 00019000 fc:01 7999771                    /lib/x86_64-linux-gnu/libpthread-2.19.so
7f863021f000-7f8630220000 r--p 00018000 fc:01 7999771                    /lib/x86_64-linux-gnu/libpthread-2.19.so
7f8630220000-7f8630221000 rw-p 00019000 fc:01 7999771                    /lib/x86_64-linux-gnu/libpthread-2.19.so
7f8630221000-7f8630225000 rw-p 00000000 00:00 0 
7f8630225000-7f8630228000 r-xp 00000000 fc:01 7999667                    /lib/x86_64-linux-gnu/libdl-2.19.so
7f8630228000-7f8630427000 ---p 00003000 fc:01 7999667                    /lib/x86_64-linux-gnu/libdl-2.19.so
7f8630427000-7f8630428000 r--p 00002000 fc:01 7999667                    /lib/x86_64-linux-gnu/libdl-2.19.so
7f8630428000-7f8630429000 rw-p 00003000 fc:01 7999667                    /lib/x86_64-linux-gnu/libdl-2.19.so
7f8630429000-7f86305e4000 r-xp 00000000 fc:01 7999650                    /lib/x86_64-linux-gnu/libc-2.19.so
7f86305e4000-7f86307e3000 ---p 001bb000 fc:01 7999650                    /lib/x86_64-linux-gnu/libc-2.19.so
7f86307e3000-7f86307e7000 r--p 001ba000 fc:01 7999650                    /lib/x86_64-linux-gnu/libc-2.19.so
7f86307e7000-7f86307e9000 rw-p 001be000 fc:01 7999650                    /lib/x86_64-linux-gnu/libc-2.19.so
7f86307e9000-7f86307ee000 rw-p 00000000 00:00 0 
7f86307ee000-7f86307fb000 r-xp 00000000 fc:01 1056367                    /usr/lib/jvm/java-7-openjdk-amd64/jre/lib/amd64/jli/libjli.so
7f86307fb000-7f86309fa000 ---p 0000d000 fc:01 1056367                    /usr/lib/jvm/java-7-openjdk-amd64/jre/lib/amd64/jli/libjli.so
7f86309fa000-7f86309fb000 r--p 0000c000 fc:01 1056367                    /usr/lib/jvm/java-7-openjdk-amd64/jre/lib/amd64/jli/libjli.so
7f86309fb000-7f86309fc000 rw-p 0000d000 fc:01 1056367                    /usr/lib/jvm/java-7-openjdk-amd64/jre/lib/amd64/jli/libjli.so
7f86309fc000-7f8630a1f000 r-xp 00000000 fc:01 7999624                    /lib/x86_64-linux-gnu/ld-2.19.so
7f8630a28000-7f8630a37000 r--s 000df000 fc:01 6031816                    /home/aaditya/Downloads/sdk/build-tools/23.0.1/lib/dx.jar
7f8630a37000-7f8630a4b000 rw-p 00000000 00:00 0 
7f8630a4b000-7f8630af7000 rw-p 00000000 00:00 0 
7f8630af7000-7f8630afa000 ---p 00000000 00:00 0 
7f8630afa000-7f8630bfe000 rw-p 00000000 00:00 0                          [stack:13737]
7f8630bfe000-7f8630c00000 r--s 00012000 fc:01 1056326                    /usr/lib/jvm/java-7-openjdk-amd64/jre/lib/ext/zipfs.jar
7f8630c00000-7f8630c04000 r--s 00085000 fc:01 1056327                    /usr/lib/jvm/java-7-openjdk-amd64/jre/lib/ext/localedata.jar
7f8630c04000-7f8630c08000 r--s 00034000 fc:01 1056329                    /usr/lib/jvm/java-7-openjdk-amd64/jre/lib/ext/sunjce_provider.jar
7f8630c08000-7f8630c09000 r--s 00002000 fc:01 1056331                    /usr/lib/jvm/java-7-openjdk-amd64/jre/lib/ext/dnsns.jar
7f8630c09000-7f8630c0c000 r--s 0000f000 fc:01 1056328                    /usr/lib/jvm/java-7-openjdk-amd64/jre/lib/ext/icedtea-sound.jar
7f8630c0c000-7f8630c10000 r--s 0003c000 fc:01 1056330                    /usr/lib/jvm/java-7-openjdk-amd64/jre/lib/ext/sunpkcs11.jar
7f8630c10000-7f8630c12000 r--s 00006000 fc:01 1447316                    /usr/share/java/java-atk-wrapper.jar
7f8630c12000-7f8630c1a000 rw-s 00000000 fc:01 6689633                    /tmp/hsperfdata_aaditya/13734
7f8630c1a000-7f8630c1b000 rw-p 00000000 00:00 0 
7f8630c1b000-7f8630c1c000 ---p 00000000 00:00 0 
7f8630c1c000-7f8630c1e000 rw-p 00000000 00:00 0 
7f8630c1e000-7f8630c1f000 r--p 00022000 fc:01 7999624                    /lib/x86_64-linux-gnu/ld-2.19.so
7f8630c1f000-7f8630c20000 rw-p 00023000 fc:01 7999624                    /lib/x86_64-linux-gnu/ld-2.19.so
7f8630c20000-7f8630c21000 rw-p 00000000 00:00 0 
7fffd39b8000-7fffd39d9000 rw-p 00000000 00:00 0                          [stack]
7fffd39f1000-7fffd39f3000 r-xp 00000000 00:00 0                          [vdso]
7fffd39f3000-7fffd39f5000 r--p 00000000 00:00 0                          [vvar]
ffffffffff600000-ffffffffff601000 r-xp 00000000 00:00 0                  [vsyscall]

VM Arguments:
jvm_args: -Djava.awt.headless=true -Xmx135g -Dfile.encoding=UTF-8 -Duser.country=IN -Duser.language=en -Duser.variant 
java_command: com.android.dx.command.Main --dex --num-threads=4 --multi-dex --main-dex-list /home/aaditya/Desktop/MtvConnect/mtvconnectandroid/app/build/intermediates/multi-dex/debug/maindexlist.txt --output /home/aaditya/Desktop/MtvConnect/mtvconnectandroid/app/build/intermediates/transforms/dex/debug/folders/1000/1f/main /home/aaditya/Desktop/MtvConnect/mtvconnectandroid/app/build/intermediates/transforms/jarMerging/debug/jars/1/1f/combined.jar
Launcher Type: SUN_STANDARD

Environment Variables:
JAVA_HOME=/usr/lib/jvm/java-7-openjdk-amd64
PATH=/usr/local/sbin:/usr/local/bin:/usr/sbin:/usr/bin:/sbin:/bin:/usr/games:/usr/local/games:/usr/lib/jvm/java-7-openjdk-amd64:/home/aaditya/Downloads/android-studio/bin
USERNAME=aaditya
LD_LIBRARY_PATH=/home/aaditya/Downloads/android-studio/bin:
SHELL=/bin/bash
DISPLAY=:0

Signal Handlers:
SIGSEGV: [libjvm.so+0x954820], sa_mask[0]=0x7ffbfeff, sa_flags=0x10000004
SIGBUS: [libjvm.so+0x954820], sa_mask[0]=0x7ffbfeff, sa_flags=0x10000004
SIGFPE: [libjvm.so+0x7cb150], sa_mask[0]=0x7ffbfeff, sa_flags=0x10000004
SIGPIPE: [libjvm.so+0x7cb150], sa_mask[0]=0x7ffbfeff, sa_flags=0x10000004
SIGXFSZ: [libjvm.so+0x7cb150], sa_mask[0]=0x7ffbfeff, sa_flags=0x10000004
SIGILL: [libjvm.so+0x7cb150], sa_mask[0]=0x7ffbfeff, sa_flags=0x10000004
SIGUSR1: SIG_DFL, sa_mask[0]=0x00000000, sa_flags=0x00000000
SIGUSR2: [libjvm.so+0x7caff0], sa_mask[0]=0x00000004, sa_flags=0x10000004
SIGHUP: [libjvm.so+0x7cb1d0], sa_mask[0]=0x7ffbfeff, sa_flags=0x10000004
SIGINT: [libjvm.so+0x7cb1d0], sa_mask[0]=0x7ffbfeff, sa_flags=0x10000004
SIGTERM: [libjvm.so+0x7cb1d0], sa_mask[0]=0x7ffbfeff, sa_flags=0x10000004
SIGQUIT: [libjvm.so+0x7cb1d0], sa_mask[0]=0x7ffbfeff, sa_flags=0x10000004
SIGTRAP: SIG_DFL, sa_mask[0]=0x00000000, sa_flags=0x00000000


---------------  S Y S T E M  ---------------

OS:LinuxMint 17.2 (rafaela)
uname:Linux 3.16.0-38-generic #52~14.04.1-Ubuntu SMP Fri May 8 09:43:57 UTC 2015 x86_64
libc:glibc 2.19 NPTL 2.19 
rlimit: STACK 8192k, CORE 0k, NPROC 31345, NOFILE 4096, AS infinity
load average:2.60 1.53 1.02

/proc/meminfo:
MemTotal:        8056428 kB
MemFree:          204748 kB
MemAvailable:    1896144 kB
Buffers:           42268 kB
Cached:          2006384 kB
SwapCached:         8476 kB
Active:          5540936 kB
Inactive:        1969556 kB
Active(anon):    4619260 kB
Inactive(anon):  1117648 kB
Active(file):     921676 kB
Inactive(file):   851908 kB
Unevictable:          16 kB
Mlocked:              16 kB
SwapTotal:       8269820 kB
SwapFree:        8229752 kB
Dirty:              8572 kB
Writeback:          4964 kB
AnonPages:       5453536 kB
Mapped:           381464 kB
Shmem:            275068 kB
Slab:             211280 kB
SReclaimable:     171228 kB
SUnreclaim:        40052 kB
KernelStack:        8944 kB
PageTables:        42428 kB
NFS_Unstable:          0 kB
Bounce:                0 kB
WritebackTmp:          0 kB
CommitLimit:    12298032 kB
Committed_AS:   24090508 kB
VmallocTotal:   34359738367 kB
VmallocUsed:      360616 kB
VmallocChunk:   34359371584 kB
HardwareCorrupted:     0 kB
AnonHugePages:   3069952 kB
HugePages_Total:       0
HugePages_Free:        0
HugePages_Rsvd:        0
HugePages_Surp:        0
Hugepagesize:       2048 kB
DirectMap4k:      114304 kB
DirectMap2M:     8155136 kB


CPU:total 4 (2 cores per cpu, 2 threads per core) family 6 model 42 stepping 7, cmov, cx8, fxsr, mmx, sse, sse2, sse3, ssse3, sse4.1, sse4.2, popcnt, avx, aes, ht, tsc, tscinvbit

/proc/cpuinfo:
processor	: 0
vendor_id	: GenuineIntel
cpu family	: 6
model		: 42
model name	: Intel(R) Core(TM) i5-2410M CPU @ 2.30GHz
stepping	: 7
microcode	: 0x28
cpu MHz		: 2699.984
cache size	: 3072 KB
physical id	: 0
siblings	: 4
core id		: 0
cpu cores	: 2
apicid		: 0
initial apicid	: 0
fpu		: yes
fpu_exception	: yes
cpuid level	: 13
wp		: yes
flags		: fpu vme de pse tsc msr pae mce cx8 apic sep mtrr pge mca cmov pat pse36 clflush dts acpi mmx fxsr sse sse2 ss ht tm pbe syscall nx rdtscp lm constant_tsc arch_perfmon pebs bts nopl xtopology nonstop_tsc aperfmperf eagerfpu pni pclmulqdq dtes64 monitor ds_cpl vmx est tm2 ssse3 cx16 xtpr pdcm pcid sse4_1 sse4_2 x2apic popcnt tsc_deadline_timer aes xsave avx lahf_lm ida arat epb xsaveopt pln pts dtherm tpr_shadow vnmi flexpriority ept vpid
bogomips	: 4585.11
clflush size	: 64
cache_alignment	: 64
address sizes	: 36 bits physical, 48 bits virtual
power management:

processor	: 1
vendor_id	: GenuineIntel
cpu family	: 6
model		: 42
model name	: Intel(R) Core(TM) i5-2410M CPU @ 2.30GHz
stepping	: 7
microcode	: 0x28
cpu MHz		: 2699.984
cache size	: 3072 KB
physical id	: 0
siblings	: 4
core id		: 0
cpu cores	: 2
apicid		: 1
initial apicid	: 1
fpu		: yes
fpu_exception	: yes
cpuid level	: 13
wp		: yes
flags		: fpu vme de pse tsc msr pae mce cx8 apic sep mtrr pge mca cmov pat pse36 clflush dts acpi mmx fxsr sse sse2 ss ht tm pbe syscall nx rdtscp lm constant_tsc arch_perfmon pebs bts nopl xtopology nonstop_tsc aperfmperf eagerfpu pni pclmulqdq dtes64 monitor ds_cpl vmx est tm2 ssse3 cx16 xtpr pdcm pcid sse4_1 sse4_2 x2apic popcnt tsc_deadline_timer aes xsave avx lahf_lm ida arat epb xsaveopt pln pts dtherm tpr_shadow vnmi flexpriority ept vpid
bogomips	: 4585.11
clflush size	: 64
cache_alignment	: 64
address sizes	: 36 bits physical, 48 bits virtual
power management:

processor	: 2
vendor_id	: GenuineIntel
cpu family	: 6
model		: 42
model name	: Intel(R) Core(TM) i5-2410M CPU @ 2.30GHz
stepping	: 7
microcode	: 0x28
cpu MHz		: 2699.984
cache size	: 3072 KB
physical id	: 0
siblings	: 4
core id		: 1
cpu cores	: 2
apicid		: 2
initial apicid	: 2
fpu		: yes
fpu_exception	: yes
cpuid level	: 13
wp		: yes
flags		: fpu vme de pse tsc msr pae mce cx8 apic sep mtrr pge mca cmov pat pse36 clflush dts acpi mmx fxsr sse sse2 ss ht tm pbe syscall nx rdtscp lm constant_tsc arch_perfmon pebs bts nopl xtopology nonstop_tsc aperfmperf eagerfpu pni pclmulqdq dtes64 monitor ds_cpl vmx est tm2 ssse3 cx16 xtpr pdcm pcid sse4_1 sse4_2 x2apic popcnt tsc_deadline_timer aes xsave avx lahf_lm ida arat epb xsaveopt pln pts dtherm tpr_shadow vnmi flexpriority ept vpid
bogomips	: 4585.11
clflush size	: 64
cache_alignment	: 64
address sizes	: 36 bits physical, 48 bits virtual
power management:

processor	: 3
vendor_id	: GenuineIntel
cpu family	: 6
model		: 42
model name	: Intel(R) Core(TM) i5-2410M CPU @ 2.30GHz
stepping	: 7
microcode	: 0x28
cpu MHz		: 2699.984
cache size	: 3072 KB
physical id	: 0
siblings	: 4
core id		: 1
cpu cores	: 2
apicid		: 3
initial apicid	: 3
fpu		: yes
fpu_exception	: yes
cpuid level	: 13
wp		: yes
flags		: fpu vme de pse tsc msr pae mce cx8 apic sep mtrr pge mca cmov pat pse36 clflush dts acpi mmx fxsr sse sse2 ss ht tm pbe syscall nx rdtscp lm constant_tsc arch_perfmon pebs bts nopl xtopology nonstop_tsc aperfmperf eagerfpu pni pclmulqdq dtes64 monitor ds_cpl vmx est tm2 ssse3 cx16 xtpr pdcm pcid sse4_1 sse4_2 x2apic popcnt tsc_deadline_timer aes xsave avx lahf_lm ida arat epb xsaveopt pln pts dtherm tpr_shadow vnmi flexpriority ept vpid
bogomips	: 4585.11
clflush size	: 64
cache_alignment	: 64
address sizes	: 36 bits physical, 48 bits virtual
power management:



Memory: 4k page, physical 8056428k(204748k free), swap 8269820k(8229752k free)

vm_info: OpenJDK 64-Bit Server VM (24.85-b03) for linux-amd64 JRE (1.7.0_85-b01), built on Oct 22 2015 06:46:50 by "buildd" with gcc 4.8.2

time: Sun Dec 13 14:50:03 2015
elapsed time: 30 seconds

