#
# A fatal error has been detected by the Java Runtime Environment:
#
#  SIGSEGV (0xb) at pc=0x00007f1fb84183c0, pid=5587, tid=139774174017280
#
# JRE version: OpenJDK Runtime Environment (7.0_85-b01) (build 1.7.0_85-b01)
# Java VM: OpenJDK 64-Bit Server VM (24.85-b03 mixed mode linux-amd64 )
# Derivative: IcedTea 2.6.1
# Distribution: Ubuntu 14.04 LTS, package 7u85-2.6.1-5ubuntu0.14.04.1
# Problematic frame:
# V  [libjvm.so+0x8393c0]  oopDesc* PSPromotionManager::copy_to_survivor_space<false>(oopDesc*)+0x40
#
# Failed to write core dump. Core dumps have been disabled. To enable core dumping, try "ulimit -c unlimited" before starting Java again
#
# If you would like to submit a bug report, please include
# instructions on how to reproduce the bug and visit:
#   http://icedtea.classpath.org/bugzilla
#

---------------  T H R E A D  ---------------

Current thread (0x00007f1fb0026000):  GCTaskThread [stack: 0x00007f1fb5edb000,0x00007f1fb5fdc000] [id=5595]

siginfo:si_signo=SIGSEGV: si_errno=0, si_code=1 (SEGV_MAPERR), si_addr=0x0000000000000035

Registers:
RAX=0x0000000000000000, RBX=0x00007f14a9b9f340, RCX=0x00007f1fb89cdf48, RDX=0x000000000000001d
RSP=0x00007f1fb5fdac20, RBP=0x00007f1fb5fdac80, RSI=0x00007f14a9b9f340, RDI=0x00007f1fb0073d70
R8 =0x00007f1fb0073e10, R9 =0xffffffffd4dabeb0, R10=0xffffffffd4dabea0, R11=0x0000000000000036
R12=0x00007f14b4df6e90, R13=0x00007f14a9b9f408, R14=0x00007f1fb0073d70, R15=0x00007efdd1c0627c
RIP=0x00007f1fb84183c0, EFLAGS=0x0000000000010246, CSGSFS=0x0000000000000033, ERR=0x0000000000000004
  TRAPNO=0x000000000000000e

Top of Stack: (sp=0x00007f1fb5fdac20)
0x00007f1fb5fdac20:   00007efdc4240400 00007efdc4240404
0x00007f1fb5fdac30:   00007f1fb0073d78 00007f14b4df6e78
0x00007f1fb5fdac40:   00007f14b4df4660 0000000000001000
0x00007f1fb5fdac50:   00007f1fb8c118a4 00007f1fb0073d70
0x00007f1fb5fdac60:   00007f14b4df6e90 0000000000000000
0x00007f1fb5fdac70:   00007f1fb0073de0 00007efdd1c0627c
0x00007f1fb5fdac80:   00007f1fb5fdacf0 00007f1fb8417c78
0x00007f1fb5fdac90:   00007f1fb0073d70 00007f1fb0073e10
0x00007f1fb5fdaca0:   00007efdd1c0628e 0000000000000240
0x00007f1fb5fdacb0:   00007f1fb5fdacf0 00007f1fb819e0b5
0x00007f1fb5fdacc0:   00007f1fb0027028 00007efdede4f800
0x00007f1fb5fdacd0:   00007efdd1c0627c 00007f1fb001b740
0x00007f1fb5fdace0:   00007efdd1c0628e 00007efdd1c0627c
0x00007f1fb5fdacf0:   00007f1fb5fdad90 00007f1fb7f9b504
0x00007f1fb5fdad00:   00007efdd1c0628d 00007efdd1c06201
0x00007f1fb5fdad10:   0000000000000200 0000000000000000
0x00007f1fb5fdad20:   00007efe22383d80 00007efdd1c06400
0x00007f1fb5fdad30:   00007efdede51b28 00007efdd1da8c1f
0x00007f1fb5fdad40:   00007efdede4f908 00007f1fb0073d70
0x00007f1fb5fdad50:   00007efdd1c0627c 00007f1fb001b470
0x00007f1fb5fdad60:   0000000000000003 00007f1fb0028100
0x00007f1fb5fdad70:   00007f1fb0073d70 00007f1fb85971e6
0x00007f1fb5fdad80:   00007f1fb0026000 00007f1fb89c8502
0x00007f1fb5fdad90:   00007f1fb5fdadc0 00007f1fb841b47b
0x00007f1fb5fdada0:   0000000000000004 00007efc802967c0
0x00007f1fb5fdadb0:   0000000000000001 00007f1fb0028100
0x00007f1fb5fdadc0:   00007f1fb5fdaed0 00007f1fb8129b22
0x00007f1fb5fdadd0:   00000000000003d8 00007f1fb0026718
0x00007f1fb5fdade0:   00007f1fb0026340 00007f1fb5fdae60
0x00007f1fb5fdadf0:   00007f1fb0026300 00007f1fb0026330
0x00007f1fb5fdae00:   00007f1fb5fdae10 0000000000000000
0x00007f1fb5fdae10:   0000000000000000 00007f1fb0027000 

Instructions: (pc=0x00007f1fb84183c0)
0x00007f1fb84183a0:   03 0f 84 59 01 00 00 48 8d 05 25 03 5b 00 49 89
0x00007f1fb84183b0:   fe 0f b6 00 84 c0 0f 85 04 02 00 00 48 8b 56 08
0x00007f1fb84183c0:   8b 4a 18 48 8d 7a 10 83 f9 00 0f 8e 13 02 00 00
0x00007f1fb84183d0:   f6 c1 01 0f 85 17 02 00 00 89 c8 c1 f8 03 41 f6 

Register to memory mapping:

RAX=0x0000000000000000 is an unknown value
RBX=0x00007f14a9b9f340 is an unknown value
RCX=0x00007f1fb89cdf48: <offset 0xdeef48> in /usr/lib/jvm/java-7-openjdk-amd64/jre/lib/amd64/server/libjvm.so at 0x00007f1fb7bdf000
RDX=0x000000000000001d is an unknown value
RSP=0x00007f1fb5fdac20 is an unknown value
RBP=0x00007f1fb5fdac80 is an unknown value
RSI=0x00007f14a9b9f340 is an unknown value
RDI=0x00007f1fb0073d70 is an unknown value
R8 =0x00007f1fb0073e10 is an unknown value
R9 =0xffffffffd4dabeb0 is an unknown value
R10=0xffffffffd4dabea0 is an unknown value
R11=0x0000000000000036 is an unknown value
R12=0x00007f14b4df6e90 is an unknown value
R13=0x00007f14a9b9f408 is an oop
com.android.dx.util.IntList 
 - klass: 'com/android/dx/util/IntList'
R14=0x00007f1fb0073d70 is an unknown value
R15=0x00007efdd1c0627c is an unknown value


Stack: [0x00007f1fb5edb000,0x00007f1fb5fdc000],  sp=0x00007f1fb5fdac20,  free space=1023k
Native frames: (J=compiled Java code, j=interpreted, Vv=VM code, C=native code)
V  [libjvm.so+0x8393c0]  oopDesc* PSPromotionManager::copy_to_survivor_space<false>(oopDesc*)+0x40
V  [libjvm.so+0x838c78]  PSPromotionManager::drain_stacks_depth(bool)+0x5c8
V  [libjvm.so+0x3bc504]  CardTableExtension::scavenge_contents_parallel(ObjectStartArray*, MutableSpace*, HeapWord*, PSPromotionManager*, unsigned int, unsigned int)+0x934
V  [libjvm.so+0x83c47b]  OldToYoungRootsTask::do_it(GCTaskManager*, unsigned int)+0x4b
V  [libjvm.so+0x54ab22]  GCTaskThread::run()+0x162
V  [libjvm.so+0x7cc7e2]  java_start(Thread*)+0xf2


---------------  P R O C E S S  ---------------

Java Threads: ( => current thread )
  0x00007f1fb016e000 JavaThread "pool-1-thread-1" [_thread_blocked, id=5611, stack(0x00007efdbfeff000,0x00007efdc0000000)]
  0x00007f1fb01a2000 JavaThread "pool-2-thread-4" [_thread_blocked, id=5608, stack(0x00007efdc4040000,0x00007efdc4141000)]
  0x00007f1fb01a0800 JavaThread "pool-2-thread-3" [_thread_blocked, id=5607, stack(0x00007efdc4141000,0x00007efdc4242000)]
  0x00007f1fb019f800 JavaThread "pool-2-thread-2" [_thread_blocked, id=5606, stack(0x00007efdc4242000,0x00007efdc4343000)]
  0x00007f1fb019d000 JavaThread "pool-3-thread-1" [_thread_blocked, id=5605, stack(0x00007efdc4343000,0x00007efdc4444000)]
  0x00007f1fb019c000 JavaThread "pool-2-thread-1" [_thread_blocked, id=5604, stack(0x00007efdc4444000,0x00007efdc4545000)]
  0x00007f1fb00ae800 JavaThread "Service Thread" daemon [_thread_blocked, id=5602, stack(0x00007efdc5edd000,0x00007efdc5fde000)]
  0x00007f1fb00ac000 JavaThread "C2 CompilerThread1" daemon [_thread_blocked, id=5601, stack(0x00007efdc5fde000,0x00007efdc60df000)]
  0x00007f1fb00a9000 JavaThread "C2 CompilerThread0" daemon [_thread_blocked, id=5600, stack(0x00007efdc60df000,0x00007efdc61e0000)]
  0x00007f1fb00a7000 JavaThread "Signal Dispatcher" daemon [_thread_blocked, id=5599, stack(0x00007efdc61e0000,0x00007efdc62e1000)]
  0x00007f1fb007c800 JavaThread "Finalizer" daemon [_thread_blocked, id=5598, stack(0x00007efdc65aa000,0x00007efdc66ab000)]
  0x00007f1fb007a800 JavaThread "Reference Handler" daemon [_thread_blocked, id=5597, stack(0x00007efdc66ab000,0x00007efdc67ac000)]
  0x00007f1fb000a800 JavaThread "main" [_thread_blocked, id=5589, stack(0x00007f1fb96f6000,0x00007f1fb97f7000)]

Other Threads:
  0x00007f1fb0076000 VMThread [stack: 0x00007f1fb40a2000,0x00007f1fb41a3000] [id=5596]
  0x00007f1fb00b9800 WatcherThread [stack: 0x00007efdc5ddc000,0x00007efdc5edd000] [id=5603]

=>0x00007f1fb0026000 (exited) GCTaskThread [stack: 0x00007f1fb5edb000,0x00007f1fb5fdc000] [id=5595]

VM state:at safepoint (normal execution)

VM Mutex/Monitor currently owned by a thread:  ([mutex/lock_event])
[0x00007f1fb0006b40] Threads_lock - owner thread: 0x00007f1fb0076000
[0x00007f1fb0007040] Heap_lock - owner thread: 0x00007f1fb000a800

Heap
 PSYoungGen      total 1335296K, used 1211500K [0x00007f146d000000, 0x00007f14e0b80000, 0x00007f1fad000000)
  eden space 870912K, 100% used [0x00007f146d000000,0x00007f14a2280000,0x00007f14a2280000)
  from space 464384K, 73% used [0x00007f14c0800000,0x00007f14d549b258,0x00007f14dcd80000)
  to   space 497152K, 66% used [0x00007f14a2280000,0x00007f14b6308478,0x00007f14c0800000)
 ParOldGen       total 1057280K, used 871951K [0x00007efded000000, 0x00007efe2d880000, 0x00007f146d000000)
  object space 1057280K, 82% used [0x00007efded000000,0x00007efe22383d80,0x00007efe2d880000)
 PSPermGen       total 21504K, used 6647K [0x00007efde2a00000, 0x00007efde3f00000, 0x00007efded000000)
  object space 21504K, 30% used [0x00007efde2a00000,0x00007efde307de68,0x00007efde3f00000)

Card table byte_map: [0x00007efdd1bac000,0x00007efde2a00000] byte_map_base: 0x00007ebe52c97000

Polling page: 0x00007f1fb981a000

Code Cache  [0x00007f1fad000000, 0x00007f1fad4e0000, 0x00007f1fb0000000)
 total_blobs=1643 nmethods=1412 adapters=184 free_code_cache=44277Kb largest_free_block=45260608

Compilation events (10 events):
Event: 27.723 Thread 0x00007f1fb00a9000 1496             com.android.dx.dex.code.DalvCode::hasPositions (24 bytes)
Event: 27.725 Thread 0x00007f1fb00a9000 nmethod 1496 0x00007f1fad4c8310 code [0x00007f1fad4c8460, 0x00007f1fad4c84f8]
Event: 27.725 Thread 0x00007f1fb00a9000 1497             com.android.dx.dex.code.OutputFinisher::hasAnyPositionInfo (5 bytes)
Event: 27.726 Thread 0x00007f1fb00a9000 nmethod 1497 0x00007f1fad4c6490 code [0x00007f1fad4c65c0, 0x00007f1fad4c6618]
Event: 27.754 Thread 0x00007f1fb00a9000 1498             com.android.dx.dex.code.DalvCode::hasLocals (8 bytes)
Event: 27.754 Thread 0x00007f1fb00a9000 nmethod 1498 0x00007f1fad4c6250 code [0x00007f1fad4c6380, 0x00007f1fad4c63f8]
Event: 27.755 Thread 0x00007f1fb00a9000 1499             com.android.dx.dex.code.OutputFinisher::hasAnyLocalInfo (5 bytes)
Event: 27.755 Thread 0x00007f1fb00a9000 nmethod 1499 0x00007f1fad4cda10 code [0x00007f1fad4cdb40, 0x00007f1fad4cdb98]
Event: 27.768 Thread 0x00007f1fb00ac000 nmethod 1489 0x00007f1fad4d12d0 code [0x00007f1fad4d1660, 0x00007f1fad4d3500]
Event: 27.808 Thread 0x00007f1fb00a9000 1500             com.android.dx.dex.file.CodeItem::addContents (174 bytes)

GC Heap History (10 events):
Event: 19.824 GC heap after
Heap after GC invocations=21 (full 4):
 PSYoungGen      total 1041920K, used 290583K [0x00007f146d000000, 0x00007f14cca80000, 0x00007f1fad000000)
  eden space 735744K, 0% used [0x00007f146d000000,0x00007f146d000000,0x00007f1499e80000)
  from space 306176K, 94% used [0x00007f1499e80000,0x00007f14aba45d80,0x00007f14ac980000)
  to   space 352256K, 0% used [0x00007f14b7280000,0x00007f14b7280000,0x00007f14cca80000)
 ParOldGen       total 749568K, used 621930K [0x00007efded000000, 0x00007efe1ac00000, 0x00007f146d000000)
  object space 749568K, 82% used [0x00007efded000000,0x00007efe12f5a8d0,0x00007efe1ac00000)
 PSPermGen       total 21504K, used 6541K [0x00007efde2a00000, 0x00007efde3f00000, 0x00007efded000000)
  object space 21504K, 30% used [0x00007efde2a00000,0x00007efde30635e8,0x00007efde3f00000)
}
Event: 20.954 GC heap before
{Heap before GC invocations=22 (full 4):
 PSYoungGen      total 1041920K, used 1026327K [0x00007f146d000000, 0x00007f14cca80000, 0x00007f1fad000000)
  eden space 735744K, 100% used [0x00007f146d000000,0x00007f1499e80000,0x00007f1499e80000)
  from space 306176K, 94% used [0x00007f1499e80000,0x00007f14aba45d80,0x00007f14ac980000)
  to   space 352256K, 0% used [0x00007f14b7280000,0x00007f14b7280000,0x00007f14cca80000)
 ParOldGen       total 749568K, used 621930K [0x00007efded000000, 0x00007efe1ac00000, 0x00007f146d000000)
  object space 749568K, 82% used [0x00007efded000000,0x00007efe12f5a8d0,0x00007efe1ac00000)
 PSPermGen       total 21504K, used 6546K [0x00007efde2a00000, 0x00007efde3f00000, 0x00007efded000000)
  object space 21504K, 30% used [0x00007efde2a00000,0x00007efde3064ac0,0x00007efde3f00000)
Event: 21.332 GC heap after
Heap after GC invocations=22 (full 4):
 PSYoungGen      total 1133568K, used 352248K [0x00007f146d000000, 0x00007f14d6d80000, 0x00007f1fad000000)
  eden space 781312K, 0% used [0x00007f146d000000,0x00007f146d000000,0x00007f149cb00000)
  from space 352256K, 99% used [0x00007f14b7280000,0x00007f14cca7e270,0x00007f14cca80000)
  to   space 433664K, 0% used [0x00007f149cb00000,0x00007f149cb00000,0x00007f14b7280000)
 ParOldGen       total 749568K, used 680621K [0x00007efded000000, 0x00007efe1ac00000, 0x00007f146d000000)
  object space 749568K, 90% used [0x00007efded000000,0x00007efe168ab448,0x00007efe1ac00000)
 PSPermGen       total 21504K, used 6546K [0x00007efde2a00000, 0x00007efde3f00000, 0x00007efded000000)
  object space 21504K, 30% used [0x00007efde2a00000,0x00007efde3064ac0,0x00007efde3f00000)
}
Event: 21.332 GC heap before
{Heap before GC invocations=23 (full 5):
 PSYoungGen      total 1133568K, used 352248K [0x00007f146d000000, 0x00007f14d6d80000, 0x00007f1fad000000)
  eden space 781312K, 0% used [0x00007f146d000000,0x00007f146d000000,0x00007f149cb00000)
  from space 352256K, 99% used [0x00007f14b7280000,0x00007f14cca7e270,0x00007f14cca80000)
  to   space 433664K, 0% used [0x00007f149cb00000,0x00007f149cb00000,0x00007f14b7280000)
 ParOldGen       total 749568K, used 680621K [0x00007efded000000, 0x00007efe1ac00000, 0x00007f146d000000)
  object space 749568K, 90% used [0x00007efded000000,0x00007efe168ab448,0x00007efe1ac00000)
 PSPermGen       total 21504K, used 6546K [0x00007efde2a00000, 0x00007efde3f00000, 0x00007efded000000)
  object space 21504K, 30% used [0x00007efde2a00000,0x00007efde3064ac0,0x00007efde3f00000)
Event: 23.480 GC heap after
Heap after GC invocations=23 (full 5):
 PSYoungGen      total 1133568K, used 273186K [0x00007f146d000000, 0x00007f14d6d80000, 0x00007f1fad000000)
  eden space 781312K, 0% used [0x00007f146d000000,0x00007f146d000000,0x00007f149cb00000)
  from space 352256K, 77% used [0x00007f14b7280000,0x00007f14c7d48b50,0x00007f14cca80000)
  to   space 433664K, 0% used [0x00007f149cb00000,0x00007f149cb00000,0x00007f14b7280000)
 ParOldGen       total 1057280K, used 749339K [0x00007efded000000, 0x00007efe2d880000, 0x00007f146d000000)
  object space 1057280K, 70% used [0x00007efded000000,0x00007efe1abc6f58,0x00007efe2d880000)
 PSPermGen       total 21504K, used 6546K [0x00007efde2a00000, 0x00007efde3f00000, 0x00007efded000000)
  object space 21504K, 30% used [0x00007efde2a00000,0x00007efde3064a60,0x00007efde3f00000)
}
Event: 24.796 GC heap before
{Heap before GC invocations=24 (full 5):
 PSYoungGen      total 1133568K, used 1054498K [0x00007f146d000000, 0x00007f14d6d80000, 0x00007f1fad000000)
  eden space 781312K, 100% used [0x00007f146d000000,0x00007f149cb00000,0x00007f149cb00000)
  from space 352256K, 77% used [0x00007f14b7280000,0x00007f14c7d48b50,0x00007f14cca80000)
  to   space 433664K, 0% used [0x00007f149cb00000,0x00007f149cb00000,0x00007f14b7280000)
 ParOldGen       total 1057280K, used 749339K [0x00007efded000000, 0x00007efe2d880000, 0x00007f146d000000)
  object space 1057280K, 70% used [0x00007efded000000,0x00007efe1abc6f58,0x00007efe2d880000)
 PSPermGen       total 21504K, used 6547K [0x00007efde2a00000, 0x00007efde3f00000, 0x00007efded000000)
  object space 21504K, 30% used [0x00007efde2a00000,0x00007efde3064c00,0x00007efde3f00000)
Event: 25.141 GC heap after
Heap after GC invocations=24 (full 5):
 PSYoungGen      total 1214976K, used 317344K [0x00007f146d000000, 0x00007f14dcd80000, 0x00007f1fad000000)
  eden space 781312K, 0% used [0x00007f146d000000,0x00007f146d000000,0x00007f149cb00000)
  from space 433664K, 73% used [0x00007f149cb00000,0x00007f14b00e80f0,0x00007f14b7280000)
  to   space 464384K, 0% used [0x00007f14c0800000,0x00007f14c0800000,0x00007f14dcd80000)
 ParOldGen       total 1057280K, used 871951K [0x00007efded000000, 0x00007efe2d880000, 0x00007f146d000000)
  object space 1057280K, 82% used [0x00007efded000000,0x00007efe22383d80,0x00007efe2d880000)
 PSPermGen       total 21504K, used 6547K [0x00007efde2a00000, 0x00007efde3f00000, 0x00007efded000000)
  object space 21504K, 30% used [0x00007efde2a00000,0x00007efde3064c00,0x00007efde3f00000)
}
Event: 26.377 GC heap before
{Heap before GC invocations=25 (full 5):
 PSYoungGen      total 1214976K, used 1098656K [0x00007f146d000000, 0x00007f14dcd80000, 0x00007f1fad000000)
  eden space 781312K, 100% used [0x00007f146d000000,0x00007f149cb00000,0x00007f149cb00000)
  from space 433664K, 73% used [0x00007f149cb00000,0x00007f14b00e80f0,0x00007f14b7280000)
  to   space 464384K, 0% used [0x00007f14c0800000,0x00007f14c0800000,0x00007f14dcd80000)
 ParOldGen       total 1057280K, used 871951K [0x00007efded000000, 0x00007efe2d880000, 0x00007f146d000000)
  object space 1057280K, 82% used [0x00007efded000000,0x00007efe22383d80,0x00007efe2d880000)
 PSPermGen       total 21504K, used 6547K [0x00007efde2a00000, 0x00007efde3f00000, 0x00007efded000000)
  object space 21504K, 30% used [0x00007efde2a00000,0x00007efde3064c00,0x00007efde3f00000)
Event: 26.622 GC heap after
Heap after GC invocations=25 (full 5):
 PSYoungGen      total 1335296K, used 340588K [0x00007f146d000000, 0x00007f14e0b80000, 0x00007f1fad000000)
  eden space 870912K, 0% used [0x00007f146d000000,0x00007f146d000000,0x00007f14a2280000)
  from space 464384K, 73% used [0x00007f14c0800000,0x00007f14d549b258,0x00007f14dcd80000)
  to   space 497152K, 0% used [0x00007f14a2280000,0x00007f14a2280000,0x00007f14c0800000)
 ParOldGen       total 1057280K, used 871951K [0x00007efded000000, 0x00007efe2d880000, 0x00007f146d000000)
  object space 1057280K, 82% used [0x00007efded000000,0x00007efe22383d80,0x00007efe2d880000)
 PSPermGen       total 21504K, used 6547K [0x00007efde2a00000, 0x00007efde3f00000, 0x00007efded000000)
  object space 21504K, 30% used [0x00007efde2a00000,0x00007efde3064c00,0x00007efde3f00000)
}
Event: 27.896 GC heap before
{Heap before GC invocations=26 (full 5):
 PSYoungGen      total 1335296K, used 1211500K [0x00007f146d000000, 0x00007f14e0b80000, 0x00007f1fad000000)
  eden space 870912K, 100% used [0x00007f146d000000,0x00007f14a2280000,0x00007f14a2280000)
  from space 464384K, 73% used [0x00007f14c0800000,0x00007f14d549b258,0x00007f14dcd80000)
  to   space 497152K, 0% used [0x00007f14a2280000,0x00007f14a2280000,0x00007f14c0800000)
 ParOldGen       total 1057280K, used 871951K [0x00007efded000000, 0x00007efe2d880000, 0x00007f146d000000)
  object space 1057280K, 82% used [0x00007efded000000,0x00007efe22383d80,0x00007efe2d880000)
 PSPermGen       total 21504K, used 6647K [0x00007efde2a00000, 0x00007efde3f00000, 0x00007efded000000)
  object space 21504K, 30% used [0x00007efde2a00000,0x00007efde307de68,0x00007efde3f00000)

Deoptimization events (10 events):
Event: 26.835 Thread 0x00007f1fb016e000 Uncommon trap: reason=class_check action=maybe_recompile pc=0x00007f1fad4a7968 method=java.util.Collections.sort(Ljava/util/List;)V @ 37
Event: 26.835 Thread 0x00007f1fb016e000 Uncommon trap: reason=class_check action=maybe_recompile pc=0x00007f1fad4a7968 method=java.util.Collections.sort(Ljava/util/List;)V @ 37
Event: 26.835 Thread 0x00007f1fb016e000 Uncommon trap: reason=class_check action=maybe_recompile pc=0x00007f1fad4a7968 method=java.util.Collections.sort(Ljava/util/List;)V @ 37
Event: 26.835 Thread 0x00007f1fb016e000 Uncommon trap: reason=class_check action=maybe_recompile pc=0x00007f1fad4a7968 method=java.util.Collections.sort(Ljava/util/List;)V @ 37
Event: 26.952 Thread 0x00007f1fb016e000 Uncommon trap: reason=unstable_if action=reinterpret pc=0x00007f1fad4241bc method=java.util.ComparableTimSort.countRunAndMakeAscending([Ljava/lang/Object;II)I @ 25
Event: 27.392 Thread 0x00007f1fb016e000 Uncommon trap: reason=unstable_if action=reinterpret pc=0x00007f1fad4c4a50 method=com.android.dx.dex.file.CodeItem.addContents(Lcom/android/dx/dex/file/DexFile;)V @ 17
Event: 27.573 Thread 0x00007f1fb016e000 Uncommon trap: reason=null_check action=make_not_entrant pc=0x00007f1fad4caeec method=com.android.dx.dex.file.TypeIdsSection.intern(Lcom/android/dx/rop/type/Type;)Lcom/android/dx/dex/file/TypeIdItem; @ 26
Event: 27.751 Thread 0x00007f1fb000a800 Uncommon trap: reason=unstable_if action=reinterpret pc=0x00007f1fad4ad3d8 method=java.util.concurrent.locks.AbstractQueuedSynchronizer.acquireQueued(Ljava/util/concurrent/locks/AbstractQueuedSynchronizer$Node;I)Z @ 25
Event: 27.792 Thread 0x00007f1fb016e000 Uncommon trap: reason=unstable_if action=reinterpret pc=0x00007f1fad4d2b18 method=com.android.dx.dex.code.DalvCode.hasPositions()Z @ 15
Event: 27.792 Thread 0x00007f1fb016e000 Uncommon trap: reason=unstable_if action=reinterpret pc=0x00007f1fad4c84c4 method=com.android.dx.dex.code.DalvCode.hasPositions()Z @ 15

Internal exceptions (10 events):
Event: 11.151 Thread 0x00007f1fb01a2000 Threw 0x00007f148733cfc0 at /build/openjdk-7-65SuYz/openjdk-7-7u85-2.6.1/build/openjdk/hotspot/src/share/vm/prims/jvm.cpp:1322
Event: 12.657 Thread 0x00007f1fb019c000 Implicit null exception at 0x00007f1fad18a749 to 0x00007f1fad18bafd
Event: 12.657 Thread 0x00007f1fb019c000 Implicit null exception at 0x00007f1fad29957e to 0x00007f1fad2996f1
Event: 12.658 Thread 0x00007f1fb019c000 Implicit null exception at 0x00007f1fad2968b8 to 0x00007f1fad2969b9
Event: 18.928 Thread 0x00007f1fb019f800 Threw 0x00007f146f99dc78 at /build/openjdk-7-65SuYz/openjdk-7-7u85-2.6.1/build/openjdk/hotspot/src/share/vm/prims/jvm.cpp:1322
Event: 18.935 Thread 0x00007f1fb019f800 Threw 0x00007f146f9f7c08 at /build/openjdk-7-65SuYz/openjdk-7-7u85-2.6.1/build/openjdk/hotspot/src/share/vm/prims/jvm.cpp:1322
Event: 26.636 Thread 0x00007f1fb000a800 Threw 0x00007f146d791d70 at /build/openjdk-7-65SuYz/openjdk-7-7u85-2.6.1/build/openjdk/hotspot/src/share/vm/prims/jvm.cpp:1322
Event: 26.712 Thread 0x00007f1fb016e000 Threw 0x00007f146e86b610 at /build/openjdk-7-65SuYz/openjdk-7-7u85-2.6.1/build/openjdk/hotspot/src/share/vm/prims/jvm.cpp:1322
Event: 27.122 Thread 0x00007f1fb016e000 Threw 0x00007f148356bb78 at /build/openjdk-7-65SuYz/openjdk-7-7u85-2.6.1/build/openjdk/hotspot/src/share/vm/prims/jvm.cpp:1322
Event: 27.573 Thread 0x00007f1fb016e000 Implicit null exception at 0x00007f1fad4ca2d4 to 0x00007f1fad4caed5

Events (10 events):
Event: 27.751 Thread 0x00007f1fb000a800 Uncommon trap: trap_request=0xffffff75 fr.pc=0x00007f1fad4ad3d8
Event: 27.751 Thread 0x00007f1fb000a800 DEOPT PACKING pc=0x00007f1fad4ad3d8 sp=0x00007f1fb97f5190
Event: 27.751 Thread 0x00007f1fb000a800 DEOPT UNPACKING pc=0x00007f1fad039445 sp=0x00007f1fb97f5030 mode 2
Event: 27.792 Thread 0x00007f1fb016e000 Uncommon trap: trap_request=0xffffff75 fr.pc=0x00007f1fad4d2b18
Event: 27.792 Thread 0x00007f1fb016e000 DEOPT PACKING pc=0x00007f1fad4d2b18 sp=0x00007efdbfffe490
Event: 27.792 Thread 0x00007f1fb016e000 DEOPT UNPACKING pc=0x00007f1fad039445 sp=0x00007efdbfffe430 mode 2
Event: 27.792 Thread 0x00007f1fb016e000 Uncommon trap: trap_request=0xffffff75 fr.pc=0x00007f1fad4c84c4
Event: 27.792 Thread 0x00007f1fb016e000 DEOPT PACKING pc=0x00007f1fad4c84c4 sp=0x00007efdbfffe450
Event: 27.792 Thread 0x00007f1fb016e000 DEOPT UNPACKING pc=0x00007f1fad039445 sp=0x00007efdbfffe418 mode 2
Event: 27.894 Executing VM operation: ParallelGCFailedAllocation


Dynamic libraries:
00400000-00401000 r-xp 00000000 fc:01 1050731                            /usr/lib/jvm/java-7-openjdk-amd64/jre/bin/java
00600000-00601000 r--p 00000000 fc:01 1050731                            /usr/lib/jvm/java-7-openjdk-amd64/jre/bin/java
00601000-00602000 rw-p 00001000 fc:01 1050731                            /usr/lib/jvm/java-7-openjdk-amd64/jre/bin/java
0122c000-0124d000 rw-p 00000000 00:00 0                                  [heap]
7efc54000000-7efc54021000 rw-p 00000000 00:00 0 
7efc54021000-7efc58000000 ---p 00000000 00:00 0 
7efc5c000000-7efc5c02e000 rw-p 00000000 00:00 0 
7efc5c02e000-7efc60000000 ---p 00000000 00:00 0 
7efc60000000-7efc60036000 rw-p 00000000 00:00 0 
7efc60036000-7efc64000000 ---p 00000000 00:00 0 
7efc64000000-7efc64021000 rw-p 00000000 00:00 0 
7efc64021000-7efc68000000 ---p 00000000 00:00 0 
7efc68000000-7efc68021000 rw-p 00000000 00:00 0 
7efc68021000-7efc6c000000 ---p 00000000 00:00 0 
7efc6c000000-7efc6c021000 rw-p 00000000 00:00 0 
7efc6c021000-7efc70000000 ---p 00000000 00:00 0 
7efc70000000-7efc7003c000 rw-p 00000000 00:00 0 
7efc7003c000-7efc74000000 ---p 00000000 00:00 0 
7efc74000000-7efc75bbc000 rw-p 00000000 00:00 0 
7efc75bbc000-7efc78000000 ---p 00000000 00:00 0 
7efc78000000-7efc78021000 rw-p 00000000 00:00 0 
7efc78021000-7efc7c000000 ---p 00000000 00:00 0 
7efc7c000000-7efc7c021000 rw-p 00000000 00:00 0 
7efc7c021000-7efc80000000 ---p 00000000 00:00 0 
7efc80000000-7efc819d6000 rw-p 00000000 00:00 0 
7efc819d6000-7efc84000000 ---p 00000000 00:00 0 
7efc84000000-7efc84021000 rw-p 00000000 00:00 0 
7efc84021000-7efc88000000 ---p 00000000 00:00 0 
7efc88000000-7efc88021000 rw-p 00000000 00:00 0 
7efc88021000-7efc8c000000 ---p 00000000 00:00 0 
7efc8c000000-7efc8c021000 rw-p 00000000 00:00 0 
7efc8c021000-7efc90000000 ---p 00000000 00:00 0 
7efc90c7d000-7efdb0000000 rw-p 00000000 00:00 0 
7efdb0000000-7efdb0021000 rw-p 00000000 00:00 0 
7efdb0021000-7efdb4000000 ---p 00000000 00:00 0 
7efdb4000000-7efdb4249000 rw-p 00000000 00:00 0 
7efdb4249000-7efdb8000000 ---p 00000000 00:00 0 
7efdb8000000-7efdb8021000 rw-p 00000000 00:00 0 
7efdb8021000-7efdbc000000 ---p 00000000 00:00 0 
7efdbfeff000-7efdbff02000 ---p 00000000 00:00 0 
7efdbff02000-7efdc0000000 rw-p 00000000 00:00 0                          [stack:5611]
7efdc0000000-7efdc0021000 rw-p 00000000 00:00 0 
7efdc0021000-7efdc4000000 ---p 00000000 00:00 0 
7efdc4040000-7efdc4043000 ---p 00000000 00:00 0 
7efdc4043000-7efdc4141000 rw-p 00000000 00:00 0                          [stack:5608]
7efdc4141000-7efdc4144000 ---p 00000000 00:00 0 
7efdc4144000-7efdc4242000 rw-p 00000000 00:00 0                          [stack:5607]
7efdc4242000-7efdc4245000 ---p 00000000 00:00 0 
7efdc4245000-7efdc4343000 rw-p 00000000 00:00 0                          [stack:5606]
7efdc4343000-7efdc4346000 ---p 00000000 00:00 0 
7efdc4346000-7efdc4444000 rw-p 00000000 00:00 0                          [stack:5605]
7efdc4444000-7efdc4447000 ---p 00000000 00:00 0 
7efdc4447000-7efdc4545000 rw-p 00000000 00:00 0                          [stack:5604]
7efdc4545000-7efdc4582000 r-xp 00000000 fc:01 7995407                    /lib/x86_64-linux-gnu/libpcre.so.3.13.1
7efdc4582000-7efdc4781000 ---p 0003d000 fc:01 7995407                    /lib/x86_64-linux-gnu/libpcre.so.3.13.1
7efdc4781000-7efdc4782000 r--p 0003c000 fc:01 7995407                    /lib/x86_64-linux-gnu/libpcre.so.3.13.1
7efdc4782000-7efdc4783000 rw-p 0003d000 fc:01 7995407                    /lib/x86_64-linux-gnu/libpcre.so.3.13.1
7efdc4783000-7efdc478a000 r-xp 00000000 fc:01 925605                     /usr/lib/x86_64-linux-gnu/libffi.so.6.0.1
7efdc478a000-7efdc4989000 ---p 00007000 fc:01 925605                     /usr/lib/x86_64-linux-gnu/libffi.so.6.0.1
7efdc4989000-7efdc498a000 r--p 00006000 fc:01 925605                     /usr/lib/x86_64-linux-gnu/libffi.so.6.0.1
7efdc498a000-7efdc498b000 rw-p 00007000 fc:01 925605                     /usr/lib/x86_64-linux-gnu/libffi.so.6.0.1
7efdc498b000-7efdc49a2000 r-xp 00000000 fc:01 7999777                    /lib/x86_64-linux-gnu/libresolv-2.19.so
7efdc49a2000-7efdc4ba2000 ---p 00017000 fc:01 7999777                    /lib/x86_64-linux-gnu/libresolv-2.19.so
7efdc4ba2000-7efdc4ba3000 r--p 00017000 fc:01 7999777                    /lib/x86_64-linux-gnu/libresolv-2.19.so
7efdc4ba3000-7efdc4ba4000 rw-p 00018000 fc:01 7999777                    /lib/x86_64-linux-gnu/libresolv-2.19.so
7efdc4ba4000-7efdc4ba6000 rw-p 00000000 00:00 0 
7efdc4ba6000-7efdc4bc6000 r-xp 00000000 fc:01 7999781                    /lib/x86_64-linux-gnu/libselinux.so.1
7efdc4bc6000-7efdc4dc5000 ---p 00020000 fc:01 7999781                    /lib/x86_64-linux-gnu/libselinux.so.1
7efdc4dc5000-7efdc4dc6000 r--p 0001f000 fc:01 7999781                    /lib/x86_64-linux-gnu/libselinux.so.1
7efdc4dc6000-7efdc4dc7000 rw-p 00020000 fc:01 7999781                    /lib/x86_64-linux-gnu/libselinux.so.1
7efdc4dc7000-7efdc4dc9000 rw-p 00000000 00:00 0 
7efdc4dc9000-7efdc4dcc000 r-xp 00000000 fc:01 925748                     /usr/lib/x86_64-linux-gnu/libgmodule-2.0.so.0.4002.0
7efdc4dcc000-7efdc4fcb000 ---p 00003000 fc:01 925748                     /usr/lib/x86_64-linux-gnu/libgmodule-2.0.so.0.4002.0
7efdc4fcb000-7efdc4fcc000 r--p 00002000 fc:01 925748                     /usr/lib/x86_64-linux-gnu/libgmodule-2.0.so.0.4002.0
7efdc4fcc000-7efdc4fcd000 rw-p 00003000 fc:01 925748                     /usr/lib/x86_64-linux-gnu/libgmodule-2.0.so.0.4002.0
7efdc4fcd000-7efdc50d3000 r-xp 00000000 fc:01 7999681                    /lib/x86_64-linux-gnu/libglib-2.0.so.0.4002.0
7efdc50d3000-7efdc52d2000 ---p 00106000 fc:01 7999681                    /lib/x86_64-linux-gnu/libglib-2.0.so.0.4002.0
7efdc52d2000-7efdc52d3000 r--p 00105000 fc:01 7999681                    /lib/x86_64-linux-gnu/libglib-2.0.so.0.4002.0
7efdc52d3000-7efdc52d4000 rw-p 00106000 fc:01 7999681                    /lib/x86_64-linux-gnu/libglib-2.0.so.0.4002.0
7efdc52d4000-7efdc52d5000 rw-p 00000000 00:00 0 
7efdc52d5000-7efdc5324000 r-xp 00000000 fc:01 925772                     /usr/lib/x86_64-linux-gnu/libgobject-2.0.so.0.4002.0
7efdc5324000-7efdc5524000 ---p 0004f000 fc:01 925772                     /usr/lib/x86_64-linux-gnu/libgobject-2.0.so.0.4002.0
7efdc5524000-7efdc5525000 r--p 0004f000 fc:01 925772                     /usr/lib/x86_64-linux-gnu/libgobject-2.0.so.0.4002.0
7efdc5525000-7efdc5526000 rw-p 00050000 fc:01 925772                     /usr/lib/x86_64-linux-gnu/libgobject-2.0.so.0.4002.0
7efdc5526000-7efdc5692000 r-xp 00000000 fc:01 925732                     /usr/lib/x86_64-linux-gnu/libgio-2.0.so.0.4002.0
7efdc5692000-7efdc5891000 ---p 0016c000 fc:01 925732                     /usr/lib/x86_64-linux-gnu/libgio-2.0.so.0.4002.0
7efdc5891000-7efdc5895000 r--p 0016b000 fc:01 925732                     /usr/lib/x86_64-linux-gnu/libgio-2.0.so.0.4002.0
7efdc5895000-7efdc5897000 rw-p 0016f000 fc:01 925732                     /usr/lib/x86_64-linux-gnu/libgio-2.0.so.0.4002.0
7efdc5897000-7efdc5899000 rw-p 00000000 00:00 0 
7efdc5899000-7efdc58b0000 r-xp 00000000 fc:01 1056370                    /usr/lib/jvm/java-7-openjdk-amd64/jre/lib/amd64/libnet.so
7efdc58b0000-7efdc5aaf000 ---p 00017000 fc:01 1056370                    /usr/lib/jvm/java-7-openjdk-amd64/jre/lib/amd64/libnet.so
7efdc5aaf000-7efdc5ab0000 r--p 00016000 fc:01 1056370                    /usr/lib/jvm/java-7-openjdk-amd64/jre/lib/amd64/libnet.so
7efdc5ab0000-7efdc5ab1000 rw-p 00017000 fc:01 1056370                    /usr/lib/jvm/java-7-openjdk-amd64/jre/lib/amd64/libnet.so
7efdc5ab1000-7efdc5ac1000 r-xp 00000000 fc:01 1056340                    /usr/lib/jvm/java-7-openjdk-amd64/jre/lib/amd64/libnio.so
7efdc5ac1000-7efdc5cc1000 ---p 00010000 fc:01 1056340                    /usr/lib/jvm/java-7-openjdk-amd64/jre/lib/amd64/libnio.so
7efdc5cc1000-7efdc5cc2000 r--p 00010000 fc:01 1056340                    /usr/lib/jvm/java-7-openjdk-amd64/jre/lib/amd64/libnio.so
7efdc5cc2000-7efdc5cc3000 rw-p 00011000 fc:01 1056340                    /usr/lib/jvm/java-7-openjdk-amd64/jre/lib/amd64/libnio.so
7efdc5cc3000-7efdc5ddc000 r--s 00c20000 fc:01 9045011                    /home/aaditya/Desktop/MtvConnect/mtvconnectandroid/app/build/intermediates/transforms/jarMerging/debug/jars/1/1f/combined.jar
7efdc5ddc000-7efdc5ddd000 ---p 00000000 00:00 0 
7efdc5ddd000-7efdc5edd000 rw-p 00000000 00:00 0                          [stack:5603]
7efdc5edd000-7efdc5ee0000 ---p 00000000 00:00 0 
7efdc5ee0000-7efdc5fde000 rw-p 00000000 00:00 0                          [stack:5602]
7efdc5fde000-7efdc5fe1000 ---p 00000000 00:00 0 
7efdc5fe1000-7efdc60df000 rw-p 00000000 00:00 0                          [stack:5601]
7efdc60df000-7efdc60e2000 ---p 00000000 00:00 0 
7efdc60e2000-7efdc61e0000 rw-p 00000000 00:00 0                          [stack:5600]
7efdc61e0000-7efdc61e3000 ---p 00000000 00:00 0 
7efdc61e3000-7efdc62e1000 rw-p 00000000 00:00 0                          [stack:5599]
7efdc62e1000-7efdc65aa000 r--p 00000000 fc:01 923932                     /usr/lib/locale/locale-archive
7efdc65aa000-7efdc65ad000 ---p 00000000 00:00 0 
7efdc65ad000-7efdc66ab000 rw-p 00000000 00:00 0                          [stack:5598]
7efdc66ab000-7efdc66ae000 ---p 00000000 00:00 0 
7efdc66ae000-7efdc69b1000 rw-p 00000000 00:00 0                          [stack:5597]
7efdc69b1000-7efdd1bac000 rw-p 00000000 00:00 0 
7efdd1bac000-7efdd1bb7000 rw-p 00000000 00:00 0 
7efdd1bb7000-7efdd1bff000 rw-p 00000000 00:00 0 
7efdd1bff000-7efdd1e04000 rw-p 00000000 00:00 0 
7efdd1e04000-7efddcfff000 rw-p 00000000 00:00 0 
7efddcfff000-7efddd39d000 rw-p 00000000 00:00 0 
7efddd39d000-7efde29ff000 rw-p 00000000 00:00 0 
7efde29ff000-7efde3f00000 rw-p 00000000 00:00 0 
7efde3f00000-7efded000000 rw-p 00000000 00:00 0 
7efded000000-7efe2d880000 rw-p 00000000 00:00 0 
7efe2d880000-7f146d000000 rw-p 00000000 00:00 0 
7f146d000000-7f14e0b80000 rw-p 00000000 00:00 0 
7f14e0b80000-7f1fad000000 rw-p 00000000 00:00 0 
7f1fad000000-7f1fad4e0000 rwxp 00000000 00:00 0 
7f1fad4e0000-7f1fb03cd000 rw-p 00000000 00:00 0 
7f1fb03cd000-7f1fb4000000 ---p 00000000 00:00 0 
7f1fb4025000-7f1fb4056000 rw-p 00000000 00:00 0 
7f1fb40a2000-7f1fb40a3000 ---p 00000000 00:00 0 
7f1fb40a3000-7f1fb51a0000 rw-p 00000000 00:00 0                          [stack:5596]
7f1fb51a0000-7f1fb5352000 r--s 01d30000 fc:01 1056334                    /usr/lib/jvm/java-7-openjdk-amd64/jre/lib/rt.jar
7f1fb5352000-7f1fb5edb000 rw-p 00000000 00:00 0 
7f1fb5edb000-7f1fb5edc000 ---p 00000000 00:00 0 
7f1fb5edc000-7f1fb5fdc000 rw-p 00000000 00:00 0                          [stack:5595]
7f1fb5fdc000-7f1fb5fdd000 ---p 00000000 00:00 0 
7f1fb5fdd000-7f1fb60dd000 rw-p 00000000 00:00 0                          [stack:5594]
7f1fb60dd000-7f1fb60de000 ---p 00000000 00:00 0 
7f1fb60de000-7f1fb61de000 rw-p 00000000 00:00 0                          [stack:5593]
7f1fb61de000-7f1fb61df000 ---p 00000000 00:00 0 
7f1fb61df000-7f1fb62ea000 rw-p 00000000 00:00 0                          [stack:5592]
7f1fb62ea000-7f1fb6332000 rw-p 00000000 00:00 0 
7f1fb6332000-7f1fb633a000 r-xp 00000000 fc:01 1056344                    /usr/lib/jvm/java-7-openjdk-amd64/jre/lib/amd64/libzip.so
7f1fb633a000-7f1fb6539000 ---p 00008000 fc:01 1056344                    /usr/lib/jvm/java-7-openjdk-amd64/jre/lib/amd64/libzip.so
7f1fb6539000-7f1fb653a000 r--p 00007000 fc:01 1056344                    /usr/lib/jvm/java-7-openjdk-amd64/jre/lib/amd64/libzip.so
7f1fb653a000-7f1fb653b000 rw-p 00008000 fc:01 1056344                    /usr/lib/jvm/java-7-openjdk-amd64/jre/lib/amd64/libzip.so
7f1fb653b000-7f1fb6546000 r-xp 00000000 fc:01 7999726                    /lib/x86_64-linux-gnu/libnss_files-2.19.so
7f1fb6546000-7f1fb6745000 ---p 0000b000 fc:01 7999726                    /lib/x86_64-linux-gnu/libnss_files-2.19.so
7f1fb6745000-7f1fb6746000 r--p 0000a000 fc:01 7999726                    /lib/x86_64-linux-gnu/libnss_files-2.19.so
7f1fb6746000-7f1fb6747000 rw-p 0000b000 fc:01 7999726                    /lib/x86_64-linux-gnu/libnss_files-2.19.so
7f1fb6747000-7f1fb6752000 r-xp 00000000 fc:01 7999736                    /lib/x86_64-linux-gnu/libnss_nis-2.19.so
7f1fb6752000-7f1fb6951000 ---p 0000b000 fc:01 7999736                    /lib/x86_64-linux-gnu/libnss_nis-2.19.so
7f1fb6951000-7f1fb6952000 r--p 0000a000 fc:01 7999736                    /lib/x86_64-linux-gnu/libnss_nis-2.19.so
7f1fb6952000-7f1fb6953000 rw-p 0000b000 fc:01 7999736                    /lib/x86_64-linux-gnu/libnss_nis-2.19.so
7f1fb6953000-7f1fb696a000 r-xp 00000000 fc:01 7999720                    /lib/x86_64-linux-gnu/libnsl-2.19.so
7f1fb696a000-7f1fb6b69000 ---p 00017000 fc:01 7999720                    /lib/x86_64-linux-gnu/libnsl-2.19.so
7f1fb6b69000-7f1fb6b6a000 r--p 00016000 fc:01 7999720                    /lib/x86_64-linux-gnu/libnsl-2.19.so
7f1fb6b6a000-7f1fb6b6b000 rw-p 00017000 fc:01 7999720                    /lib/x86_64-linux-gnu/libnsl-2.19.so
7f1fb6b6b000-7f1fb6b6d000 rw-p 00000000 00:00 0 
7f1fb6b6d000-7f1fb6b76000 r-xp 00000000 fc:01 7999722                    /lib/x86_64-linux-gnu/libnss_compat-2.19.so
7f1fb6b76000-7f1fb6d75000 ---p 00009000 fc:01 7999722                    /lib/x86_64-linux-gnu/libnss_compat-2.19.so
7f1fb6d75000-7f1fb6d76000 r--p 00008000 fc:01 7999722                    /lib/x86_64-linux-gnu/libnss_compat-2.19.so
7f1fb6d76000-7f1fb6d77000 rw-p 00009000 fc:01 7999722                    /lib/x86_64-linux-gnu/libnss_compat-2.19.so
7f1fb6d77000-7f1fb6da2000 r-xp 00000000 fc:01 1056352                    /usr/lib/jvm/java-7-openjdk-amd64/jre/lib/amd64/libjava.so
7f1fb6da2000-7f1fb6fa2000 ---p 0002b000 fc:01 1056352                    /usr/lib/jvm/java-7-openjdk-amd64/jre/lib/amd64/libjava.so
7f1fb6fa2000-7f1fb6fa3000 r--p 0002b000 fc:01 1056352                    /usr/lib/jvm/java-7-openjdk-amd64/jre/lib/amd64/libjava.so
7f1fb6fa3000-7f1fb6fa5000 rw-p 0002c000 fc:01 1056352                    /usr/lib/jvm/java-7-openjdk-amd64/jre/lib/amd64/libjava.so
7f1fb6fa5000-7f1fb6fb5000 r-xp 00000000 fc:01 1056366                    /usr/lib/jvm/java-7-openjdk-amd64/jre/lib/amd64/libverify.so
7f1fb6fb5000-7f1fb71b4000 ---p 00010000 fc:01 1056366                    /usr/lib/jvm/java-7-openjdk-amd64/jre/lib/amd64/libverify.so
7f1fb71b4000-7f1fb71b6000 r--p 0000f000 fc:01 1056366                    /usr/lib/jvm/java-7-openjdk-amd64/jre/lib/amd64/libverify.so
7f1fb71b6000-7f1fb71b7000 rw-p 00011000 fc:01 1056366                    /usr/lib/jvm/java-7-openjdk-amd64/jre/lib/amd64/libverify.so
7f1fb71b7000-7f1fb71be000 r-xp 00000000 fc:01 7999779                    /lib/x86_64-linux-gnu/librt-2.19.so
7f1fb71be000-7f1fb73bd000 ---p 00007000 fc:01 7999779                    /lib/x86_64-linux-gnu/librt-2.19.so
7f1fb73bd000-7f1fb73be000 r--p 00006000 fc:01 7999779                    /lib/x86_64-linux-gnu/librt-2.19.so
7f1fb73be000-7f1fb73bf000 rw-p 00007000 fc:01 7999779                    /lib/x86_64-linux-gnu/librt-2.19.so
7f1fb73bf000-7f1fb73d5000 r-xp 00000000 fc:01 7999677                    /lib/x86_64-linux-gnu/libgcc_s.so.1
7f1fb73d5000-7f1fb75d4000 ---p 00016000 fc:01 7999677                    /lib/x86_64-linux-gnu/libgcc_s.so.1
7f1fb75d4000-7f1fb75d5000 rw-p 00015000 fc:01 7999677                    /lib/x86_64-linux-gnu/libgcc_s.so.1
7f1fb75d5000-7f1fb76da000 r-xp 00000000 fc:01 7999701                    /lib/x86_64-linux-gnu/libm-2.19.so
7f1fb76da000-7f1fb78d9000 ---p 00105000 fc:01 7999701                    /lib/x86_64-linux-gnu/libm-2.19.so
7f1fb78d9000-7f1fb78da000 r--p 00104000 fc:01 7999701                    /lib/x86_64-linux-gnu/libm-2.19.so
7f1fb78da000-7f1fb78db000 rw-p 00105000 fc:01 7999701                    /lib/x86_64-linux-gnu/libm-2.19.so
7f1fb78db000-7f1fb79c1000 r-xp 00000000 fc:01 926335                     /usr/lib/x86_64-linux-gnu/libstdc++.so.6.0.19
7f1fb79c1000-7f1fb7bc0000 ---p 000e6000 fc:01 926335                     /usr/lib/x86_64-linux-gnu/libstdc++.so.6.0.19
7f1fb7bc0000-7f1fb7bc8000 r--p 000e5000 fc:01 926335                     /usr/lib/x86_64-linux-gnu/libstdc++.so.6.0.19
7f1fb7bc8000-7f1fb7bca000 rw-p 000ed000 fc:01 926335                     /usr/lib/x86_64-linux-gnu/libstdc++.so.6.0.19
7f1fb7bca000-7f1fb7bdf000 rw-p 00000000 00:00 0 
7f1fb7bdf000-7f1fb8703000 r-xp 00000000 fc:01 1056358                    /usr/lib/jvm/java-7-openjdk-amd64/jre/lib/amd64/server/libjvm.so
7f1fb8703000-7f1fb8902000 ---p 00b24000 fc:01 1056358                    /usr/lib/jvm/java-7-openjdk-amd64/jre/lib/amd64/server/libjvm.so
7f1fb8902000-7f1fb899c000 r--p 00b23000 fc:01 1056358                    /usr/lib/jvm/java-7-openjdk-amd64/jre/lib/amd64/server/libjvm.so
7f1fb899c000-7f1fb89bf000 rw-p 00bbd000 fc:01 1056358                    /usr/lib/jvm/java-7-openjdk-amd64/jre/lib/amd64/server/libjvm.so
7f1fb89bf000-7f1fb89ed000 rw-p 00000000 00:00 0 
7f1fb89ed000-7f1fb8a05000 r-xp 00000000 fc:01 7999814                    /lib/x86_64-linux-gnu/libz.so.1.2.8
7f1fb8a05000-7f1fb8c04000 ---p 00018000 fc:01 7999814                    /lib/x86_64-linux-gnu/libz.so.1.2.8
7f1fb8c04000-7f1fb8c05000 r--p 00017000 fc:01 7999814                    /lib/x86_64-linux-gnu/libz.so.1.2.8
7f1fb8c05000-7f1fb8c06000 rw-p 00018000 fc:01 7999814                    /lib/x86_64-linux-gnu/libz.so.1.2.8
7f1fb8c06000-7f1fb8c1f000 r-xp 00000000 fc:01 7999771                    /lib/x86_64-linux-gnu/libpthread-2.19.so
7f1fb8c1f000-7f1fb8e1e000 ---p 00019000 fc:01 7999771                    /lib/x86_64-linux-gnu/libpthread-2.19.so
7f1fb8e1e000-7f1fb8e1f000 r--p 00018000 fc:01 7999771                    /lib/x86_64-linux-gnu/libpthread-2.19.so
7f1fb8e1f000-7f1fb8e20000 rw-p 00019000 fc:01 7999771                    /lib/x86_64-linux-gnu/libpthread-2.19.so
7f1fb8e20000-7f1fb8e24000 rw-p 00000000 00:00 0 
7f1fb8e24000-7f1fb8e27000 r-xp 00000000 fc:01 7999667                    /lib/x86_64-linux-gnu/libdl-2.19.so
7f1fb8e27000-7f1fb9026000 ---p 00003000 fc:01 7999667                    /lib/x86_64-linux-gnu/libdl-2.19.so
7f1fb9026000-7f1fb9027000 r--p 00002000 fc:01 7999667                    /lib/x86_64-linux-gnu/libdl-2.19.so
7f1fb9027000-7f1fb9028000 rw-p 00003000 fc:01 7999667                    /lib/x86_64-linux-gnu/libdl-2.19.so
7f1fb9028000-7f1fb91e3000 r-xp 00000000 fc:01 7999650                    /lib/x86_64-linux-gnu/libc-2.19.so
7f1fb91e3000-7f1fb93e2000 ---p 001bb000 fc:01 7999650                    /lib/x86_64-linux-gnu/libc-2.19.so
7f1fb93e2000-7f1fb93e6000 r--p 001ba000 fc:01 7999650                    /lib/x86_64-linux-gnu/libc-2.19.so
7f1fb93e6000-7f1fb93e8000 rw-p 001be000 fc:01 7999650                    /lib/x86_64-linux-gnu/libc-2.19.so
7f1fb93e8000-7f1fb93ed000 rw-p 00000000 00:00 0 
7f1fb93ed000-7f1fb93fa000 r-xp 00000000 fc:01 1056367                    /usr/lib/jvm/java-7-openjdk-amd64/jre/lib/amd64/jli/libjli.so
7f1fb93fa000-7f1fb95f9000 ---p 0000d000 fc:01 1056367                    /usr/lib/jvm/java-7-openjdk-amd64/jre/lib/amd64/jli/libjli.so
7f1fb95f9000-7f1fb95fa000 r--p 0000c000 fc:01 1056367                    /usr/lib/jvm/java-7-openjdk-amd64/jre/lib/amd64/jli/libjli.so
7f1fb95fa000-7f1fb95fb000 rw-p 0000d000 fc:01 1056367                    /usr/lib/jvm/java-7-openjdk-amd64/jre/lib/amd64/jli/libjli.so
7f1fb95fb000-7f1fb961e000 r-xp 00000000 fc:01 7999624                    /lib/x86_64-linux-gnu/ld-2.19.so
7f1fb9627000-7f1fb9636000 r--s 000df000 fc:01 6031816                    /home/aaditya/Downloads/sdk/build-tools/23.0.1/lib/dx.jar
7f1fb9636000-7f1fb964a000 rw-p 00000000 00:00 0 
7f1fb964a000-7f1fb96f6000 rw-p 00000000 00:00 0 
7f1fb96f6000-7f1fb96f9000 ---p 00000000 00:00 0 
7f1fb96f9000-7f1fb97fd000 rw-p 00000000 00:00 0                          [stack:5589]
7f1fb97fd000-7f1fb97ff000 r--s 00012000 fc:01 1056326                    /usr/lib/jvm/java-7-openjdk-amd64/jre/lib/ext/zipfs.jar
7f1fb97ff000-7f1fb9803000 r--s 00085000 fc:01 1056327                    /usr/lib/jvm/java-7-openjdk-amd64/jre/lib/ext/localedata.jar
7f1fb9803000-7f1fb9807000 r--s 00034000 fc:01 1056329                    /usr/lib/jvm/java-7-openjdk-amd64/jre/lib/ext/sunjce_provider.jar
7f1fb9807000-7f1fb9808000 r--s 00002000 fc:01 1056331                    /usr/lib/jvm/java-7-openjdk-amd64/jre/lib/ext/dnsns.jar
7f1fb9808000-7f1fb980b000 r--s 0000f000 fc:01 1056328                    /usr/lib/jvm/java-7-openjdk-amd64/jre/lib/ext/icedtea-sound.jar
7f1fb980b000-7f1fb980f000 r--s 0003c000 fc:01 1056330                    /usr/lib/jvm/java-7-openjdk-amd64/jre/lib/ext/sunpkcs11.jar
7f1fb980f000-7f1fb9811000 r--s 00006000 fc:01 1447316                    /usr/share/java/java-atk-wrapper.jar
7f1fb9811000-7f1fb9819000 rw-s 00000000 fc:01 6689645                    /tmp/hsperfdata_aaditya/5587
7f1fb9819000-7f1fb981a000 rw-p 00000000 00:00 0 
7f1fb981a000-7f1fb981b000 ---p 00000000 00:00 0 
7f1fb981b000-7f1fb981d000 rw-p 00000000 00:00 0 
7f1fb981d000-7f1fb981e000 r--p 00022000 fc:01 7999624                    /lib/x86_64-linux-gnu/ld-2.19.so
7f1fb981e000-7f1fb981f000 rw-p 00023000 fc:01 7999624                    /lib/x86_64-linux-gnu/ld-2.19.so
7f1fb981f000-7f1fb9820000 rw-p 00000000 00:00 0 
7ffec77d6000-7ffec77f7000 rw-p 00000000 00:00 0                          [stack]
7ffec77f9000-7ffec77fb000 r-xp 00000000 00:00 0                          [vdso]
7ffec77fb000-7ffec77fd000 r--p 00000000 00:00 0                          [vvar]
ffffffffff600000-ffffffffff601000 r-xp 00000000 00:00 0                  [vsyscall]

VM Arguments:
jvm_args: -Djava.awt.headless=true -Xmx135g -Dfile.encoding=UTF-8 -Duser.country=IN -Duser.language=en -Duser.variant 
java_command: com.android.dx.command.Main --dex --num-threads=4 --multi-dex --main-dex-list /home/aaditya/Desktop/MtvConnect/mtvconnectandroid/app/build/intermediates/multi-dex/debug/maindexlist.txt --output /home/aaditya/Desktop/MtvConnect/mtvconnectandroid/app/build/intermediates/transforms/dex/debug/folders/1000/1f/main /home/aaditya/Desktop/MtvConnect/mtvconnectandroid/app/build/intermediates/transforms/jarMerging/debug/jars/1/1f/combined.jar
Launcher Type: SUN_STANDARD

Environment Variables:
JAVA_HOME=/usr/lib/jvm/java-7-openjdk-amd64
PATH=/usr/local/sbin:/usr/local/bin:/usr/sbin:/usr/bin:/sbin:/bin:/usr/games:/usr/local/games:/usr/lib/jvm/java-7-openjdk-amd64:/home/aaditya/Downloads/android-studio/bin
USERNAME=aaditya
LD_LIBRARY_PATH=/home/aaditya/Downloads/android-studio/bin:
SHELL=/bin/bash
DISPLAY=:0

Signal Handlers:
SIGSEGV: [libjvm.so+0x954820], sa_mask[0]=0x7ffbfeff, sa_flags=0x10000004
SIGBUS: [libjvm.so+0x954820], sa_mask[0]=0x7ffbfeff, sa_flags=0x10000004
SIGFPE: [libjvm.so+0x7cb150], sa_mask[0]=0x7ffbfeff, sa_flags=0x10000004
SIGPIPE: [libjvm.so+0x7cb150], sa_mask[0]=0x7ffbfeff, sa_flags=0x10000004
SIGXFSZ: [libjvm.so+0x7cb150], sa_mask[0]=0x7ffbfeff, sa_flags=0x10000004
SIGILL: [libjvm.so+0x7cb150], sa_mask[0]=0x7ffbfeff, sa_flags=0x10000004
SIGUSR1: SIG_DFL, sa_mask[0]=0x00000000, sa_flags=0x00000000
SIGUSR2: [libjvm.so+0x7caff0], sa_mask[0]=0x00000004, sa_flags=0x10000004
SIGHUP: [libjvm.so+0x7cb1d0], sa_mask[0]=0x7ffbfeff, sa_flags=0x10000004
SIGINT: [libjvm.so+0x7cb1d0], sa_mask[0]=0x7ffbfeff, sa_flags=0x10000004
SIGTERM: [libjvm.so+0x7cb1d0], sa_mask[0]=0x7ffbfeff, sa_flags=0x10000004
SIGQUIT: [libjvm.so+0x7cb1d0], sa_mask[0]=0x7ffbfeff, sa_flags=0x10000004
SIGTRAP: SIG_DFL, sa_mask[0]=0x00000000, sa_flags=0x00000000


---------------  S Y S T E M  ---------------

OS:LinuxMint 17.2 (rafaela)
uname:Linux 3.16.0-38-generic #52~14.04.1-Ubuntu SMP Fri May 8 09:43:57 UTC 2015 x86_64
libc:glibc 2.19 NPTL 2.19 
rlimit: STACK 8192k, CORE 0k, NPROC 31345, NOFILE 4096, AS infinity
load average:2.98 1.27 0.96

/proc/meminfo:
MemTotal:        8056428 kB
MemFree:         1441396 kB
MemAvailable:    2918588 kB
Buffers:          165308 kB
Cached:          1564976 kB
SwapCached:            0 kB
Active:          5545708 kB
Inactive:         766540 kB
Active(anon):    4583176 kB
Inactive(anon):   157696 kB
Active(file):     962532 kB
Inactive(file):   608844 kB
Unevictable:          16 kB
Mlocked:              16 kB
SwapTotal:       8269820 kB
SwapFree:        8269820 kB
Dirty:              9188 kB
Writeback:             0 kB
AnonPages:       4582048 kB
Mapped:           413412 kB
Shmem:            158908 kB
Slab:             185816 kB
SReclaimable:     149516 kB
SUnreclaim:        36300 kB
KernelStack:        8352 kB
PageTables:        33772 kB
NFS_Unstable:          0 kB
Bounce:                0 kB
WritebackTmp:          0 kB
CommitLimit:    12298032 kB
Committed_AS:   26802752 kB
VmallocTotal:   34359738367 kB
VmallocUsed:      360584 kB
VmallocChunk:   34359371584 kB
HardwareCorrupted:     0 kB
AnonHugePages:   4014080 kB
HugePages_Total:       0
HugePages_Free:        0
HugePages_Rsvd:        0
HugePages_Surp:        0
Hugepagesize:       2048 kB
DirectMap4k:      114304 kB
DirectMap2M:     8155136 kB


CPU:total 4 (2 cores per cpu, 2 threads per core) family 6 model 42 stepping 7, cmov, cx8, fxsr, mmx, sse, sse2, sse3, ssse3, sse4.1, sse4.2, popcnt, avx, aes, ht, tsc, tscinvbit

/proc/cpuinfo:
processor	: 0
vendor_id	: GenuineIntel
cpu family	: 6
model		: 42
model name	: Intel(R) Core(TM) i5-2410M CPU @ 2.30GHz
stepping	: 7
microcode	: 0x28
cpu MHz		: 2699.984
cache size	: 3072 KB
physical id	: 0
siblings	: 4
core id		: 0
cpu cores	: 2
apicid		: 0
initial apicid	: 0
fpu		: yes
fpu_exception	: yes
cpuid level	: 13
wp		: yes
flags		: fpu vme de pse tsc msr pae mce cx8 apic sep mtrr pge mca cmov pat pse36 clflush dts acpi mmx fxsr sse sse2 ss ht tm pbe syscall nx rdtscp lm constant_tsc arch_perfmon pebs bts nopl xtopology nonstop_tsc aperfmperf eagerfpu pni pclmulqdq dtes64 monitor ds_cpl vmx est tm2 ssse3 cx16 xtpr pdcm pcid sse4_1 sse4_2 x2apic popcnt tsc_deadline_timer aes xsave avx lahf_lm ida arat epb xsaveopt pln pts dtherm tpr_shadow vnmi flexpriority ept vpid
bogomips	: 4585.11
clflush size	: 64
cache_alignment	: 64
address sizes	: 36 bits physical, 48 bits virtual
power management:

processor	: 1
vendor_id	: GenuineIntel
cpu family	: 6
model		: 42
model name	: Intel(R) Core(TM) i5-2410M CPU @ 2.30GHz
stepping	: 7
microcode	: 0x28
cpu MHz		: 2699.984
cache size	: 3072 KB
physical id	: 0
siblings	: 4
core id		: 0
cpu cores	: 2
apicid		: 1
initial apicid	: 1
fpu		: yes
fpu_exception	: yes
cpuid level	: 13
wp		: yes
flags		: fpu vme de pse tsc msr pae mce cx8 apic sep mtrr pge mca cmov pat pse36 clflush dts acpi mmx fxsr sse sse2 ss ht tm pbe syscall nx rdtscp lm constant_tsc arch_perfmon pebs bts nopl xtopology nonstop_tsc aperfmperf eagerfpu pni pclmulqdq dtes64 monitor ds_cpl vmx est tm2 ssse3 cx16 xtpr pdcm pcid sse4_1 sse4_2 x2apic popcnt tsc_deadline_timer aes xsave avx lahf_lm ida arat epb xsaveopt pln pts dtherm tpr_shadow vnmi flexpriority ept vpid
bogomips	: 4585.11
clflush size	: 64
cache_alignment	: 64
address sizes	: 36 bits physical, 48 bits virtual
power management:

processor	: 2
vendor_id	: GenuineIntel
cpu family	: 6
model		: 42
model name	: Intel(R) Core(TM) i5-2410M CPU @ 2.30GHz
stepping	: 7
microcode	: 0x28
cpu MHz		: 2699.984
cache size	: 3072 KB
physical id	: 0
siblings	: 4
core id		: 1
cpu cores	: 2
apicid		: 2
initial apicid	: 2
fpu		: yes
fpu_exception	: yes
cpuid level	: 13
wp		: yes
flags		: fpu vme de pse tsc msr pae mce cx8 apic sep mtrr pge mca cmov pat pse36 clflush dts acpi mmx fxsr sse sse2 ss ht tm pbe syscall nx rdtscp lm constant_tsc arch_perfmon pebs bts nopl xtopology nonstop_tsc aperfmperf eagerfpu pni pclmulqdq dtes64 monitor ds_cpl vmx est tm2 ssse3 cx16 xtpr pdcm pcid sse4_1 sse4_2 x2apic popcnt tsc_deadline_timer aes xsave avx lahf_lm ida arat epb xsaveopt pln pts dtherm tpr_shadow vnmi flexpriority ept vpid
bogomips	: 4585.11
clflush size	: 64
cache_alignment	: 64
address sizes	: 36 bits physical, 48 bits virtual
power management:

processor	: 3
vendor_id	: GenuineIntel
cpu family	: 6
model		: 42
model name	: Intel(R) Core(TM) i5-2410M CPU @ 2.30GHz
stepping	: 7
microcode	: 0x28
cpu MHz		: 2699.984
cache size	: 3072 KB
physical id	: 0
siblings	: 4
core id		: 1
cpu cores	: 2
apicid		: 3
initial apicid	: 3
fpu		: yes
fpu_exception	: yes
cpuid level	: 13
wp		: yes
flags		: fpu vme de pse tsc msr pae mce cx8 apic sep mtrr pge mca cmov pat pse36 clflush dts acpi mmx fxsr sse sse2 ss ht tm pbe syscall nx rdtscp lm constant_tsc arch_perfmon pebs bts nopl xtopology nonstop_tsc aperfmperf eagerfpu pni pclmulqdq dtes64 monitor ds_cpl vmx est tm2 ssse3 cx16 xtpr pdcm pcid sse4_1 sse4_2 x2apic popcnt tsc_deadline_timer aes xsave avx lahf_lm ida arat epb xsaveopt pln pts dtherm tpr_shadow vnmi flexpriority ept vpid
bogomips	: 4585.11
clflush size	: 64
cache_alignment	: 64
address sizes	: 36 bits physical, 48 bits virtual
power management:



Memory: 4k page, physical 8056428k(1441396k free), swap 8269820k(8269820k free)

vm_info: OpenJDK 64-Bit Server VM (24.85-b03) for linux-amd64 JRE (1.7.0_85-b01), built on Oct 22 2015 06:46:50 by "buildd" with gcc 4.8.2

time: Sun Dec 13 08:33:46 2015
elapsed time: 28 seconds

