#
# A fatal error has been detected by the Java Runtime Environment:
#
#  SIGSEGV (0xb) at pc=0x00007f26c0d145f7, pid=13422, tid=139804383479552
#
# JRE version: OpenJDK Runtime Environment (7.0_85-b01) (build 1.7.0_85-b01)
# Java VM: OpenJDK 64-Bit Server VM (24.85-b03 mixed mode linux-amd64 )
# Derivative: IcedTea 2.6.1
# Distribution: Ubuntu 14.04 LTS, package 7u85-2.6.1-5ubuntu0.14.04.1
# Problematic frame:
# V  [libjvm.so+0x8395f7]  oopDesc* PSPromotionManager::copy_to_survivor_space<false>(oopDesc*)+0x277
#
# Failed to write core dump. Core dumps have been disabled. To enable core dumping, try "ulimit -c unlimited" before starting Java again
#
# If you would like to submit a bug report, please include
# instructions on how to reproduce the bug and visit:
#   http://icedtea.classpath.org/bugzilla
#

---------------  T H R E A D  ---------------

Current thread (0x00007f26b8024000):  GCTaskThread [stack: 0x00007f26be8d8000,0x00007f26be9d9000] [id=13430]

siginfo:si_signo=SIGSEGV: si_errno=0, si_code=128 (), si_addr=0x0000000000000000

Registers:
RAX=0x00007f26b5010360, RBX=0x00007f1bb7daf020, RCX=0x0000000000000001, RDX=0x00007f04eaeb2ea8
RSP=0x00007f26be9d7c20, RBP=0x00007f26be9d7c80, RSI=0x00007f1bb7daf020, RDI=0x00007f04eaeb2eb8
R8 =0x00007f26b8073c60, R9 =0x0000000000000004, R10=0x000000000e7107a8, R11=0x000000000000003a
R12=0x00007f1ba969e868, R13=0x000000000000000d, R14=0x00007f26b8073bc0, R15=0x00007f04d9c1c396
RIP=0x00007f26c0d145f7, EFLAGS=0x0000000000010202, CSGSFS=0x0000000000000033, ERR=0x0000000000000000
  TRAPNO=0x000000000000000d

Top of Stack: (sp=0x00007f26be9d7c20)
0x00007f26be9d7c20:   0000000000000028 00007f26b801b720
0x00007f26be9d7c30:   00007f26b8073bc8 00007f1ba969e850
0x00007f26be9d7c40:   00007f1ba969a048 0000000000001000
0x00007f26be9d7c50:   00007f26c150d8a4 00007f26b8073bc0
0x00007f26be9d7c60:   00007f1ba969e868 0000000000000000
0x00007f26be9d7c70:   00007f26b8073c30 00007f04d9c1c396
0x00007f26be9d7c80:   00007f26be9d7cf0 00007f26c0d13c78
0x00007f26be9d7c90:   00007f26b8073bc0 00007f26b8073c60
0x00007f26be9d7ca0:   00007f04d9c07a01 0000000000000240
0x00007f26be9d7cb0:   00007f26be9d7cf0 00007f26c0a9a0b5
0x00007f26be9d7cc0:   00007f26b8025328 00007f04f8a72c00
0x00007f26be9d7cd0:   00007f04d9c1c396 00007f26b801b740
0x00007f26be9d7ce0:   00007f04d9c1c401 00007f04d9c1c396
0x00007f26be9d7cf0:   00007f26be9d7d90 00007f26c0897504
0x00007f26be9d7d00:   00007f04d9c1c400 00007f04d9c1c381
0x00007f26be9d7d10:   0000000000000200 0000000000000180
0x00007f26be9d7d20:   00007f051847aed8 00007f04d9c1c580
0x00007f26be9d7d30:   00007f04f8a80010 00007f04d9d193d8
0x00007f26be9d7d40:   00007f04f8a72c38 00007f26b8073bc0
0x00007f26be9d7d50:   00007f04d9c1c396 00007f26b801b470
0x00007f26be9d7d60:   0000000000000002 00007f26b80281c0
0x00007f26be9d7d70:   00007f26b8073bc0 00007f26c0e931e6
0x00007f26be9d7d80:   00007f26b8024000 00007f26c12c4502
0x00007f26be9d7d90:   00007f26be9d7dc0 00007f26c0d1747b
0x00007f26be9d7da0:   00007f2600000004 00007f26b801fe00
0x00007f26be9d7db0:   0000000000000001 00007f26b80281c0
0x00007f26be9d7dc0:   00007f26be9d7ed0 00007f26c0a25b22
0x00007f26be9d7dd0:   00000000000003d8 00007f26b8024978
0x00007f26be9d7de0:   00007f26b80245a0 00007f26be9d7e60
0x00007f26be9d7df0:   00007f26b8024560 00007f26b8024590
0x00007f26be9d7e00:   00007f26be9d7e10 0000000000000000
0x00007f26be9d7e10:   0000000000000000 00007f26b8025300 

Instructions: (pc=0x00007f26c0d145f7)
0x00007f26c0d145d7:   8d 7a 10 83 f9 00 0f 8f ed fd ff ff 0f 85 cf 02
0x00007f26c0d145e7:   00 00 0f 1f 80 00 00 00 00 48 8b 42 10 48 89 de
0x00007f26c0d145f7:   ff 90 b0 00 00 00 e9 dc fd ff ff 66 0f 1f 44 00
0x00007f26c0d14607:   00 41 80 7e 60 00 0f 85 3d ff ff ff 4c 8d 25 ce 

Register to memory mapping:

RAX=0x00007f26b5010360 is at code_begin+0 in an Interpreter codelet
method entry point (kind = zerolocals)  [0x00007f26b5010360, 0x00007f26b50106a0]  832 bytes
RBX=0x00007f1bb7daf020 is an unknown value
RCX=0x0000000000000001 is an unknown value
RDX=0x00007f04eaeb2ea8 is pointing into object: 0x00007f04eaeb2e40
{method} 
 - klass: {other class}
RSP=0x00007f26be9d7c20 is an unknown value
RBP=0x00007f26be9d7c80 is an unknown value
RSI=0x00007f1bb7daf020 is an unknown value
RDI=0x00007f04eaeb2eb8 is pointing into object: 0x00007f04eaeb2e40
{method} 
 - klass: {other class}
R8 =0x00007f26b8073c60 is an unknown value
R9 =0x0000000000000004 is an unknown value
R10=0x000000000e7107a8 is an unknown value
R11=0x000000000000003a is an unknown value
R12=0x00007f1ba969e868 is an unknown value
R13=0x000000000000000d is an unknown value
R14=0x00007f26b8073bc0 is an unknown value
R15=0x00007f04d9c1c396 is an unknown value


Stack: [0x00007f26be8d8000,0x00007f26be9d9000],  sp=0x00007f26be9d7c20,  free space=1023k
Native frames: (J=compiled Java code, j=interpreted, Vv=VM code, C=native code)
V  [libjvm.so+0x8395f7]  oopDesc* PSPromotionManager::copy_to_survivor_space<false>(oopDesc*)+0x277
V  [libjvm.so+0x838c78]  PSPromotionManager::drain_stacks_depth(bool)+0x5c8
V  [libjvm.so+0x3bc504]  CardTableExtension::scavenge_contents_parallel(ObjectStartArray*, MutableSpace*, HeapWord*, PSPromotionManager*, unsigned int, unsigned int)+0x934
V  [libjvm.so+0x83c47b]  OldToYoungRootsTask::do_it(GCTaskManager*, unsigned int)+0x4b
V  [libjvm.so+0x54ab22]  GCTaskThread::run()+0x162
V  [libjvm.so+0x7cc7e2]  java_start(Thread*)+0xf2


---------------  P R O C E S S  ---------------

Java Threads: ( => current thread )
  0x00007f26b81bd000 JavaThread "pool-2-thread-4" [_thread_blocked, id=13444, stack(0x00007f04cc90f000,0x00007f04cca10000)]
  0x00007f26b81bc000 JavaThread "pool-2-thread-3" [_thread_blocked, id=13443, stack(0x00007f04cca10000,0x00007f04ccb11000)]
  0x00007f26b81ba000 JavaThread "pool-2-thread-2" [_thread_blocked, id=13442, stack(0x00007f04ccb11000,0x00007f04ccc12000)]
  0x00007f26b81a5000 JavaThread "pool-3-thread-1" [_thread_blocked, id=13441, stack(0x00007f04ccc12000,0x00007f04ccd13000)]
  0x00007f26b81a1800 JavaThread "pool-2-thread-1" [_thread_blocked, id=13440, stack(0x00007f04ccd13000,0x00007f04cce14000)]
  0x00007f26b80ae800 JavaThread "Service Thread" daemon [_thread_blocked, id=13438, stack(0x00007f26bc0cf000,0x00007f26bc1d0000)]
  0x00007f26b80ac000 JavaThread "C2 CompilerThread1" daemon [_thread_blocked, id=13437, stack(0x00007f26bc1d0000,0x00007f26bc2d1000)]
  0x00007f26b80a9000 JavaThread "C2 CompilerThread0" daemon [_thread_blocked, id=13436, stack(0x00007f26bc2d1000,0x00007f26bc3d2000)]
  0x00007f26b80a7000 JavaThread "Signal Dispatcher" daemon [_thread_blocked, id=13435, stack(0x00007f26bc3d2000,0x00007f26bc4d3000)]
  0x00007f26b807c800 JavaThread "Finalizer" daemon [_thread_blocked, id=13434, stack(0x00007f26bc79c000,0x00007f26bc89d000)]
  0x00007f26b807a800 JavaThread "Reference Handler" daemon [_thread_blocked, id=13433, stack(0x00007f26bc89d000,0x00007f26bc99e000)]
  0x00007f26b800a800 JavaThread "main" [_thread_blocked, id=13427, stack(0x00007f26c1ff2000,0x00007f26c20f3000)]

Other Threads:
  0x00007f26b8076000 VMThread [stack: 0x00007f26bc99e000,0x00007f26bca9f000] [id=13432]
  0x00007f26b80b9800 WatcherThread [stack: 0x00007f04ce6ab000,0x00007f04ce7ac000] [id=13439]

=>0x00007f26b8024000 (exited) GCTaskThread [stack: 0x00007f26be8d8000,0x00007f26be9d9000] [id=13430]

VM state:at safepoint (normal execution)

VM Mutex/Monitor currently owned by a thread:  ([mutex/lock_event])
[0x00007f26b8006b40] Threads_lock - owner thread: 0x00007f26b8076000
[0x00007f26b8007040] Heap_lock - owner thread: 0x00007f26b81bd000

Heap
 PSYoungGen      total 1027584K, used 955855K [0x00007f1b75000000, 0x00007f1bc4e80000, 0x00007f26b5000000)
  eden space 777728K, 100% used [0x00007f1b75000000,0x00007f1ba4780000,0x00007f1ba4780000)
  from space 249856K, 71% used [0x00007f1bb5180000,0x00007f1bbff73ce8,0x00007f1bc4580000)
  to   space 265728K, 33% used [0x00007f1ba4780000,0x00007f1ba9db79f8,0x00007f1bb4b00000)
 ParOldGen       total 739840K, used 578027K [0x00007f04f5000000, 0x00007f0522280000, 0x00007f1b75000000)
  object space 739840K, 78% used [0x00007f04f5000000,0x00007f051847aed8,0x00007f0522280000)
 PSPermGen       total 21504K, used 6550K [0x00007f04eaa00000, 0x00007f04ebf00000, 0x00007f04f5000000)
  object space 21504K, 30% used [0x00007f04eaa00000,0x00007f04eb065830,0x00007f04ebf00000)

Card table byte_map: [0x00007f04d9bac000,0x00007f04eaa00000] byte_map_base: 0x00007ec557457000

Polling page: 0x00007f26c2116000

Code Cache  [0x00007f26b5000000, 0x00007f26b5480000, 0x00007f26b8000000)
 total_blobs=1521 nmethods=1290 adapters=184 free_code_cache=44738Kb largest_free_block=45632512

Compilation events (10 events):
Event: 19.033 Thread 0x00007f26b80a9000 1336             com.android.dx.rop.code.RegisterSpec::withLocalItem (41 bytes)
Event: 19.036 Thread 0x00007f26b80a9000 nmethod 1336 0x00007f26b5386590 code [0x00007f26b53866e0, 0x00007f26b5386a28]
Event: 19.056 Thread 0x00007f26b80ac000 1337             com.android.dx.cf.direct.DirectClassFile::makeTypeList (47 bytes)
Event: 19.058 Thread 0x00007f26b80ac000 nmethod 1337 0x00007f26b53861d0 code [0x00007f26b5386320, 0x00007f26b5386468]
Event: 19.065 Thread 0x00007f26b80a9000 1338             java.util.concurrent.ArrayBlockingQueue::inc (18 bytes)
Event: 19.066 Thread 0x00007f26b80a9000 nmethod 1338 0x00007f26b53e4250 code [0x00007f26b53e4380, 0x00007f26b53e43f8]
Event: 19.098 Thread 0x00007f26b80ac000 1339             com.android.dx.cf.code.SwitchList::removeSuperfluousDefaults (149 bytes)
Event: 19.108 Thread 0x00007f26b80a9000 1340             java.util.Arrays::copyOf (19 bytes)
Event: 19.111 Thread 0x00007f26b80a9000 nmethod 1340 0x00007f26b53826d0 code [0x00007f26b5382820, 0x00007f26b5382a18]
Event: 19.111 Thread 0x00007f26b80ac000 nmethod 1339 0x00007f26b53098d0 code [0x00007f26b5309a80, 0x00007f26b530a168]

GC Heap History (10 events):
Event: 14.041 GC heap after
Heap after GC invocations=16 (full 3):
 PSYoungGen      total 637440K, used 124908K [0x00007f1b75000000, 0x00007f1bb0080000, 0x00007f26b5000000)
  eden space 512512K, 0% used [0x00007f1b75000000,0x00007f1b75000000,0x00007f1b94480000)
  from space 124928K, 99% used [0x00007f1b94480000,0x00007f1b9be7b118,0x00007f1b9be80000)
  to   space 165888K, 0% used [0x00007f1ba5e80000,0x00007f1ba5e80000,0x00007f1bb0080000)
 ParOldGen       total 488448K, used 358003K [0x00007f04f5000000, 0x00007f0512d00000, 0x00007f1b75000000)
  object space 488448K, 73% used [0x00007f04f5000000,0x00007f050ad9cd88,0x00007f0512d00000)
 PSPermGen       total 21504K, used 6459K [0x00007f04eaa00000, 0x00007f04ebf00000, 0x00007f04f5000000)
  object space 21504K, 30% used [0x00007f04eaa00000,0x00007f04eb04ec28,0x00007f04ebf00000)
}
Event: 14.720 GC heap before
{Heap before GC invocations=17 (full 3):
 PSYoungGen      total 637440K, used 637420K [0x00007f1b75000000, 0x00007f1bb0080000, 0x00007f26b5000000)
  eden space 512512K, 100% used [0x00007f1b75000000,0x00007f1b94480000,0x00007f1b94480000)
  from space 124928K, 99% used [0x00007f1b94480000,0x00007f1b9be7b118,0x00007f1b9be80000)
  to   space 165888K, 0% used [0x00007f1ba5e80000,0x00007f1ba5e80000,0x00007f1bb0080000)
 ParOldGen       total 488448K, used 358003K [0x00007f04f5000000, 0x00007f0512d00000, 0x00007f1b75000000)
  object space 488448K, 73% used [0x00007f04f5000000,0x00007f050ad9cd88,0x00007f0512d00000)
 PSPermGen       total 21504K, used 6517K [0x00007f04eaa00000, 0x00007f04ebf00000, 0x00007f04f5000000)
  object space 21504K, 30% used [0x00007f04eaa00000,0x00007f04eb05d738,0x00007f04ebf00000)
Event: 14.994 GC heap after
Heap after GC invocations=17 (full 3):
 PSYoungGen      total 774144K, used 163936K [0x00007f1b75000000, 0x00007f1bb4c80000, 0x00007f26b5000000)
  eden space 608256K, 0% used [0x00007f1b75000000,0x00007f1b75000000,0x00007f1b9a200000)
  from space 165888K, 98% used [0x00007f1ba5e80000,0x00007f1bafe980a8,0x00007f1bb0080000)
  to   space 193024K, 0% used [0x00007f1b9a200000,0x00007f1b9a200000,0x00007f1ba5e80000)
 ParOldGen       total 488448K, used 404757K [0x00007f04f5000000, 0x00007f0512d00000, 0x00007f1b75000000)
  object space 488448K, 82% used [0x00007f04f5000000,0x00007f050db455e0,0x00007f0512d00000)
 PSPermGen       total 21504K, used 6517K [0x00007f04eaa00000, 0x00007f04ebf00000, 0x00007f04f5000000)
  object space 21504K, 30% used [0x00007f04eaa00000,0x00007f04eb05d738,0x00007f04ebf00000)
}
Event: 15.637 GC heap before
{Heap before GC invocations=18 (full 3):
 PSYoungGen      total 774144K, used 772192K [0x00007f1b75000000, 0x00007f1bb4c80000, 0x00007f26b5000000)
  eden space 608256K, 100% used [0x00007f1b75000000,0x00007f1b9a200000,0x00007f1b9a200000)
  from space 165888K, 98% used [0x00007f1ba5e80000,0x00007f1bafe980a8,0x00007f1bb0080000)
  to   space 193024K, 0% used [0x00007f1b9a200000,0x00007f1b9a200000,0x00007f1ba5e80000)
 ParOldGen       total 488448K, used 404757K [0x00007f04f5000000, 0x00007f0512d00000, 0x00007f1b75000000)
  object space 488448K, 82% used [0x00007f04f5000000,0x00007f050db455e0,0x00007f0512d00000)
 PSPermGen       total 21504K, used 6528K [0x00007f04eaa00000, 0x00007f04ebf00000, 0x00007f04f5000000)
  object space 21504K, 30% used [0x00007f04eaa00000,0x00007f04eb060130,0x00007f04ebf00000)
Event: 15.916 GC heap after
Heap after GC invocations=18 (full 3):
 PSYoungGen      total 801280K, used 193019K [0x00007f1b75000000, 0x00007f1bc4580000, 0x00007f26b5000000)
  eden space 608256K, 0% used [0x00007f1b75000000,0x00007f1b75000000,0x00007f1b9a200000)
  from space 193024K, 99% used [0x00007f1b9a200000,0x00007f1ba5e7efd0,0x00007f1ba5e80000)
  to   space 249856K, 0% used [0x00007f1bb5180000,0x00007f1bb5180000,0x00007f1bc4580000)
 ParOldGen       total 488448K, used 471499K [0x00007f04f5000000, 0x00007f0512d00000, 0x00007f1b75000000)
  object space 488448K, 96% used [0x00007f04f5000000,0x00007f0511c72c70,0x00007f0512d00000)
 PSPermGen       total 21504K, used 6528K [0x00007f04eaa00000, 0x00007f04ebf00000, 0x00007f04f5000000)
  object space 21504K, 30% used [0x00007f04eaa00000,0x00007f04eb060130,0x00007f04ebf00000)
}
Event: 15.916 GC heap before
{Heap before GC invocations=19 (full 4):
 PSYoungGen      total 801280K, used 193019K [0x00007f1b75000000, 0x00007f1bc4580000, 0x00007f26b5000000)
  eden space 608256K, 0% used [0x00007f1b75000000,0x00007f1b75000000,0x00007f1b9a200000)
  from space 193024K, 99% used [0x00007f1b9a200000,0x00007f1ba5e7efd0,0x00007f1ba5e80000)
  to   space 249856K, 0% used [0x00007f1bb5180000,0x00007f1bb5180000,0x00007f1bc4580000)
 ParOldGen       total 488448K, used 471499K [0x00007f04f5000000, 0x00007f0512d00000, 0x00007f1b75000000)
  object space 488448K, 96% used [0x00007f04f5000000,0x00007f0511c72c70,0x00007f0512d00000)
 PSPermGen       total 21504K, used 6528K [0x00007f04eaa00000, 0x00007f04ebf00000, 0x00007f04f5000000)
  object space 21504K, 30% used [0x00007f04eaa00000,0x00007f04eb060130,0x00007f04ebf00000)
Event: 17.515 GC heap after
Heap after GC invocations=19 (full 4):
 PSYoungGen      total 801280K, used 168145K [0x00007f1b75000000, 0x00007f1bc4580000, 0x00007f26b5000000)
  eden space 608256K, 0% used [0x00007f1b75000000,0x00007f1b75000000,0x00007f1b9a200000)
  from space 193024K, 87% used [0x00007f1b9a200000,0x00007f1ba4634438,0x00007f1ba5e80000)
  to   space 249856K, 0% used [0x00007f1bb5180000,0x00007f1bb5180000,0x00007f1bc4580000)
 ParOldGen       total 739840K, used 488161K [0x00007f04f5000000, 0x00007f0522280000, 0x00007f1b75000000)
  object space 739840K, 65% used [0x00007f04f5000000,0x00007f0512cb86c0,0x00007f0522280000)
 PSPermGen       total 21504K, used 6527K [0x00007f04eaa00000, 0x00007f04ebf00000, 0x00007f04f5000000)
  object space 21504K, 30% used [0x00007f04eaa00000,0x00007f04eb05fed0,0x00007f04ebf00000)
}
Event: 18.033 GC heap before
{Heap before GC invocations=20 (full 4):
 PSYoungGen      total 801280K, used 776401K [0x00007f1b75000000, 0x00007f1bc4580000, 0x00007f26b5000000)
  eden space 608256K, 100% used [0x00007f1b75000000,0x00007f1b9a200000,0x00007f1b9a200000)
  from space 193024K, 87% used [0x00007f1b9a200000,0x00007f1ba4634438,0x00007f1ba5e80000)
  to   space 249856K, 0% used [0x00007f1bb5180000,0x00007f1bb5180000,0x00007f1bc4580000)
 ParOldGen       total 739840K, used 488161K [0x00007f04f5000000, 0x00007f0522280000, 0x00007f1b75000000)
  object space 739840K, 65% used [0x00007f04f5000000,0x00007f0512cb86c0,0x00007f0522280000)
 PSPermGen       total 21504K, used 6530K [0x00007f04eaa00000, 0x00007f04ebf00000, 0x00007f04f5000000)
  object space 21504K, 30% used [0x00007f04eaa00000,0x00007f04eb060a48,0x00007f04ebf00000)
Event: 18.449 GC heap after
Heap after GC invocations=20 (full 4):
 PSYoungGen      total 1027584K, used 178127K [0x00007f1b75000000, 0x00007f1bc4e80000, 0x00007f26b5000000)
  eden space 777728K, 0% used [0x00007f1b75000000,0x00007f1b75000000,0x00007f1ba4780000)
  from space 249856K, 71% used [0x00007f1bb5180000,0x00007f1bbff73ce8,0x00007f1bc4580000)
  to   space 265728K, 0% used [0x00007f1ba4780000,0x00007f1ba4780000,0x00007f1bb4b00000)
 ParOldGen       total 739840K, used 578027K [0x00007f04f5000000, 0x00007f0522280000, 0x00007f1b75000000)
  object space 739840K, 78% used [0x00007f04f5000000,0x00007f051847aed8,0x00007f0522280000)
 PSPermGen       total 21504K, used 6530K [0x00007f04eaa00000, 0x00007f04ebf00000, 0x00007f04f5000000)
  object space 21504K, 30% used [0x00007f04eaa00000,0x00007f04eb060a48,0x00007f04ebf00000)
}
Event: 19.202 GC heap before
{Heap before GC invocations=21 (full 4):
 PSYoungGen      total 1027584K, used 955855K [0x00007f1b75000000, 0x00007f1bc4e80000, 0x00007f26b5000000)
  eden space 777728K, 100% used [0x00007f1b75000000,0x00007f1ba4780000,0x00007f1ba4780000)
  from space 249856K, 71% used [0x00007f1bb5180000,0x00007f1bbff73ce8,0x00007f1bc4580000)
  to   space 265728K, 0% used [0x00007f1ba4780000,0x00007f1ba4780000,0x00007f1bb4b00000)
 ParOldGen       total 739840K, used 578027K [0x00007f04f5000000, 0x00007f0522280000, 0x00007f1b75000000)
  object space 739840K, 78% used [0x00007f04f5000000,0x00007f051847aed8,0x00007f0522280000)
 PSPermGen       total 21504K, used 6550K [0x00007f04eaa00000, 0x00007f04ebf00000, 0x00007f04f5000000)
  object space 21504K, 30% used [0x00007f04eaa00000,0x00007f04eb065830,0x00007f04ebf00000)

Deoptimization events (10 events):
Event: 18.713 Thread 0x00007f26b81bd000 Uncommon trap: reason=predicate action=maybe_recompile pc=0x00007f26b51d2508 method=com.android.dx.ssa.DomFront.run()[Lcom/android/dx/ssa/DomFront$DomInfo; @ 175
Event: 18.713 Thread 0x00007f26b81bd000 Uncommon trap: reason=unstable_if action=reinterpret pc=0x00007f26b50d5e7c method=com.android.dx.ssa.SetFactory.makeDomFrontSet(I)Lcom/android/dx/util/IntSet; @ 4
Event: 18.715 Thread 0x00007f26b81bd000 Uncommon trap: reason=class_check action=maybe_recompile pc=0x00007f26b5176cb4 method=com.android.dx.ssa.DomFront.calcDomFronts()V @ 101
Event: 18.720 Thread 0x00007f26b81bd000 Uncommon trap: reason=class_check action=maybe_recompile pc=0x00007f26b50c79f8 method=com.android.dx.ssa.SsaConverter.placePhiFunctions(Lcom/android/dx/ssa/SsaMethod;Lcom/android/dx/ssa/LocalVariableInfo;I)V @ 257
Event: 18.837 Thread 0x00007f26b800a800 Uncommon trap: reason=bimorphic action=maybe_recompile pc=0x00007f26b5321904 method=java.util.concurrent.locks.AbstractQueuedSynchronizer.acquire(I)V @ 2
Event: 18.864 Thread 0x00007f26b800a800 Uncommon trap: reason=bimorphic action=maybe_recompile pc=0x00007f26b5321904 method=java.util.concurrent.locks.AbstractQueuedSynchronizer.acquire(I)V @ 2
Event: 18.962 Thread 0x00007f26b800a800 Uncommon trap: reason=unstable_if action=reinterpret pc=0x00007f26b50717c8 method=java.util.concurrent.locks.AbstractQueuedSynchronizer.hasQueuedPredecessors()Z @ 21
Event: 18.964 Thread 0x00007f26b81bd000 Uncommon trap: reason=unstable_if action=reinterpret pc=0x00007f26b530c984 method=java.util.concurrent.locks.AbstractQueuedSynchronizer.hasQueuedPredecessors()Z @ 21
Event: 19.144 Thread 0x00007f26b800a800 Uncommon trap: reason=class_check action=maybe_recompile pc=0x00007f26b5331c14 method=com.android.dx.ssa.SCCP.simulateBranch(Lcom/android/dx/ssa/SsaInsn;)V @ 339
Event: 19.146 Thread 0x00007f26b800a800 Uncommon trap: reason=class_check action=maybe_recompile pc=0x00007f26b5331c14 method=com.android.dx.ssa.SCCP.simulateBranch(Lcom/android/dx/ssa/SsaInsn;)V @ 339

Internal exceptions (10 events):
Event: 10.583 Thread 0x00007f26b800a800 Threw 0x00007f1b7f4feee8 at /build/openjdk-7-65SuYz/openjdk-7-7u85-2.6.1/build/openjdk/hotspot/src/share/vm/prims/jvm.cpp:1322
Event: 10.783 Thread 0x00007f26b81a1800 Threw 0x00007f1b843500e8 at /build/openjdk-7-65SuYz/openjdk-7-7u85-2.6.1/build/openjdk/hotspot/src/share/vm/prims/jvm.cpp:1322
Event: 11.812 Thread 0x00007f26b81a1800 Implicit null exception at 0x00007f26b5199e31 to 0x00007f26b519a821
Event: 11.812 Thread 0x00007f26b81a1800 Implicit null exception at 0x00007f26b52df335 to 0x00007f26b52df4c9
Event: 11.814 Thread 0x00007f26b81a1800 Implicit null exception at 0x00007f26b518987b to 0x00007f26b51899f1
Event: 11.814 Thread 0x00007f26b81a1800 Implicit null exception at 0x00007f26b5122c75 to 0x00007f26b5122d79
Event: 18.713 Thread 0x00007f26b81bd000 Threw 0x00007f1b8693f138 at /build/openjdk-7-65SuYz/openjdk-7-7u85-2.6.1/build/openjdk/hotspot/src/share/vm/prims/jvm.cpp:1322
Event: 18.720 Thread 0x00007f26b81bd000 Threw 0x00007f1b869990c8 at /build/openjdk-7-65SuYz/openjdk-7-7u85-2.6.1/build/openjdk/hotspot/src/share/vm/prims/jvm.cpp:1322
Event: 18.962 Thread 0x00007f26b800a800 Implicit null exception at 0x00007f26b507171f to 0x00007f26b50717b1
Event: 18.964 Thread 0x00007f26b81bd000 Implicit null exception at 0x00007f26b530c65d to 0x00007f26b530c96d

Events (10 events):
Event: 18.964 Thread 0x00007f26b81bd000 Uncommon trap: trap_request=0xffffff75 fr.pc=0x00007f26b530c984
Event: 18.964 Thread 0x00007f26b81bd000 DEOPT PACKING pc=0x00007f26b530c984 sp=0x00007f04cca0e840
Event: 18.964 Thread 0x00007f26b81bd000 DEOPT UNPACKING pc=0x00007f26b5039445 sp=0x00007f04cca0e720 mode 2
Event: 19.144 Thread 0x00007f26b800a800 Uncommon trap: trap_request=0xffffffde fr.pc=0x00007f26b5331c14
Event: 19.144 Thread 0x00007f26b800a800 DEOPT PACKING pc=0x00007f26b5331c14 sp=0x00007f26c20f0bd0
Event: 19.144 Thread 0x00007f26b800a800 DEOPT UNPACKING pc=0x00007f26b5039445 sp=0x00007f26c20f0b68 mode 2
Event: 19.146 Thread 0x00007f26b800a800 Uncommon trap: trap_request=0xffffffde fr.pc=0x00007f26b5331c14
Event: 19.146 Thread 0x00007f26b800a800 DEOPT PACKING pc=0x00007f26b5331c14 sp=0x00007f26c20f0bd0
Event: 19.146 Thread 0x00007f26b800a800 DEOPT UNPACKING pc=0x00007f26b5039445 sp=0x00007f26c20f0b68 mode 2
Event: 19.202 Executing VM operation: ParallelGCFailedAllocation


Dynamic libraries:
00400000-00401000 r-xp 00000000 fc:01 1050731                            /usr/lib/jvm/java-7-openjdk-amd64/jre/bin/java
00600000-00601000 r--p 00000000 fc:01 1050731                            /usr/lib/jvm/java-7-openjdk-amd64/jre/bin/java
00601000-00602000 rw-p 00001000 fc:01 1050731                            /usr/lib/jvm/java-7-openjdk-amd64/jre/bin/java
0230f000-02330000 rw-p 00000000 00:00 0                                  [heap]
7f035c000000-7f035c021000 rw-p 00000000 00:00 0 
7f035c021000-7f0360000000 ---p 00000000 00:00 0 
7f0364000000-7f0364045000 rw-p 00000000 00:00 0 
7f0364045000-7f0368000000 ---p 00000000 00:00 0 
7f0368000000-7f0368021000 rw-p 00000000 00:00 0 
7f0368021000-7f036c000000 ---p 00000000 00:00 0 
7f036c000000-7f036c03b000 rw-p 00000000 00:00 0 
7f036c03b000-7f0370000000 ---p 00000000 00:00 0 
7f0370000000-7f0370021000 rw-p 00000000 00:00 0 
7f0370021000-7f0374000000 ---p 00000000 00:00 0 
7f0374000000-7f0374021000 rw-p 00000000 00:00 0 
7f0374021000-7f0378000000 ---p 00000000 00:00 0 
7f0378000000-7f0378021000 rw-p 00000000 00:00 0 
7f0378021000-7f037c000000 ---p 00000000 00:00 0 
7f037c000000-7f037d425000 rw-p 00000000 00:00 0 
7f037d425000-7f0380000000 ---p 00000000 00:00 0 
7f0380000000-7f0381de1000 rw-p 00000000 00:00 0 
7f0381de1000-7f0384000000 ---p 00000000 00:00 0 
7f0384000000-7f0384021000 rw-p 00000000 00:00 0 
7f0384021000-7f0388000000 ---p 00000000 00:00 0 
7f0388000000-7f0388021000 rw-p 00000000 00:00 0 
7f0388021000-7f038c000000 ---p 00000000 00:00 0 
7f038c000000-7f038c021000 rw-p 00000000 00:00 0 
7f038c021000-7f0390000000 ---p 00000000 00:00 0 
7f0390c7d000-7f04b0000000 rw-p 00000000 00:00 0 
7f04b0000000-7f04b0021000 rw-p 00000000 00:00 0 
7f04b0021000-7f04b4000000 ---p 00000000 00:00 0 
7f04b4000000-7f04b4021000 rw-p 00000000 00:00 0 
7f04b4021000-7f04b8000000 ---p 00000000 00:00 0 
7f04b8000000-7f04b8021000 rw-p 00000000 00:00 0 
7f04b8021000-7f04bc000000 ---p 00000000 00:00 0 
7f04c0000000-7f04c0021000 rw-p 00000000 00:00 0 
7f04c0021000-7f04c4000000 ---p 00000000 00:00 0 
7f04c8000000-7f04c824f000 rw-p 00000000 00:00 0 
7f04c824f000-7f04cc000000 ---p 00000000 00:00 0 
7f04cc90f000-7f04cc912000 ---p 00000000 00:00 0 
7f04cc912000-7f04cca10000 rw-p 00000000 00:00 0                          [stack:13444]
7f04cca10000-7f04cca13000 ---p 00000000 00:00 0 
7f04cca13000-7f04ccb11000 rw-p 00000000 00:00 0                          [stack:13443]
7f04ccb11000-7f04ccb14000 ---p 00000000 00:00 0 
7f04ccb14000-7f04ccc12000 rw-p 00000000 00:00 0                          [stack:13442]
7f04ccc12000-7f04ccc15000 ---p 00000000 00:00 0 
7f04ccc15000-7f04ccd13000 rw-p 00000000 00:00 0                          [stack:13441]
7f04ccd13000-7f04ccd16000 ---p 00000000 00:00 0 
7f04ccd16000-7f04cce14000 rw-p 00000000 00:00 0                          [stack:13440]
7f04cce14000-7f04cce51000 r-xp 00000000 fc:01 7995407                    /lib/x86_64-linux-gnu/libpcre.so.3.13.1
7f04cce51000-7f04cd050000 ---p 0003d000 fc:01 7995407                    /lib/x86_64-linux-gnu/libpcre.so.3.13.1
7f04cd050000-7f04cd051000 r--p 0003c000 fc:01 7995407                    /lib/x86_64-linux-gnu/libpcre.so.3.13.1
7f04cd051000-7f04cd052000 rw-p 0003d000 fc:01 7995407                    /lib/x86_64-linux-gnu/libpcre.so.3.13.1
7f04cd052000-7f04cd059000 r-xp 00000000 fc:01 925605                     /usr/lib/x86_64-linux-gnu/libffi.so.6.0.1
7f04cd059000-7f04cd258000 ---p 00007000 fc:01 925605                     /usr/lib/x86_64-linux-gnu/libffi.so.6.0.1
7f04cd258000-7f04cd259000 r--p 00006000 fc:01 925605                     /usr/lib/x86_64-linux-gnu/libffi.so.6.0.1
7f04cd259000-7f04cd25a000 rw-p 00007000 fc:01 925605                     /usr/lib/x86_64-linux-gnu/libffi.so.6.0.1
7f04cd25a000-7f04cd271000 r-xp 00000000 fc:01 7999777                    /lib/x86_64-linux-gnu/libresolv-2.19.so
7f04cd271000-7f04cd471000 ---p 00017000 fc:01 7999777                    /lib/x86_64-linux-gnu/libresolv-2.19.so
7f04cd471000-7f04cd472000 r--p 00017000 fc:01 7999777                    /lib/x86_64-linux-gnu/libresolv-2.19.so
7f04cd472000-7f04cd473000 rw-p 00018000 fc:01 7999777                    /lib/x86_64-linux-gnu/libresolv-2.19.so
7f04cd473000-7f04cd475000 rw-p 00000000 00:00 0 
7f04cd475000-7f04cd495000 r-xp 00000000 fc:01 7999781                    /lib/x86_64-linux-gnu/libselinux.so.1
7f04cd495000-7f04cd694000 ---p 00020000 fc:01 7999781                    /lib/x86_64-linux-gnu/libselinux.so.1
7f04cd694000-7f04cd695000 r--p 0001f000 fc:01 7999781                    /lib/x86_64-linux-gnu/libselinux.so.1
7f04cd695000-7f04cd696000 rw-p 00020000 fc:01 7999781                    /lib/x86_64-linux-gnu/libselinux.so.1
7f04cd696000-7f04cd698000 rw-p 00000000 00:00 0 
7f04cd698000-7f04cd69b000 r-xp 00000000 fc:01 925748                     /usr/lib/x86_64-linux-gnu/libgmodule-2.0.so.0.4002.0
7f04cd69b000-7f04cd89a000 ---p 00003000 fc:01 925748                     /usr/lib/x86_64-linux-gnu/libgmodule-2.0.so.0.4002.0
7f04cd89a000-7f04cd89b000 r--p 00002000 fc:01 925748                     /usr/lib/x86_64-linux-gnu/libgmodule-2.0.so.0.4002.0
7f04cd89b000-7f04cd89c000 rw-p 00003000 fc:01 925748                     /usr/lib/x86_64-linux-gnu/libgmodule-2.0.so.0.4002.0
7f04cd89c000-7f04cd9a2000 r-xp 00000000 fc:01 7999681                    /lib/x86_64-linux-gnu/libglib-2.0.so.0.4002.0
7f04cd9a2000-7f04cdba1000 ---p 00106000 fc:01 7999681                    /lib/x86_64-linux-gnu/libglib-2.0.so.0.4002.0
7f04cdba1000-7f04cdba2000 r--p 00105000 fc:01 7999681                    /lib/x86_64-linux-gnu/libglib-2.0.so.0.4002.0
7f04cdba2000-7f04cdba3000 rw-p 00106000 fc:01 7999681                    /lib/x86_64-linux-gnu/libglib-2.0.so.0.4002.0
7f04cdba3000-7f04cdba4000 rw-p 00000000 00:00 0 
7f04cdba4000-7f04cdbf3000 r-xp 00000000 fc:01 925772                     /usr/lib/x86_64-linux-gnu/libgobject-2.0.so.0.4002.0
7f04cdbf3000-7f04cddf3000 ---p 0004f000 fc:01 925772                     /usr/lib/x86_64-linux-gnu/libgobject-2.0.so.0.4002.0
7f04cddf3000-7f04cddf4000 r--p 0004f000 fc:01 925772                     /usr/lib/x86_64-linux-gnu/libgobject-2.0.so.0.4002.0
7f04cddf4000-7f04cddf5000 rw-p 00050000 fc:01 925772                     /usr/lib/x86_64-linux-gnu/libgobject-2.0.so.0.4002.0
7f04cddf5000-7f04cdf61000 r-xp 00000000 fc:01 925732                     /usr/lib/x86_64-linux-gnu/libgio-2.0.so.0.4002.0
7f04cdf61000-7f04ce160000 ---p 0016c000 fc:01 925732                     /usr/lib/x86_64-linux-gnu/libgio-2.0.so.0.4002.0
7f04ce160000-7f04ce164000 r--p 0016b000 fc:01 925732                     /usr/lib/x86_64-linux-gnu/libgio-2.0.so.0.4002.0
7f04ce164000-7f04ce166000 rw-p 0016f000 fc:01 925732                     /usr/lib/x86_64-linux-gnu/libgio-2.0.so.0.4002.0
7f04ce166000-7f04ce168000 rw-p 00000000 00:00 0 
7f04ce168000-7f04ce17f000 r-xp 00000000 fc:01 1056370                    /usr/lib/jvm/java-7-openjdk-amd64/jre/lib/amd64/libnet.so
7f04ce17f000-7f04ce37e000 ---p 00017000 fc:01 1056370                    /usr/lib/jvm/java-7-openjdk-amd64/jre/lib/amd64/libnet.so
7f04ce37e000-7f04ce37f000 r--p 00016000 fc:01 1056370                    /usr/lib/jvm/java-7-openjdk-amd64/jre/lib/amd64/libnet.so
7f04ce37f000-7f04ce380000 rw-p 00017000 fc:01 1056370                    /usr/lib/jvm/java-7-openjdk-amd64/jre/lib/amd64/libnet.so
7f04ce380000-7f04ce390000 r-xp 00000000 fc:01 1056340                    /usr/lib/jvm/java-7-openjdk-amd64/jre/lib/amd64/libnio.so
7f04ce390000-7f04ce590000 ---p 00010000 fc:01 1056340                    /usr/lib/jvm/java-7-openjdk-amd64/jre/lib/amd64/libnio.so
7f04ce590000-7f04ce591000 r--p 00010000 fc:01 1056340                    /usr/lib/jvm/java-7-openjdk-amd64/jre/lib/amd64/libnio.so
7f04ce591000-7f04ce592000 rw-p 00011000 fc:01 1056340                    /usr/lib/jvm/java-7-openjdk-amd64/jre/lib/amd64/libnio.so
7f04ce592000-7f04ce6ab000 r--s 00c20000 fc:01 9045011                    /home/aaditya/Desktop/MtvConnect/mtvconnectandroid/app/build/intermediates/transforms/jarMerging/debug/jars/1/1f/combined.jar
7f04ce6ab000-7f04ce6ac000 ---p 00000000 00:00 0 
7f04ce6ac000-7f04ce916000 rw-p 00000000 00:00 0                          [stack:13439]
7f04ce916000-7f04d9bac000 rw-p 00000000 00:00 0 
7f04d9bac000-7f04d9bb7000 rw-p 00000000 00:00 0 
7f04d9bb7000-7f04d9bff000 rw-p 00000000 00:00 0 
7f04d9bff000-7f04d9d69000 rw-p 00000000 00:00 0 
7f04d9d69000-7f04e4fff000 rw-p 00000000 00:00 0 
7f04e4fff000-7f04e527f000 rw-p 00000000 00:00 0 
7f04e527f000-7f04ea9ff000 rw-p 00000000 00:00 0 
7f04ea9ff000-7f04ebf00000 rw-p 00000000 00:00 0 
7f04ebf00000-7f04f5000000 rw-p 00000000 00:00 0 
7f04f5000000-7f0522280000 rw-p 00000000 00:00 0 
7f0522280000-7f1b75000000 rw-p 00000000 00:00 0 
7f1b75000000-7f1bc4e80000 rw-p 00000000 00:00 0 
7f1bc4e80000-7f26b5000000 rw-p 00000000 00:00 0 
7f26b5000000-7f26b5480000 rwxp 00000000 00:00 0 
7f26b5480000-7f26b8389000 rw-p 00000000 00:00 0 
7f26b8389000-7f26bc000000 ---p 00000000 00:00 0 
7f26bc052000-7f26bc083000 rw-p 00000000 00:00 0 
7f26bc0cf000-7f26bc0d2000 ---p 00000000 00:00 0 
7f26bc0d2000-7f26bc1d0000 rw-p 00000000 00:00 0                          [stack:13438]
7f26bc1d0000-7f26bc1d3000 ---p 00000000 00:00 0 
7f26bc1d3000-7f26bc2d1000 rw-p 00000000 00:00 0                          [stack:13437]
7f26bc2d1000-7f26bc2d4000 ---p 00000000 00:00 0 
7f26bc2d4000-7f26bc3d2000 rw-p 00000000 00:00 0                          [stack:13436]
7f26bc3d2000-7f26bc3d5000 ---p 00000000 00:00 0 
7f26bc3d5000-7f26bc4d3000 rw-p 00000000 00:00 0                          [stack:13435]
7f26bc4d3000-7f26bc79c000 r--p 00000000 fc:01 923932                     /usr/lib/locale/locale-archive
7f26bc79c000-7f26bc79f000 ---p 00000000 00:00 0 
7f26bc79f000-7f26bc89d000 rw-p 00000000 00:00 0                          [stack:13434]
7f26bc89d000-7f26bc8a0000 ---p 00000000 00:00 0 
7f26bc8a0000-7f26bc99e000 rw-p 00000000 00:00 0                          [stack:13433]
7f26bc99e000-7f26bc99f000 ---p 00000000 00:00 0 
7f26bc99f000-7f26bda9c000 rw-p 00000000 00:00 0                          [stack:13432]
7f26bda9c000-7f26bdc4e000 r--s 01d30000 fc:01 1056334                    /usr/lib/jvm/java-7-openjdk-amd64/jre/lib/rt.jar
7f26bdc4e000-7f26be7d7000 rw-p 00000000 00:00 0 
7f26be7d7000-7f26be7d8000 ---p 00000000 00:00 0 
7f26be7d8000-7f26be8d8000 rw-p 00000000 00:00 0                          [stack:13431]
7f26be8d8000-7f26be8d9000 ---p 00000000 00:00 0 
7f26be8d9000-7f26be9d9000 rw-p 00000000 00:00 0                          [stack:13430]
7f26be9d9000-7f26be9da000 ---p 00000000 00:00 0 
7f26be9da000-7f26beada000 rw-p 00000000 00:00 0                          [stack:13429]
7f26beada000-7f26beadb000 ---p 00000000 00:00 0 
7f26beadb000-7f26bebe6000 rw-p 00000000 00:00 0                          [stack:13428]
7f26bebe6000-7f26bec2e000 rw-p 00000000 00:00 0 
7f26bec2e000-7f26bec36000 r-xp 00000000 fc:01 1056344                    /usr/lib/jvm/java-7-openjdk-amd64/jre/lib/amd64/libzip.so
7f26bec36000-7f26bee35000 ---p 00008000 fc:01 1056344                    /usr/lib/jvm/java-7-openjdk-amd64/jre/lib/amd64/libzip.so
7f26bee35000-7f26bee36000 r--p 00007000 fc:01 1056344                    /usr/lib/jvm/java-7-openjdk-amd64/jre/lib/amd64/libzip.so
7f26bee36000-7f26bee37000 rw-p 00008000 fc:01 1056344                    /usr/lib/jvm/java-7-openjdk-amd64/jre/lib/amd64/libzip.so
7f26bee37000-7f26bee42000 r-xp 00000000 fc:01 7999726                    /lib/x86_64-linux-gnu/libnss_files-2.19.so
7f26bee42000-7f26bf041000 ---p 0000b000 fc:01 7999726                    /lib/x86_64-linux-gnu/libnss_files-2.19.so
7f26bf041000-7f26bf042000 r--p 0000a000 fc:01 7999726                    /lib/x86_64-linux-gnu/libnss_files-2.19.so
7f26bf042000-7f26bf043000 rw-p 0000b000 fc:01 7999726                    /lib/x86_64-linux-gnu/libnss_files-2.19.so
7f26bf043000-7f26bf04e000 r-xp 00000000 fc:01 7999736                    /lib/x86_64-linux-gnu/libnss_nis-2.19.so
7f26bf04e000-7f26bf24d000 ---p 0000b000 fc:01 7999736                    /lib/x86_64-linux-gnu/libnss_nis-2.19.so
7f26bf24d000-7f26bf24e000 r--p 0000a000 fc:01 7999736                    /lib/x86_64-linux-gnu/libnss_nis-2.19.so
7f26bf24e000-7f26bf24f000 rw-p 0000b000 fc:01 7999736                    /lib/x86_64-linux-gnu/libnss_nis-2.19.so
7f26bf24f000-7f26bf266000 r-xp 00000000 fc:01 7999720                    /lib/x86_64-linux-gnu/libnsl-2.19.so
7f26bf266000-7f26bf465000 ---p 00017000 fc:01 7999720                    /lib/x86_64-linux-gnu/libnsl-2.19.so
7f26bf465000-7f26bf466000 r--p 00016000 fc:01 7999720                    /lib/x86_64-linux-gnu/libnsl-2.19.so
7f26bf466000-7f26bf467000 rw-p 00017000 fc:01 7999720                    /lib/x86_64-linux-gnu/libnsl-2.19.so
7f26bf467000-7f26bf469000 rw-p 00000000 00:00 0 
7f26bf469000-7f26bf472000 r-xp 00000000 fc:01 7999722                    /lib/x86_64-linux-gnu/libnss_compat-2.19.so
7f26bf472000-7f26bf671000 ---p 00009000 fc:01 7999722                    /lib/x86_64-linux-gnu/libnss_compat-2.19.so
7f26bf671000-7f26bf672000 r--p 00008000 fc:01 7999722                    /lib/x86_64-linux-gnu/libnss_compat-2.19.so
7f26bf672000-7f26bf673000 rw-p 00009000 fc:01 7999722                    /lib/x86_64-linux-gnu/libnss_compat-2.19.so
7f26bf673000-7f26bf69e000 r-xp 00000000 fc:01 1056352                    /usr/lib/jvm/java-7-openjdk-amd64/jre/lib/amd64/libjava.so
7f26bf69e000-7f26bf89e000 ---p 0002b000 fc:01 1056352                    /usr/lib/jvm/java-7-openjdk-amd64/jre/lib/amd64/libjava.so
7f26bf89e000-7f26bf89f000 r--p 0002b000 fc:01 1056352                    /usr/lib/jvm/java-7-openjdk-amd64/jre/lib/amd64/libjava.so
7f26bf89f000-7f26bf8a1000 rw-p 0002c000 fc:01 1056352                    /usr/lib/jvm/java-7-openjdk-amd64/jre/lib/amd64/libjava.so
7f26bf8a1000-7f26bf8b1000 r-xp 00000000 fc:01 1056366                    /usr/lib/jvm/java-7-openjdk-amd64/jre/lib/amd64/libverify.so
7f26bf8b1000-7f26bfab0000 ---p 00010000 fc:01 1056366                    /usr/lib/jvm/java-7-openjdk-amd64/jre/lib/amd64/libverify.so
7f26bfab0000-7f26bfab2000 r--p 0000f000 fc:01 1056366                    /usr/lib/jvm/java-7-openjdk-amd64/jre/lib/amd64/libverify.so
7f26bfab2000-7f26bfab3000 rw-p 00011000 fc:01 1056366                    /usr/lib/jvm/java-7-openjdk-amd64/jre/lib/amd64/libverify.so
7f26bfab3000-7f26bfaba000 r-xp 00000000 fc:01 7999779                    /lib/x86_64-linux-gnu/librt-2.19.so
7f26bfaba000-7f26bfcb9000 ---p 00007000 fc:01 7999779                    /lib/x86_64-linux-gnu/librt-2.19.so
7f26bfcb9000-7f26bfcba000 r--p 00006000 fc:01 7999779                    /lib/x86_64-linux-gnu/librt-2.19.so
7f26bfcba000-7f26bfcbb000 rw-p 00007000 fc:01 7999779                    /lib/x86_64-linux-gnu/librt-2.19.so
7f26bfcbb000-7f26bfcd1000 r-xp 00000000 fc:01 7999677                    /lib/x86_64-linux-gnu/libgcc_s.so.1
7f26bfcd1000-7f26bfed0000 ---p 00016000 fc:01 7999677                    /lib/x86_64-linux-gnu/libgcc_s.so.1
7f26bfed0000-7f26bfed1000 rw-p 00015000 fc:01 7999677                    /lib/x86_64-linux-gnu/libgcc_s.so.1
7f26bfed1000-7f26bffd6000 r-xp 00000000 fc:01 7999701                    /lib/x86_64-linux-gnu/libm-2.19.so
7f26bffd6000-7f26c01d5000 ---p 00105000 fc:01 7999701                    /lib/x86_64-linux-gnu/libm-2.19.so
7f26c01d5000-7f26c01d6000 r--p 00104000 fc:01 7999701                    /lib/x86_64-linux-gnu/libm-2.19.so
7f26c01d6000-7f26c01d7000 rw-p 00105000 fc:01 7999701                    /lib/x86_64-linux-gnu/libm-2.19.so
7f26c01d7000-7f26c02bd000 r-xp 00000000 fc:01 926335                     /usr/lib/x86_64-linux-gnu/libstdc++.so.6.0.19
7f26c02bd000-7f26c04bc000 ---p 000e6000 fc:01 926335                     /usr/lib/x86_64-linux-gnu/libstdc++.so.6.0.19
7f26c04bc000-7f26c04c4000 r--p 000e5000 fc:01 926335                     /usr/lib/x86_64-linux-gnu/libstdc++.so.6.0.19
7f26c04c4000-7f26c04c6000 rw-p 000ed000 fc:01 926335                     /usr/lib/x86_64-linux-gnu/libstdc++.so.6.0.19
7f26c04c6000-7f26c04db000 rw-p 00000000 00:00 0 
7f26c04db000-7f26c0fff000 r-xp 00000000 fc:01 1056358                    /usr/lib/jvm/java-7-openjdk-amd64/jre/lib/amd64/server/libjvm.so
7f26c0fff000-7f26c11fe000 ---p 00b24000 fc:01 1056358                    /usr/lib/jvm/java-7-openjdk-amd64/jre/lib/amd64/server/libjvm.so
7f26c11fe000-7f26c1298000 r--p 00b23000 fc:01 1056358                    /usr/lib/jvm/java-7-openjdk-amd64/jre/lib/amd64/server/libjvm.so
7f26c1298000-7f26c12bb000 rw-p 00bbd000 fc:01 1056358                    /usr/lib/jvm/java-7-openjdk-amd64/jre/lib/amd64/server/libjvm.so
7f26c12bb000-7f26c12e9000 rw-p 00000000 00:00 0 
7f26c12e9000-7f26c1301000 r-xp 00000000 fc:01 7999814                    /lib/x86_64-linux-gnu/libz.so.1.2.8
7f26c1301000-7f26c1500000 ---p 00018000 fc:01 7999814                    /lib/x86_64-linux-gnu/libz.so.1.2.8
7f26c1500000-7f26c1501000 r--p 00017000 fc:01 7999814                    /lib/x86_64-linux-gnu/libz.so.1.2.8
7f26c1501000-7f26c1502000 rw-p 00018000 fc:01 7999814                    /lib/x86_64-linux-gnu/libz.so.1.2.8
7f26c1502000-7f26c151b000 r-xp 00000000 fc:01 7999771                    /lib/x86_64-linux-gnu/libpthread-2.19.so
7f26c151b000-7f26c171a000 ---p 00019000 fc:01 7999771                    /lib/x86_64-linux-gnu/libpthread-2.19.so
7f26c171a000-7f26c171b000 r--p 00018000 fc:01 7999771                    /lib/x86_64-linux-gnu/libpthread-2.19.so
7f26c171b000-7f26c171c000 rw-p 00019000 fc:01 7999771                    /lib/x86_64-linux-gnu/libpthread-2.19.so
7f26c171c000-7f26c1720000 rw-p 00000000 00:00 0 
7f26c1720000-7f26c1723000 r-xp 00000000 fc:01 7999667                    /lib/x86_64-linux-gnu/libdl-2.19.so
7f26c1723000-7f26c1922000 ---p 00003000 fc:01 7999667                    /lib/x86_64-linux-gnu/libdl-2.19.so
7f26c1922000-7f26c1923000 r--p 00002000 fc:01 7999667                    /lib/x86_64-linux-gnu/libdl-2.19.so
7f26c1923000-7f26c1924000 rw-p 00003000 fc:01 7999667                    /lib/x86_64-linux-gnu/libdl-2.19.so
7f26c1924000-7f26c1adf000 r-xp 00000000 fc:01 7999650                    /lib/x86_64-linux-gnu/libc-2.19.so
7f26c1adf000-7f26c1cde000 ---p 001bb000 fc:01 7999650                    /lib/x86_64-linux-gnu/libc-2.19.so
7f26c1cde000-7f26c1ce2000 r--p 001ba000 fc:01 7999650                    /lib/x86_64-linux-gnu/libc-2.19.so
7f26c1ce2000-7f26c1ce4000 rw-p 001be000 fc:01 7999650                    /lib/x86_64-linux-gnu/libc-2.19.so
7f26c1ce4000-7f26c1ce9000 rw-p 00000000 00:00 0 
7f26c1ce9000-7f26c1cf6000 r-xp 00000000 fc:01 1056367                    /usr/lib/jvm/java-7-openjdk-amd64/jre/lib/amd64/jli/libjli.so
7f26c1cf6000-7f26c1ef5000 ---p 0000d000 fc:01 1056367                    /usr/lib/jvm/java-7-openjdk-amd64/jre/lib/amd64/jli/libjli.so
7f26c1ef5000-7f26c1ef6000 r--p 0000c000 fc:01 1056367                    /usr/lib/jvm/java-7-openjdk-amd64/jre/lib/amd64/jli/libjli.so
7f26c1ef6000-7f26c1ef7000 rw-p 0000d000 fc:01 1056367                    /usr/lib/jvm/java-7-openjdk-amd64/jre/lib/amd64/jli/libjli.so
7f26c1ef7000-7f26c1f1a000 r-xp 00000000 fc:01 7999624                    /lib/x86_64-linux-gnu/ld-2.19.so
7f26c1f23000-7f26c1f32000 r--s 000df000 fc:01 6031816                    /home/aaditya/Downloads/sdk/build-tools/23.0.1/lib/dx.jar
7f26c1f32000-7f26c1f44000 rw-p 00000000 00:00 0 
7f26c1f44000-7f26c1ff2000 rw-p 00000000 00:00 0 
7f26c1ff2000-7f26c1ff5000 ---p 00000000 00:00 0 
7f26c1ff5000-7f26c20f9000 rw-p 00000000 00:00 0                          [stack:13427]
7f26c20f9000-7f26c20fb000 r--s 00012000 fc:01 1056326                    /usr/lib/jvm/java-7-openjdk-amd64/jre/lib/ext/zipfs.jar
7f26c20fb000-7f26c20ff000 r--s 00085000 fc:01 1056327                    /usr/lib/jvm/java-7-openjdk-amd64/jre/lib/ext/localedata.jar
7f26c20ff000-7f26c2103000 r--s 00034000 fc:01 1056329                    /usr/lib/jvm/java-7-openjdk-amd64/jre/lib/ext/sunjce_provider.jar
7f26c2103000-7f26c2104000 r--s 00002000 fc:01 1056331                    /usr/lib/jvm/java-7-openjdk-amd64/jre/lib/ext/dnsns.jar
7f26c2104000-7f26c2107000 r--s 0000f000 fc:01 1056328                    /usr/lib/jvm/java-7-openjdk-amd64/jre/lib/ext/icedtea-sound.jar
7f26c2107000-7f26c210b000 r--s 0003c000 fc:01 1056330                    /usr/lib/jvm/java-7-openjdk-amd64/jre/lib/ext/sunpkcs11.jar
7f26c210b000-7f26c210d000 r--s 00006000 fc:01 1447316                    /usr/share/java/java-atk-wrapper.jar
7f26c210d000-7f26c2115000 rw-s 00000000 fc:01 6689657                    /tmp/hsperfdata_aaditya/13422
7f26c2115000-7f26c2116000 rw-p 00000000 00:00 0 
7f26c2116000-7f26c2117000 ---p 00000000 00:00 0 
7f26c2117000-7f26c2119000 rw-p 00000000 00:00 0 
7f26c2119000-7f26c211a000 r--p 00022000 fc:01 7999624                    /lib/x86_64-linux-gnu/ld-2.19.so
7f26c211a000-7f26c211b000 rw-p 00023000 fc:01 7999624                    /lib/x86_64-linux-gnu/ld-2.19.so
7f26c211b000-7f26c211c000 rw-p 00000000 00:00 0 
7ffcc7515000-7ffcc7536000 rw-p 00000000 00:00 0                          [stack]
7ffcc75e8000-7ffcc75ea000 r-xp 00000000 00:00 0                          [vdso]
7ffcc75ea000-7ffcc75ec000 r--p 00000000 00:00 0                          [vvar]
ffffffffff600000-ffffffffff601000 r-xp 00000000 00:00 0                  [vsyscall]

VM Arguments:
jvm_args: -Djava.awt.headless=true -Xmx135g -Dfile.encoding=UTF-8 -Duser.country=IN -Duser.language=en -Duser.variant 
java_command: com.android.dx.command.Main --dex --num-threads=4 --multi-dex --main-dex-list /home/aaditya/Desktop/MtvConnect/mtvconnectandroid/app/build/intermediates/multi-dex/debug/maindexlist.txt --output /home/aaditya/Desktop/MtvConnect/mtvconnectandroid/app/build/intermediates/transforms/dex/debug/folders/1000/1f/main /home/aaditya/Desktop/MtvConnect/mtvconnectandroid/app/build/intermediates/transforms/jarMerging/debug/jars/1/1f/combined.jar
Launcher Type: SUN_STANDARD

Environment Variables:
JAVA_HOME=/usr/lib/jvm/java-7-openjdk-amd64
PATH=/usr/local/sbin:/usr/local/bin:/usr/sbin:/usr/bin:/sbin:/bin:/usr/games:/usr/local/games:/usr/lib/jvm/java-7-openjdk-amd64:/home/aaditya/Downloads/android-studio/bin
USERNAME=aaditya
LD_LIBRARY_PATH=/home/aaditya/Downloads/android-studio/bin:
SHELL=/bin/bash
DISPLAY=:0

Signal Handlers:
SIGSEGV: [libjvm.so+0x954820], sa_mask[0]=0x7ffbfeff, sa_flags=0x10000004
SIGBUS: [libjvm.so+0x954820], sa_mask[0]=0x7ffbfeff, sa_flags=0x10000004
SIGFPE: [libjvm.so+0x7cb150], sa_mask[0]=0x7ffbfeff, sa_flags=0x10000004
SIGPIPE: [libjvm.so+0x7cb150], sa_mask[0]=0x7ffbfeff, sa_flags=0x10000004
SIGXFSZ: [libjvm.so+0x7cb150], sa_mask[0]=0x7ffbfeff, sa_flags=0x10000004
SIGILL: [libjvm.so+0x7cb150], sa_mask[0]=0x7ffbfeff, sa_flags=0x10000004
SIGUSR1: SIG_DFL, sa_mask[0]=0x00000000, sa_flags=0x00000000
SIGUSR2: [libjvm.so+0x7caff0], sa_mask[0]=0x00000004, sa_flags=0x10000004
SIGHUP: [libjvm.so+0x7cb1d0], sa_mask[0]=0x7ffbfeff, sa_flags=0x10000004
SIGINT: [libjvm.so+0x7cb1d0], sa_mask[0]=0x7ffbfeff, sa_flags=0x10000004
SIGTERM: [libjvm.so+0x7cb1d0], sa_mask[0]=0x7ffbfeff, sa_flags=0x10000004
SIGQUIT: [libjvm.so+0x7cb1d0], sa_mask[0]=0x7ffbfeff, sa_flags=0x10000004
SIGTRAP: SIG_DFL, sa_mask[0]=0x00000000, sa_flags=0x00000000


---------------  S Y S T E M  ---------------

OS:LinuxMint 17.2 (rafaela)
uname:Linux 3.16.0-38-generic #52~14.04.1-Ubuntu SMP Fri May 8 09:43:57 UTC 2015 x86_64
libc:glibc 2.19 NPTL 2.19 
rlimit: STACK 8192k, CORE 0k, NPROC 31345, NOFILE 4096, AS infinity
load average:2.20 1.07 0.79

/proc/meminfo:
MemTotal:        8056428 kB
MemFree:         1324720 kB
MemAvailable:    2990800 kB
Buffers:           59844 kB
Cached:          1950924 kB
SwapCached:         5388 kB
Active:          4455468 kB
Inactive:        1942336 kB
Active(anon):    3519112 kB
Inactive(anon):  1131732 kB
Active(file):     936356 kB
Inactive(file):   810604 kB
Unevictable:          16 kB
Mlocked:              16 kB
SwapTotal:       8269820 kB
SwapFree:        8246360 kB
Dirty:             22172 kB
Writeback:             0 kB
AnonPages:       4381824 kB
Mapped:           365876 kB
Shmem:            263808 kB
Slab:             212872 kB
SReclaimable:     172536 kB
SUnreclaim:        40336 kB
KernelStack:        8944 kB
PageTables:        38724 kB
NFS_Unstable:          0 kB
Bounce:                0 kB
WritebackTmp:          0 kB
CommitLimit:    12298032 kB
Committed_AS:   26653312 kB
VmallocTotal:   34359738367 kB
VmallocUsed:      360616 kB
VmallocChunk:   34359371584 kB
HardwareCorrupted:     0 kB
AnonHugePages:   3082240 kB
HugePages_Total:       0
HugePages_Free:        0
HugePages_Rsvd:        0
HugePages_Surp:        0
Hugepagesize:       2048 kB
DirectMap4k:      114304 kB
DirectMap2M:     8155136 kB


CPU:total 4 (2 cores per cpu, 2 threads per core) family 6 model 42 stepping 7, cmov, cx8, fxsr, mmx, sse, sse2, sse3, ssse3, sse4.1, sse4.2, popcnt, avx, aes, ht, tsc, tscinvbit

/proc/cpuinfo:
processor	: 0
vendor_id	: GenuineIntel
cpu family	: 6
model		: 42
model name	: Intel(R) Core(TM) i5-2410M CPU @ 2.30GHz
stepping	: 7
microcode	: 0x28
cpu MHz		: 2699.984
cache size	: 3072 KB
physical id	: 0
siblings	: 4
core id		: 0
cpu cores	: 2
apicid		: 0
initial apicid	: 0
fpu		: yes
fpu_exception	: yes
cpuid level	: 13
wp		: yes
flags		: fpu vme de pse tsc msr pae mce cx8 apic sep mtrr pge mca cmov pat pse36 clflush dts acpi mmx fxsr sse sse2 ss ht tm pbe syscall nx rdtscp lm constant_tsc arch_perfmon pebs bts nopl xtopology nonstop_tsc aperfmperf eagerfpu pni pclmulqdq dtes64 monitor ds_cpl vmx est tm2 ssse3 cx16 xtpr pdcm pcid sse4_1 sse4_2 x2apic popcnt tsc_deadline_timer aes xsave avx lahf_lm ida arat epb xsaveopt pln pts dtherm tpr_shadow vnmi flexpriority ept vpid
bogomips	: 4585.11
clflush size	: 64
cache_alignment	: 64
address sizes	: 36 bits physical, 48 bits virtual
power management:

processor	: 1
vendor_id	: GenuineIntel
cpu family	: 6
model		: 42
model name	: Intel(R) Core(TM) i5-2410M CPU @ 2.30GHz
stepping	: 7
microcode	: 0x28
cpu MHz		: 2699.984
cache size	: 3072 KB
physical id	: 0
siblings	: 4
core id		: 0
cpu cores	: 2
apicid		: 1
initial apicid	: 1
fpu		: yes
fpu_exception	: yes
cpuid level	: 13
wp		: yes
flags		: fpu vme de pse tsc msr pae mce cx8 apic sep mtrr pge mca cmov pat pse36 clflush dts acpi mmx fxsr sse sse2 ss ht tm pbe syscall nx rdtscp lm constant_tsc arch_perfmon pebs bts nopl xtopology nonstop_tsc aperfmperf eagerfpu pni pclmulqdq dtes64 monitor ds_cpl vmx est tm2 ssse3 cx16 xtpr pdcm pcid sse4_1 sse4_2 x2apic popcnt tsc_deadline_timer aes xsave avx lahf_lm ida arat epb xsaveopt pln pts dtherm tpr_shadow vnmi flexpriority ept vpid
bogomips	: 4585.11
clflush size	: 64
cache_alignment	: 64
address sizes	: 36 bits physical, 48 bits virtual
power management:

processor	: 2
vendor_id	: GenuineIntel
cpu family	: 6
model		: 42
model name	: Intel(R) Core(TM) i5-2410M CPU @ 2.30GHz
stepping	: 7
microcode	: 0x28
cpu MHz		: 2699.984
cache size	: 3072 KB
physical id	: 0
siblings	: 4
core id		: 1
cpu cores	: 2
apicid		: 2
initial apicid	: 2
fpu		: yes
fpu_exception	: yes
cpuid level	: 13
wp		: yes
flags		: fpu vme de pse tsc msr pae mce cx8 apic sep mtrr pge mca cmov pat pse36 clflush dts acpi mmx fxsr sse sse2 ss ht tm pbe syscall nx rdtscp lm constant_tsc arch_perfmon pebs bts nopl xtopology nonstop_tsc aperfmperf eagerfpu pni pclmulqdq dtes64 monitor ds_cpl vmx est tm2 ssse3 cx16 xtpr pdcm pcid sse4_1 sse4_2 x2apic popcnt tsc_deadline_timer aes xsave avx lahf_lm ida arat epb xsaveopt pln pts dtherm tpr_shadow vnmi flexpriority ept vpid
bogomips	: 4585.11
clflush size	: 64
cache_alignment	: 64
address sizes	: 36 bits physical, 48 bits virtual
power management:

processor	: 3
vendor_id	: GenuineIntel
cpu family	: 6
model		: 42
model name	: Intel(R) Core(TM) i5-2410M CPU @ 2.30GHz
stepping	: 7
microcode	: 0x28
cpu MHz		: 2699.984
cache size	: 3072 KB
physical id	: 0
siblings	: 4
core id		: 1
cpu cores	: 2
apicid		: 3
initial apicid	: 3
fpu		: yes
fpu_exception	: yes
cpuid level	: 13
wp		: yes
flags		: fpu vme de pse tsc msr pae mce cx8 apic sep mtrr pge mca cmov pat pse36 clflush dts acpi mmx fxsr sse sse2 ss ht tm pbe syscall nx rdtscp lm constant_tsc arch_perfmon pebs bts nopl xtopology nonstop_tsc aperfmperf eagerfpu pni pclmulqdq dtes64 monitor ds_cpl vmx est tm2 ssse3 cx16 xtpr pdcm pcid sse4_1 sse4_2 x2apic popcnt tsc_deadline_timer aes xsave avx lahf_lm ida arat epb xsaveopt pln pts dtherm tpr_shadow vnmi flexpriority ept vpid
bogomips	: 4585.11
clflush size	: 64
cache_alignment	: 64
address sizes	: 36 bits physical, 48 bits virtual
power management:



Memory: 4k page, physical 8056428k(1324720k free), swap 8269820k(8246360k free)

vm_info: OpenJDK 64-Bit Server VM (24.85-b03) for linux-amd64 JRE (1.7.0_85-b01), built on Oct 22 2015 06:46:50 by "buildd" with gcc 4.8.2

time: Sun Dec 13 14:45:31 2015
elapsed time: 19 seconds

