#
# A fatal error has been detected by the Java Runtime Environment:
#
#  SIGSEGV (0xb) at pc=0x00007f580c02f275, pid=4596, tid=140016104183552
#
# JRE version: OpenJDK Runtime Environment (7.0_85-b01) (build 1.7.0_85-b01)
# Java VM: OpenJDK 64-Bit Server VM (24.85-b03 mixed mode linux-amd64 )
# Derivative: IcedTea 2.6.1
# Distribution: Ubuntu 14.04 LTS, package 7u85-2.6.1-5ubuntu0.14.04.1
# Problematic frame:
# V  [libjvm.so+0x3bc275]  CardTableExtension::scavenge_contents_parallel(ObjectStartArray*, MutableSpace*, HeapWord*, PSPromotionManager*, unsigned int, unsigned int)+0x6a5
#
# Failed to write core dump. Core dumps have been disabled. To enable core dumping, try "ulimit -c unlimited" before starting Java again
#
# If you would like to submit a bug report, please include
# instructions on how to reproduce the bug and visit:
#   http://icedtea.classpath.org/bugzilla
#

---------------  T H R E A D  ---------------

Current thread (0x00007f5804022000):  GCTaskThread [stack: 0x00007f580a171000,0x00007f580a272000] [id=4602]

siginfo:si_signo=SIGSEGV: si_errno=0, si_code=2 (SEGV_ACCERR), si_addr=0x00007f3616b2d918

Registers:
RAX=0x00007f3616b2d900, RBX=0x00007f364a5b0018, RCX=0x0000000000000028, RDX=0x0000000000000000
RSP=0x00007f580a270d00, RBP=0x00007f580a270d90, RSI=0x00007f5804073990, RDI=0x00007f3636eb71f0
R8 =0x00007f5804073a30, R9 =0x000000000000000b, R10=0x00007f3625c49d80, R11=0x000000000000003c
R12=0x00007f364a5a07c0, R13=0x00007f580401b6c0, R14=0x00007f3625c49d81, R15=0x0000000000000240
RIP=0x00007f580c02f275, EFLAGS=0x0000000000010246, CSGSFS=0x0000000000000033, ERR=0x0000000000000004
  TRAPNO=0x000000000000000e

Top of Stack: (sp=0x00007f580a270d00)
0x00007f580a270d00:   00007f3625c49d80 00007f3625c49d01
0x00007f580a270d10:   0000000000000200 0000000000000100
0x00007f580a270d20:   00007f364b156550 00007f3625c49f00
0x00007f580a270d30:   00007f364a5b0018 00007f3625c4fab3
0x00007f580a270d40:   00007f364a5a0028 00007f5804073990
0x00007f580a270d50:   00007f3625c49d81 00007f580401b3f0
0x00007f580a270d60:   0000000000000001 00007f5804028100
0x00007f580a270d70:   00007f5804073990 00007f580c62b1e6
0x00007f580a270d80:   00007f5804022000 00007f580ca5c502
0x00007f580a270d90:   00007f580a270dc0 00007f580c4af47b
0x00007f580a270da0:   0000000000000004 00007f34c85e2f30
0x00007f580a270db0:   0000000000000001 00007f5804028100
0x00007f580a270dc0:   00007f580a270ed0 00007f580c1bdb22
0x00007f580a270dd0:   00000000000003d8 00007f5804022b58
0x00007f580a270de0:   00007f5804022780 00007f580a270e60
0x00007f580a270df0:   00007f5804022740 00007f5804022770
0x00007f580a270e00:   00007f580a270e10 0000000000000000
0x00007f580a270e10:   0000000000000000 00007f5804023500
0x00007f580a270e20:   00007f5804022000 00007f5804022b60
0x00007f580a270e30:   00007f5804022ba0 00007f5804022bb0
0x00007f580a270e40:   00007f5804022f88 00000000000003d8
0x00007f580a270e50:   00007f5804022f90 00007f5804023900
0x00007f580a270e60:   00007f5804022000 00007f5804022b60
0x00007f580a270e70:   00007f5804022ba0 00007f5804022bb0
0x00007f580a270e80:   00007f5804022f88 00000000000003d8
0x00007f580a270e90:   00007f580a270e20 00007f580a2719c0
0x00007f580a270ea0:   00007f580a270ed0 00007f5804023900
0x00007f580a270eb0:   00007f5804023810 00007f5804022000
0x00007f580a270ec0:   00007f580a2719c0 00007f580a271700
0x00007f580a270ed0:   00007f580a270f10 00007f580c43f7e2
0x00007f580a270ee0:   0000000000000000 00007f580a271700
0x00007f580a270ef0:   0000000000000000 0000000000000000 

Instructions: (pc=0x00007f580c02f275)
0x00007f580c02f255:   e9 7d 00 00 00 66 0f 1f 44 00 00 48 8d 35 79 12
0x00007f580c02f265:   a1 00 41 8b 44 24 08 8b 4e 08 48 d3 e0 48 03 06
0x00007f580c02f275:   81 78 18 ff ff ff bf 77 1f 48 8d 78 10 48 8b 40
0x00007f580c02f285:   10 4c 89 e2 48 8b 75 b8 ff 90 d8 00 00 00 48 8d 

Register to memory mapping:

RAX=0x00007f3616b2d900 is an unknown value
RBX=0x00007f364a5b0018 is an oop
com.android.dx.rop.code.InsnList 
 - klass: 'com/android/dx/rop/code/InsnList'
RCX=0x0000000000000028 is an unknown value
RDX=0x0000000000000000 is an unknown value
RSP=0x00007f580a270d00 is an unknown value
RBP=0x00007f580a270d90 is an unknown value
RSI=0x00007f5804073990 is an unknown value
RDI=0x00007f3636eb71f0 is pointing into object: 0x00007f3636eb71e0
{instance class} 
 - klass: {other class}
R8 =0x00007f5804073a30 is an unknown value
R9 =0x000000000000000b is an unknown value
R10=0x00007f3625c49d80 is an unknown value
R11=0x000000000000003c is an unknown value
R12=
[error occurred during error reporting (printing register info), id 0xb]

Stack: [0x00007f580a171000,0x00007f580a272000],  sp=0x00007f580a270d00,  free space=1023k
Native frames: (J=compiled Java code, j=interpreted, Vv=VM code, C=native code)
V  [libjvm.so+0x3bc275]  CardTableExtension::scavenge_contents_parallel(ObjectStartArray*, MutableSpace*, HeapWord*, PSPromotionManager*, unsigned int, unsigned int)+0x6a5
V  [libjvm.so+0x83c47b]  OldToYoungRootsTask::do_it(GCTaskManager*, unsigned int)+0x4b
V  [libjvm.so+0x54ab22]  GCTaskThread::run()+0x162
V  [libjvm.so+0x7cc7e2]  java_start(Thread*)+0xf2


---------------  P R O C E S S  ---------------

Java Threads: ( => current thread )
  0x00007f58041bd000 JavaThread "pool-2-thread-4" [_thread_blocked, id=4617, stack(0x00007f36180e6000,0x00007f36181e7000)]
  0x00007f58041bb000 JavaThread "pool-2-thread-3" [_thread_blocked, id=4616, stack(0x00007f36181e7000,0x00007f36182e8000)]
  0x00007f58041ba800 JavaThread "pool-2-thread-2" [_thread_blocked, id=4615, stack(0x00007f36182e8000,0x00007f36183e9000)]
  0x00007f58041ac000 JavaThread "pool-3-thread-1" [_thread_blocked, id=4614, stack(0x00007f36183e9000,0x00007f36184ea000)]
  0x00007f58041aa800 JavaThread "pool-2-thread-1" [_thread_blocked, id=4613, stack(0x00007f36184ea000,0x00007f36185eb000)]
  0x00007f58040ae800 JavaThread "Service Thread" daemon [_thread_blocked, id=4611, stack(0x00007f3619fde000,0x00007f361a0df000)]
  0x00007f58040ac000 JavaThread "C2 CompilerThread1" daemon [_thread_blocked, id=4610, stack(0x00007f361a0df000,0x00007f361a1e0000)]
  0x00007f58040a9000 JavaThread "C2 CompilerThread0" daemon [_thread_blocked, id=4609, stack(0x00007f361a1e0000,0x00007f361a2e1000)]
  0x00007f58040a7000 JavaThread "Signal Dispatcher" daemon [_thread_blocked, id=4608, stack(0x00007f361a2e1000,0x00007f361a3e2000)]
  0x00007f580407c000 JavaThread "Finalizer" daemon [_thread_blocked, id=4607, stack(0x00007f361a6ab000,0x00007f361a7ac000)]
  0x00007f580407a800 JavaThread "Reference Handler" daemon [_thread_blocked, id=4606, stack(0x00007f5808035000,0x00007f5808136000)]
  0x00007f580400a800 JavaThread "main" [_thread_blocked, id=4600, stack(0x00007f580d78a000,0x00007f580d88b000)]

Other Threads:
  0x00007f5804076000 VMThread [stack: 0x00007f5808136000,0x00007f5808237000] [id=4605]
  0x00007f58040b9000 WatcherThread [stack: 0x00007f3619edd000,0x00007f3619fde000] [id=4612]

=>0x00007f5804022000 (exited) GCTaskThread [stack: 0x00007f580a171000,0x00007f580a272000] [id=4602]

VM state:at safepoint (normal execution)

VM Mutex/Monitor currently owned by a thread:  ([mutex/lock_event])
[0x00007f5804006ac0] Threads_lock - owner thread: 0x00007f5804076000
[0x00007f5804006fc0] Heap_lock - owner thread: 0x00007f58041ba800

Heap
 PSYoungGen      total 496640K, used 462661K [0x00007f4cc1000000, 0x00007f4ce6880000, 0x00007f5801000000)
  eden space 432640K, 100% used [0x00007f4cc1000000,0x00007f4cdb680000,0x00007f4cdb680000)
  from space 64000K, 46% used [0x00007f4cddd00000,0x00007f4cdfa514e0,0x00007f4ce1b80000)
  to   space 78848K, 99% used [0x00007f4ce1b80000,0x00007f4ce6878d50,0x00007f4ce6880000)
 ParOldGen       total 292864K, used 183990K [0x00007f3641000000, 0x00007f3652e00000, 0x00007f4cc1000000)
  object space 292864K, 62% used [0x00007f3641000000,0x00007f364c3adb48,0x00007f3652e00000)
 PSPermGen       total 21504K, used 6417K [0x00007f3636a00000, 0x00007f3637f00000, 0x00007f3641000000)
  object space 21504K, 29% used [0x00007f3636a00000,0x00007f3637044488,0x00007f3637f00000)

Card table byte_map: [0x00007f3625bac000,0x00007f3636a00000] byte_map_base: 0x00007ef68a9f7000

Polling page: 0x00007f580d8ae000

Code Cache  [0x00007f5801000000, 0x00007f5801370000, 0x00007f5804000000)
 total_blobs=1208 nmethods=977 adapters=184 free_code_cache=45697Kb largest_free_block=46733120

Compilation events (10 events):
Event: 10.874 Thread 0x00007f58040a9000 nmethod 1002 0x00007f5801366a50 code [0x00007f5801366c40, 0x00007f58013672d0]
Event: 10.874 Thread 0x00007f58040a9000 1003             com.android.dx.cf.iface.StdMember::getDescriptor (8 bytes)
Event: 10.875 Thread 0x00007f58040a9000 nmethod 1003 0x00007f5801223190 code [0x00007f58012232c0, 0x00007f5801223338]
Event: 10.875 Thread 0x00007f58040a9000 1004             com.android.dx.rop.type.Prototype::intern (31 bytes)
Event: 10.881 Thread 0x00007f58040a9000 nmethod 1004 0x00007f5801206ad0 code [0x00007f5801206ca0, 0x00007f58012070f0]
Event: 10.881 Thread 0x00007f58040a9000 1005             com.android.dx.cf.iface.StdMethodList::set (7 bytes)
Event: 10.882 Thread 0x00007f58040a9000 nmethod 1005 0x00007f5801222150 code [0x00007f58012222a0, 0x00007f58012223b8]
Event: 10.882 Thread 0x00007f58040a9000 1006             com.android.dx.rop.code.AccessFlags::isNative (14 bytes)
Event: 10.883 Thread 0x00007f58040a9000 nmethod 1006 0x00007f58013555d0 code [0x00007f5801355700, 0x00007f5801355758]
Event: 10.883 Thread 0x00007f58040a9000 1007             com.android.dx.rop.code.AccessFlags::isAbstract (14 bytes)

GC Heap History (10 events):
Event: 7.056 GC heap after
Heap after GC invocations=7 (full 0):
 PSYoungGen      total 280576K, used 31206K [0x00007f4cc1000000, 0x00007f4ce5a00000, 0x00007f5801000000)
  eden space 249344K, 0% used [0x00007f4cc1000000,0x00007f4cc1000000,0x00007f4cd0380000)
  from space 31232K, 99% used [0x00007f4cd0380000,0x00007f4cd21f9b08,0x00007f4cd2200000)
  to   space 50688K, 0% used [0x00007f4ce2880000,0x00007f4ce2880000,0x00007f4ce5a00000)
 ParOldGen       total 83968K, used 80408K [0x00007f3641000000, 0x00007f3646200000, 0x00007f4cc1000000)
  object space 83968K, 95% used [0x00007f3641000000,0x00007f3645e86248,0x00007f3646200000)
 PSPermGen       total 21504K, used 6380K [0x00007f3636a00000, 0x00007f3637f00000, 0x00007f3641000000)
  object space 21504K, 29% used [0x00007f3636a00000,0x00007f363703b0e8,0x00007f3637f00000)
}
Event: 7.056 GC heap before
{Heap before GC invocations=8 (full 1):
 PSYoungGen      total 280576K, used 31206K [0x00007f4cc1000000, 0x00007f4ce5a00000, 0x00007f5801000000)
  eden space 249344K, 0% used [0x00007f4cc1000000,0x00007f4cc1000000,0x00007f4cd0380000)
  from space 31232K, 99% used [0x00007f4cd0380000,0x00007f4cd21f9b08,0x00007f4cd2200000)
  to   space 50688K, 0% used [0x00007f4ce2880000,0x00007f4ce2880000,0x00007f4ce5a00000)
 ParOldGen       total 83968K, used 80408K [0x00007f3641000000, 0x00007f3646200000, 0x00007f4cc1000000)
  object space 83968K, 95% used [0x00007f3641000000,0x00007f3645e86248,0x00007f3646200000)
 PSPermGen       total 21504K, used 6380K [0x00007f3636a00000, 0x00007f3637f00000, 0x00007f3641000000)
  object space 21504K, 29% used [0x00007f3636a00000,0x00007f363703b0e8,0x00007f3637f00000)
Event: 7.561 GC heap after
Heap after GC invocations=8 (full 1):
 PSYoungGen      total 280576K, used 21837K [0x00007f4cc1000000, 0x00007f4ce5a00000, 0x00007f5801000000)
  eden space 249344K, 0% used [0x00007f4cc1000000,0x00007f4cc1000000,0x00007f4cd0380000)
  from space 31232K, 69% used [0x00007f4cd0380000,0x00007f4cd18d3768,0x00007f4cd2200000)
  to   space 50688K, 0% used [0x00007f4ce2880000,0x00007f4ce2880000,0x00007f4ce5a00000)
 ParOldGen       total 165376K, used 83719K [0x00007f3641000000, 0x00007f364b180000, 0x00007f4cc1000000)
  object space 165376K, 50% used [0x00007f3641000000,0x00007f36461c1f98,0x00007f364b180000)
 PSPermGen       total 21504K, used 6375K [0x00007f3636a00000, 0x00007f3637f00000, 0x00007f3641000000)
  object space 21504K, 29% used [0x00007f3636a00000,0x00007f3637039cb8,0x00007f3637f00000)
}
Event: 8.506 GC heap before
{Heap before GC invocations=9 (full 1):
 PSYoungGen      total 280576K, used 271181K [0x00007f4cc1000000, 0x00007f4ce5a00000, 0x00007f5801000000)
  eden space 249344K, 100% used [0x00007f4cc1000000,0x00007f4cd0380000,0x00007f4cd0380000)
  from space 31232K, 69% used [0x00007f4cd0380000,0x00007f4cd18d3768,0x00007f4cd2200000)
  to   space 50688K, 0% used [0x00007f4ce2880000,0x00007f4ce2880000,0x00007f4ce5a00000)
 ParOldGen       total 165376K, used 83719K [0x00007f3641000000, 0x00007f364b180000, 0x00007f4cc1000000)
  object space 165376K, 50% used [0x00007f3641000000,0x00007f36461c1f98,0x00007f364b180000)
 PSPermGen       total 21504K, used 6386K [0x00007f3636a00000, 0x00007f3637f00000, 0x00007f3641000000)
  object space 21504K, 29% used [0x00007f3636a00000,0x00007f363703cb58,0x00007f3637f00000)
Event: 8.581 GC heap after
Heap after GC invocations=9 (full 1):
 PSYoungGen      total 390656K, used 50679K [0x00007f4cc1000000, 0x00007f4ce5a00000, 0x00007f5801000000)
  eden space 339968K, 0% used [0x00007f4cc1000000,0x00007f4cc1000000,0x00007f4cd5c00000)
  from space 50688K, 99% used [0x00007f4ce2880000,0x00007f4ce59fddf0,0x00007f4ce5a00000)
  to   space 64000K, 0% used [0x00007f4cddd00000,0x00007f4cddd00000,0x00007f4ce1b80000)
 ParOldGen       total 165376K, used 93983K [0x00007f3641000000, 0x00007f364b180000, 0x00007f4cc1000000)
  object space 165376K, 56% used [0x00007f3641000000,0x00007f3646bc7fc8,0x00007f364b180000)
 PSPermGen       total 21504K, used 6386K [0x00007f3636a00000, 0x00007f3637f00000, 0x00007f3641000000)
  object space 21504K, 29% used [0x00007f3636a00000,0x00007f363703cb58,0x00007f3637f00000)
}
Event: 9.507 GC heap before
{Heap before GC invocations=10 (full 1):
 PSYoungGen      total 390656K, used 390647K [0x00007f4cc1000000, 0x00007f4ce5a00000, 0x00007f5801000000)
  eden space 339968K, 100% used [0x00007f4cc1000000,0x00007f4cd5c00000,0x00007f4cd5c00000)
  from space 50688K, 99% used [0x00007f4ce2880000,0x00007f4ce59fddf0,0x00007f4ce5a00000)
  to   space 64000K, 0% used [0x00007f4cddd00000,0x00007f4cddd00000,0x00007f4ce1b80000)
 ParOldGen       total 165376K, used 93983K [0x00007f3641000000, 0x00007f364b180000, 0x00007f4cc1000000)
  object space 165376K, 56% used [0x00007f3641000000,0x00007f3646bc7fc8,0x00007f364b180000)
 PSPermGen       total 21504K, used 6401K [0x00007f3636a00000, 0x00007f3637f00000, 0x00007f3641000000)
  object space 21504K, 29% used [0x00007f3636a00000,0x00007f36370406e8,0x00007f3637f00000)
Event: 9.618 GC heap after
Heap after GC invocations=10 (full 1):
 PSYoungGen      total 496640K, used 63981K [0x00007f4cc1000000, 0x00007f4ce6880000, 0x00007f5801000000)
  eden space 432640K, 0% used [0x00007f4cc1000000,0x00007f4cc1000000,0x00007f4cdb680000)
  from space 64000K, 99% used [0x00007f4cddd00000,0x00007f4ce1b7b6d8,0x00007f4ce1b80000)
  to   space 78848K, 0% used [0x00007f4ce1b80000,0x00007f4ce1b80000,0x00007f4ce6880000)
 ParOldGen       total 165376K, used 134844K [0x00007f3641000000, 0x00007f364b180000, 0x00007f4cc1000000)
  object space 165376K, 81% used [0x00007f3641000000,0x00007f36493af3e8,0x00007f364b180000)
 PSPermGen       total 21504K, used 6401K [0x00007f3636a00000, 0x00007f3637f00000, 0x00007f3641000000)
  object space 21504K, 29% used [0x00007f3636a00000,0x00007f36370406e8,0x00007f3637f00000)
}
Event: 9.618 GC heap before
{Heap before GC invocations=11 (full 2):
 PSYoungGen      total 496640K, used 63981K [0x00007f4cc1000000, 0x00007f4ce6880000, 0x00007f5801000000)
  eden space 432640K, 0% used [0x00007f4cc1000000,0x00007f4cc1000000,0x00007f4cdb680000)
  from space 64000K, 99% used [0x00007f4cddd00000,0x00007f4ce1b7b6d8,0x00007f4ce1b80000)
  to   space 78848K, 0% used [0x00007f4ce1b80000,0x00007f4ce1b80000,0x00007f4ce6880000)
 ParOldGen       total 165376K, used 134844K [0x00007f3641000000, 0x00007f364b180000, 0x00007f4cc1000000)
  object space 165376K, 81% used [0x00007f3641000000,0x00007f36493af3e8,0x00007f364b180000)
 PSPermGen       total 21504K, used 6401K [0x00007f3636a00000, 0x00007f3637f00000, 0x00007f3641000000)
  object space 21504K, 29% used [0x00007f3636a00000,0x00007f36370406e8,0x00007f3637f00000)
Event: 10.106 GC heap after
Heap after GC invocations=11 (full 2):
 PSYoungGen      total 496640K, used 30021K [0x00007f4cc1000000, 0x00007f4ce6880000, 0x00007f5801000000)
  eden space 432640K, 0% used [0x00007f4cc1000000,0x00007f4cc1000000,0x00007f4cdb680000)
  from space 64000K, 46% used [0x00007f4cddd00000,0x00007f4cdfa514e0,0x00007f4ce1b80000)
  to   space 78848K, 0% used [0x00007f4ce1b80000,0x00007f4ce1b80000,0x00007f4ce6880000)
 ParOldGen       total 292864K, used 165209K [0x00007f3641000000, 0x00007f3652e00000, 0x00007f4cc1000000)
  object space 292864K, 56% used [0x00007f3641000000,0x00007f364b156550,0x00007f3652e00000)
 PSPermGen       total 21504K, used 6401K [0x00007f3636a00000, 0x00007f3637f00000, 0x00007f3641000000)
  object space 21504K, 29% used [0x00007f3636a00000,0x00007f3637040448,0x00007f3637f00000)
}
Event: 10.883 GC heap before
{Heap before GC invocations=12 (full 2):
 PSYoungGen      total 496640K, used 462661K [0x00007f4cc1000000, 0x00007f4ce6880000, 0x00007f5801000000)
  eden space 432640K, 100% used [0x00007f4cc1000000,0x00007f4cdb680000,0x00007f4cdb680000)
  from space 64000K, 46% used [0x00007f4cddd00000,0x00007f4cdfa514e0,0x00007f4ce1b80000)
  to   space 78848K, 0% used [0x00007f4ce1b80000,0x00007f4ce1b80000,0x00007f4ce6880000)
 ParOldGen       total 292864K, used 165209K [0x00007f3641000000, 0x00007f3652e00000, 0x00007f4cc1000000)
  object space 292864K, 56% used [0x00007f3641000000,0x00007f364b156550,0x00007f3652e00000)
 PSPermGen       total 21504K, used 6417K [0x00007f3636a00000, 0x00007f3637f00000, 0x00007f3641000000)
  object space 21504K, 29% used [0x00007f3636a00000,0x00007f3637044488,0x00007f3637f00000)

Deoptimization events (10 events):
Event: 8.942 Thread 0x00007f58041ba800 Uncommon trap: reason=bimorphic action=maybe_recompile pc=0x00007f5801313274 method=com.android.dx.cf.code.BytecodeArray.parseInstruction(ILcom/android/dx/cf/code/BytecodeArray$Visitor;)I @ 1224
Event: 9.133 Thread 0x00007f58041aa800 Uncommon trap: reason=unstable_if action=reinterpret pc=0x00007f580121b48c method=com.android.dx.dex.code.OutputFinisher.hasLocalInfo(Lcom/android/dx/dex/code/DalvInsn;)Z @ 24
Event: 9.410 Thread 0x00007f58041bb000 Uncommon trap: reason=unstable_if action=reinterpret pc=0x00007f5801135040 method=com.android.dx.cf.code.Merger.mergeType(Lcom/android/dx/rop/type/TypeBearer;Lcom/android/dx/rop/type/TypeBearer;)Lcom/android/dx/rop/type/TypeBearer; @ 52
Event: 9.414 Thread 0x00007f58041bb000 Uncommon trap: reason=unstable_if action=reinterpret pc=0x00007f58012aedec method=com.android.dx.cf.code.Merger.mergeType(Lcom/android/dx/rop/type/TypeBearer;Lcom/android/dx/rop/type/TypeBearer;)Lcom/android/dx/rop/type/TypeBearer; @ 52
Event: 10.267 Thread 0x00007f580400a800 Uncommon trap: reason=unstable_if action=reinterpret pc=0x00007f5801154a08 method=com.android.dx.ssa.SCCP.simulateStmt(Lcom/android/dx/ssa/SsaInsn;)V @ 435
Event: 10.288 Thread 0x00007f58041bb000 Uncommon trap: reason=unstable_if action=reinterpret pc=0x00007f58010c3104 method=com.android.dx.cf.code.Merger.isPossiblyAssignableFrom(Lcom/android/dx/rop/type/TypeBearer;Lcom/android/dx/rop/type/TypeBearer;)Z @ 177
Event: 10.449 Thread 0x00007f58041bd000 Uncommon trap: reason=unstable_if action=reinterpret pc=0x00007f580127edd4 method=com.android.dx.cf.code.Merger.mergeType(Lcom/android/dx/rop/type/TypeBearer;Lcom/android/dx/rop/type/TypeBearer;)Lcom/android/dx/rop/type/TypeBearer; @ 52
Event: 10.709 Thread 0x00007f58041bd000 Uncommon trap: reason=bimorphic action=maybe_recompile pc=0x00007f58011675dc method=com.android.dx.cf.code.BytecodeArray.parseInstruction(ILcom/android/dx/cf/code/BytecodeArray$Visitor;)I @ 1035
Event: 10.710 Thread 0x00007f58041bd000 Uncommon trap: reason=bimorphic action=maybe_recompile pc=0x00007f5801167664 method=com.android.dx.cf.code.BytecodeArray.parseInstruction(ILcom/android/dx/cf/code/BytecodeArray$Visitor;)I @ 1051
Event: 10.710 Thread 0x00007f58041bd000 Uncommon trap: reason=bimorphic action=maybe_recompile pc=0x00007f5801167664 method=com.android.dx.cf.code.BytecodeArray.parseInstruction(ILcom/android/dx/cf/code/BytecodeArray$Visitor;)I @ 1051

Internal exceptions (10 events):
Event: 4.617 Thread 0x00007f580400a800 Threw 0x00007f4cc2827318 at /build/openjdk-7-65SuYz/openjdk-7-7u85-2.6.1/build/openjdk/hotspot/src/share/vm/prims/jvm.cpp:1322
Event: 4.675 Thread 0x00007f58041ba800 Threw 0x00007f4cc2f2b5d0 at /build/openjdk-7-65SuYz/openjdk-7-7u85-2.6.1/build/openjdk/hotspot/src/share/vm/prims/jvm.cpp:1322
Event: 4.676 Thread 0x00007f58041ba800 Threw 0x00007f4cc2f31b58 at /build/openjdk-7-65SuYz/openjdk-7-7u85-2.6.1/build/openjdk/hotspot/src/share/vm/prims/jvm.cpp:1322
Event: 4.677 Thread 0x00007f58041ba800 Threw 0x00007f4cc2f38020 at /build/openjdk-7-65SuYz/openjdk-7-7u85-2.6.1/build/openjdk/hotspot/src/share/vm/prims/jvm.cpp:1322
Event: 5.965 Thread 0x00007f58041bb000 Implicit null exception at 0x00007f5801205e29 to 0x00007f580120783d
Event: 6.123 Thread 0x00007f580400a800 Implicit null exception at 0x00007f5801224c95 to 0x00007f580122a935
Event: 6.358 Thread 0x00007f580400a800 Implicit null exception at 0x00007f58011bb7c0 to 0x00007f58011bc4e4
Event: 6.410 Thread 0x00007f580400a800 Implicit null exception at 0x00007f58012109a3 to 0x00007f5801210615
Event: 8.234 Thread 0x00007f58041bb000 Threw 0x00007f4cca6cfcc8 at /build/openjdk-7-65SuYz/openjdk-7-7u85-2.6.1/build/openjdk/hotspot/src/share/vm/prims/jvm.cpp:1322
Event: 10.355 Thread 0x00007f58041bb000 Threw 0x00007f4cc8973b38 at /build/openjdk-7-65SuYz/openjdk-7-7u85-2.6.1/build/openjdk/hotspot/src/share/vm/prims/jvm.cpp:1322

Events (10 events):
Event: 10.709 Thread 0x00007f58041bd000 Uncommon trap: trap_request=0xffffffc6 fr.pc=0x00007f58011675dc
Event: 10.709 Thread 0x00007f58041bd000 DEOPT PACKING pc=0x00007f58011675dc sp=0x00007f36181e5040
Event: 10.710 Thread 0x00007f58041bd000 DEOPT UNPACKING pc=0x00007f5801039445 sp=0x00007f36181e5008 mode 2
Event: 10.710 Thread 0x00007f58041bd000 Uncommon trap: trap_request=0xffffffc6 fr.pc=0x00007f5801167664
Event: 10.710 Thread 0x00007f58041bd000 DEOPT PACKING pc=0x00007f5801167664 sp=0x00007f36181e5040
Event: 10.710 Thread 0x00007f58041bd000 DEOPT UNPACKING pc=0x00007f5801039445 sp=0x00007f36181e5008 mode 2
Event: 10.710 Thread 0x00007f58041bd000 Uncommon trap: trap_request=0xffffffc6 fr.pc=0x00007f5801167664
Event: 10.710 Thread 0x00007f58041bd000 DEOPT PACKING pc=0x00007f5801167664 sp=0x00007f36181e5040
Event: 10.710 Thread 0x00007f58041bd000 DEOPT UNPACKING pc=0x00007f5801039445 sp=0x00007f36181e5008 mode 2
Event: 10.883 Executing VM operation: ParallelGCFailedAllocation


Dynamic libraries:
00400000-00401000 r-xp 00000000 fc:01 1050731                            /usr/lib/jvm/java-7-openjdk-amd64/jre/bin/java
00600000-00601000 r--p 00000000 fc:01 1050731                            /usr/lib/jvm/java-7-openjdk-amd64/jre/bin/java
00601000-00602000 rw-p 00001000 fc:01 1050731                            /usr/lib/jvm/java-7-openjdk-amd64/jre/bin/java
018f5000-01916000 rw-p 00000000 00:00 0                                  [heap]
7f34a8000000-7f34a8041000 rw-p 00000000 00:00 0 
7f34a8041000-7f34ac000000 ---p 00000000 00:00 0 
7f34b0000000-7f34b0028000 rw-p 00000000 00:00 0 
7f34b0028000-7f34b4000000 ---p 00000000 00:00 0 
7f34b4000000-7f34b4021000 rw-p 00000000 00:00 0 
7f34b4021000-7f34b8000000 ---p 00000000 00:00 0 
7f34b8000000-7f34b8021000 rw-p 00000000 00:00 0 
7f34b8021000-7f34bc000000 ---p 00000000 00:00 0 
7f34bc000000-7f34bc021000 rw-p 00000000 00:00 0 
7f34bc021000-7f34c0000000 ---p 00000000 00:00 0 
7f34c0000000-7f34c0021000 rw-p 00000000 00:00 0 
7f34c0021000-7f34c4000000 ---p 00000000 00:00 0 
7f34c4000000-7f34c4021000 rw-p 00000000 00:00 0 
7f34c4021000-7f34c8000000 ---p 00000000 00:00 0 
7f34c8000000-7f34c9390000 rw-p 00000000 00:00 0 
7f34c9390000-7f34cc000000 ---p 00000000 00:00 0 
7f34cc000000-7f34cd85a000 rw-p 00000000 00:00 0 
7f34cd85a000-7f34d0000000 ---p 00000000 00:00 0 
7f34d0000000-7f34d0021000 rw-p 00000000 00:00 0 
7f34d0021000-7f34d4000000 ---p 00000000 00:00 0 
7f34d4000000-7f34d4021000 rw-p 00000000 00:00 0 
7f34d4021000-7f34d8000000 ---p 00000000 00:00 0 
7f34d8000000-7f34d8021000 rw-p 00000000 00:00 0 
7f34d8021000-7f34dc000000 ---p 00000000 00:00 0 
7f34dcc7d000-7f35fc000000 rw-p 00000000 00:00 0 
7f35fc000000-7f35fc021000 rw-p 00000000 00:00 0 
7f35fc021000-7f3600000000 ---p 00000000 00:00 0 
7f3600000000-7f3600021000 rw-p 00000000 00:00 0 
7f3600021000-7f3604000000 ---p 00000000 00:00 0 
7f3604000000-7f3604033000 rw-p 00000000 00:00 0 
7f3604033000-7f3608000000 ---p 00000000 00:00 0 
7f360c000000-7f360c24e000 rw-p 00000000 00:00 0 
7f360c24e000-7f3610000000 ---p 00000000 00:00 0 
7f3614000000-7f3614021000 rw-p 00000000 00:00 0 
7f3614021000-7f3618000000 ---p 00000000 00:00 0 
7f36180e6000-7f36180e9000 ---p 00000000 00:00 0 
7f36180e9000-7f36181e7000 rw-p 00000000 00:00 0                          [stack:4617]
7f36181e7000-7f36181ea000 ---p 00000000 00:00 0 
7f36181ea000-7f36182e8000 rw-p 00000000 00:00 0                          [stack:4616]
7f36182e8000-7f36182eb000 ---p 00000000 00:00 0 
7f36182eb000-7f36183e9000 rw-p 00000000 00:00 0                          [stack:4615]
7f36183e9000-7f36183ec000 ---p 00000000 00:00 0 
7f36183ec000-7f36184ea000 rw-p 00000000 00:00 0                          [stack:4614]
7f36184ea000-7f36184ed000 ---p 00000000 00:00 0 
7f36184ed000-7f361861c000 rw-p 00000000 00:00 0                          [stack:4613]
7f361861c000-7f3618659000 r-xp 00000000 fc:01 7995407                    /lib/x86_64-linux-gnu/libpcre.so.3.13.1
7f3618659000-7f3618858000 ---p 0003d000 fc:01 7995407                    /lib/x86_64-linux-gnu/libpcre.so.3.13.1
7f3618858000-7f3618859000 r--p 0003c000 fc:01 7995407                    /lib/x86_64-linux-gnu/libpcre.so.3.13.1
7f3618859000-7f361885a000 rw-p 0003d000 fc:01 7995407                    /lib/x86_64-linux-gnu/libpcre.so.3.13.1
7f361885a000-7f3618861000 r-xp 00000000 fc:01 925605                     /usr/lib/x86_64-linux-gnu/libffi.so.6.0.1
7f3618861000-7f3618a60000 ---p 00007000 fc:01 925605                     /usr/lib/x86_64-linux-gnu/libffi.so.6.0.1
7f3618a60000-7f3618a61000 r--p 00006000 fc:01 925605                     /usr/lib/x86_64-linux-gnu/libffi.so.6.0.1
7f3618a61000-7f3618a62000 rw-p 00007000 fc:01 925605                     /usr/lib/x86_64-linux-gnu/libffi.so.6.0.1
7f3618a62000-7f3618a79000 r-xp 00000000 fc:01 7999777                    /lib/x86_64-linux-gnu/libresolv-2.19.so
7f3618a79000-7f3618c79000 ---p 00017000 fc:01 7999777                    /lib/x86_64-linux-gnu/libresolv-2.19.so
7f3618c79000-7f3618c7a000 r--p 00017000 fc:01 7999777                    /lib/x86_64-linux-gnu/libresolv-2.19.so
7f3618c7a000-7f3618c7b000 rw-p 00018000 fc:01 7999777                    /lib/x86_64-linux-gnu/libresolv-2.19.so
7f3618c7b000-7f3618c7d000 rw-p 00000000 00:00 0 
7f3618c7d000-7f3618c9d000 r-xp 00000000 fc:01 7999781                    /lib/x86_64-linux-gnu/libselinux.so.1
7f3618c9d000-7f3618e9c000 ---p 00020000 fc:01 7999781                    /lib/x86_64-linux-gnu/libselinux.so.1
7f3618e9c000-7f3618e9d000 r--p 0001f000 fc:01 7999781                    /lib/x86_64-linux-gnu/libselinux.so.1
7f3618e9d000-7f3618e9e000 rw-p 00020000 fc:01 7999781                    /lib/x86_64-linux-gnu/libselinux.so.1
7f3618e9e000-7f3618ea0000 rw-p 00000000 00:00 0 
7f3618ea0000-7f3618ea3000 r-xp 00000000 fc:01 925748                     /usr/lib/x86_64-linux-gnu/libgmodule-2.0.so.0.4002.0
7f3618ea3000-7f36190a2000 ---p 00003000 fc:01 925748                     /usr/lib/x86_64-linux-gnu/libgmodule-2.0.so.0.4002.0
7f36190a2000-7f36190a3000 r--p 00002000 fc:01 925748                     /usr/lib/x86_64-linux-gnu/libgmodule-2.0.so.0.4002.0
7f36190a3000-7f36190a4000 rw-p 00003000 fc:01 925748                     /usr/lib/x86_64-linux-gnu/libgmodule-2.0.so.0.4002.0
7f36190a4000-7f36191aa000 r-xp 00000000 fc:01 7999681                    /lib/x86_64-linux-gnu/libglib-2.0.so.0.4002.0
7f36191aa000-7f36193a9000 ---p 00106000 fc:01 7999681                    /lib/x86_64-linux-gnu/libglib-2.0.so.0.4002.0
7f36193a9000-7f36193aa000 r--p 00105000 fc:01 7999681                    /lib/x86_64-linux-gnu/libglib-2.0.so.0.4002.0
7f36193aa000-7f36193ab000 rw-p 00106000 fc:01 7999681                    /lib/x86_64-linux-gnu/libglib-2.0.so.0.4002.0
7f36193ab000-7f36193ac000 rw-p 00000000 00:00 0 
7f36193ac000-7f36193fb000 r-xp 00000000 fc:01 925772                     /usr/lib/x86_64-linux-gnu/libgobject-2.0.so.0.4002.0
7f36193fb000-7f36195fb000 ---p 0004f000 fc:01 925772                     /usr/lib/x86_64-linux-gnu/libgobject-2.0.so.0.4002.0
7f36195fb000-7f36195fc000 r--p 0004f000 fc:01 925772                     /usr/lib/x86_64-linux-gnu/libgobject-2.0.so.0.4002.0
7f36195fc000-7f36195fd000 rw-p 00050000 fc:01 925772                     /usr/lib/x86_64-linux-gnu/libgobject-2.0.so.0.4002.0
7f36195fd000-7f3619769000 r-xp 00000000 fc:01 925732                     /usr/lib/x86_64-linux-gnu/libgio-2.0.so.0.4002.0
7f3619769000-7f3619968000 ---p 0016c000 fc:01 925732                     /usr/lib/x86_64-linux-gnu/libgio-2.0.so.0.4002.0
7f3619968000-7f361996c000 r--p 0016b000 fc:01 925732                     /usr/lib/x86_64-linux-gnu/libgio-2.0.so.0.4002.0
7f361996c000-7f361996e000 rw-p 0016f000 fc:01 925732                     /usr/lib/x86_64-linux-gnu/libgio-2.0.so.0.4002.0
7f361996e000-7f3619970000 rw-p 00000000 00:00 0 
7f361998f000-7f36199a6000 r-xp 00000000 fc:01 1056370                    /usr/lib/jvm/java-7-openjdk-amd64/jre/lib/amd64/libnet.so
7f36199a6000-7f3619ba5000 ---p 00017000 fc:01 1056370                    /usr/lib/jvm/java-7-openjdk-amd64/jre/lib/amd64/libnet.so
7f3619ba5000-7f3619ba6000 r--p 00016000 fc:01 1056370                    /usr/lib/jvm/java-7-openjdk-amd64/jre/lib/amd64/libnet.so
7f3619ba6000-7f3619ba7000 rw-p 00017000 fc:01 1056370                    /usr/lib/jvm/java-7-openjdk-amd64/jre/lib/amd64/libnet.so
7f3619ba7000-7f3619bb7000 r-xp 00000000 fc:01 1056340                    /usr/lib/jvm/java-7-openjdk-amd64/jre/lib/amd64/libnio.so
7f3619bb7000-7f3619db7000 ---p 00010000 fc:01 1056340                    /usr/lib/jvm/java-7-openjdk-amd64/jre/lib/amd64/libnio.so
7f3619db7000-7f3619db8000 r--p 00010000 fc:01 1056340                    /usr/lib/jvm/java-7-openjdk-amd64/jre/lib/amd64/libnio.so
7f3619db8000-7f3619db9000 rw-p 00011000 fc:01 1056340                    /usr/lib/jvm/java-7-openjdk-amd64/jre/lib/amd64/libnio.so
7f3619db9000-7f3619edd000 r--s 00cc3000 fc:01 9309742                    /home/aaditya/Desktop/mtv/app/build/intermediates/transforms/jarMerging/debug/jars/1/1f/combined.jar
7f3619edd000-7f3619ede000 ---p 00000000 00:00 0 
7f3619ede000-7f3619fde000 rw-p 00000000 00:00 0                          [stack:4612]
7f3619fde000-7f3619fe1000 ---p 00000000 00:00 0 
7f3619fe1000-7f361a0df000 rw-p 00000000 00:00 0                          [stack:4611]
7f361a0df000-7f361a0e2000 ---p 00000000 00:00 0 
7f361a0e2000-7f361a1e0000 rw-p 00000000 00:00 0                          [stack:4610]
7f361a1e0000-7f361a1e3000 ---p 00000000 00:00 0 
7f361a1e3000-7f361a2e1000 rw-p 00000000 00:00 0                          [stack:4609]
7f361a2e1000-7f361a2e4000 ---p 00000000 00:00 0 
7f361a2e4000-7f361a3e2000 rw-p 00000000 00:00 0                          [stack:4608]
7f361a3e2000-7f361a6ab000 r--p 00000000 fc:01 923932                     /usr/lib/locale/locale-archive
7f361a6ab000-7f361a6ae000 ---p 00000000 00:00 0 
7f361a6ae000-7f361a83b000 rw-p 00000000 00:00 0                          [stack:4607]
7f361a83b000-7f3625bac000 rw-p 00000000 00:00 0 
7f3625bac000-7f3625bb7000 rw-p 00000000 00:00 0 
7f3625bb7000-7f3625bff000 rw-p 00000000 00:00 0 
7f3625bff000-7f3625c8e000 rw-p 00000000 00:00 0 
7f3625c8e000-7f3630fff000 rw-p 00000000 00:00 0 
7f3630fff000-7f363112c000 rw-p 00000000 00:00 0 
7f363112c000-7f36369ff000 rw-p 00000000 00:00 0 
7f36369ff000-7f3637f00000 rw-p 00000000 00:00 0 
7f3637f00000-7f3641000000 rw-p 00000000 00:00 0 
7f3641000000-7f3652e00000 rw-p 00000000 00:00 0 
7f3652e00000-7f4cc1000000 rw-p 00000000 00:00 0 
7f4cc1000000-7f4ce6880000 rw-p 00000000 00:00 0 
7f4ce6880000-7f5801000000 rw-p 00000000 00:00 0 
7f5801000000-7f5801370000 rwxp 00000000 00:00 0 
7f5801370000-7f5804249000 rw-p 00000000 00:00 0 
7f5804249000-7f5808000000 ---p 00000000 00:00 0 
7f5808006000-7f5808035000 rw-p 00000000 00:00 0 
7f5808035000-7f5808038000 ---p 00000000 00:00 0 
7f5808038000-7f5808136000 rw-p 00000000 00:00 0                          [stack:4606]
7f5808136000-7f5808137000 ---p 00000000 00:00 0 
7f5808137000-7f5809234000 rw-p 00000000 00:00 0                          [stack:4605]
7f5809234000-7f58093e6000 r--s 01d30000 fc:01 1056334                    /usr/lib/jvm/java-7-openjdk-amd64/jre/lib/rt.jar
7f58093e6000-7f5809f6f000 rw-p 00000000 00:00 0 
7f5809f6f000-7f5809f70000 ---p 00000000 00:00 0 
7f5809f70000-7f580a070000 rw-p 00000000 00:00 0                          [stack:4604]
7f580a070000-7f580a071000 ---p 00000000 00:00 0 
7f580a071000-7f580a171000 rw-p 00000000 00:00 0                          [stack:4603]
7f580a171000-7f580a172000 ---p 00000000 00:00 0 
7f580a172000-7f580a272000 rw-p 00000000 00:00 0                          [stack:4602]
7f580a272000-7f580a273000 ---p 00000000 00:00 0 
7f580a273000-7f580a37e000 rw-p 00000000 00:00 0                          [stack:4601]
7f580a37e000-7f580a3c6000 rw-p 00000000 00:00 0 
7f580a3c6000-7f580a3ce000 r-xp 00000000 fc:01 1056344                    /usr/lib/jvm/java-7-openjdk-amd64/jre/lib/amd64/libzip.so
7f580a3ce000-7f580a5cd000 ---p 00008000 fc:01 1056344                    /usr/lib/jvm/java-7-openjdk-amd64/jre/lib/amd64/libzip.so
7f580a5cd000-7f580a5ce000 r--p 00007000 fc:01 1056344                    /usr/lib/jvm/java-7-openjdk-amd64/jre/lib/amd64/libzip.so
7f580a5ce000-7f580a5cf000 rw-p 00008000 fc:01 1056344                    /usr/lib/jvm/java-7-openjdk-amd64/jre/lib/amd64/libzip.so
7f580a5cf000-7f580a5da000 r-xp 00000000 fc:01 7999726                    /lib/x86_64-linux-gnu/libnss_files-2.19.so
7f580a5da000-7f580a7d9000 ---p 0000b000 fc:01 7999726                    /lib/x86_64-linux-gnu/libnss_files-2.19.so
7f580a7d9000-7f580a7da000 r--p 0000a000 fc:01 7999726                    /lib/x86_64-linux-gnu/libnss_files-2.19.so
7f580a7da000-7f580a7db000 rw-p 0000b000 fc:01 7999726                    /lib/x86_64-linux-gnu/libnss_files-2.19.so
7f580a7db000-7f580a7e6000 r-xp 00000000 fc:01 7999736                    /lib/x86_64-linux-gnu/libnss_nis-2.19.so
7f580a7e6000-7f580a9e5000 ---p 0000b000 fc:01 7999736                    /lib/x86_64-linux-gnu/libnss_nis-2.19.so
7f580a9e5000-7f580a9e6000 r--p 0000a000 fc:01 7999736                    /lib/x86_64-linux-gnu/libnss_nis-2.19.so
7f580a9e6000-7f580a9e7000 rw-p 0000b000 fc:01 7999736                    /lib/x86_64-linux-gnu/libnss_nis-2.19.so
7f580a9e7000-7f580a9fe000 r-xp 00000000 fc:01 7999720                    /lib/x86_64-linux-gnu/libnsl-2.19.so
7f580a9fe000-7f580abfd000 ---p 00017000 fc:01 7999720                    /lib/x86_64-linux-gnu/libnsl-2.19.so
7f580abfd000-7f580abfe000 r--p 00016000 fc:01 7999720                    /lib/x86_64-linux-gnu/libnsl-2.19.so
7f580abfe000-7f580abff000 rw-p 00017000 fc:01 7999720                    /lib/x86_64-linux-gnu/libnsl-2.19.so
7f580abff000-7f580ac01000 rw-p 00000000 00:00 0 
7f580ac01000-7f580ac0a000 r-xp 00000000 fc:01 7999722                    /lib/x86_64-linux-gnu/libnss_compat-2.19.so
7f580ac0a000-7f580ae09000 ---p 00009000 fc:01 7999722                    /lib/x86_64-linux-gnu/libnss_compat-2.19.so
7f580ae09000-7f580ae0a000 r--p 00008000 fc:01 7999722                    /lib/x86_64-linux-gnu/libnss_compat-2.19.so
7f580ae0a000-7f580ae0b000 rw-p 00009000 fc:01 7999722                    /lib/x86_64-linux-gnu/libnss_compat-2.19.so
7f580ae0b000-7f580ae36000 r-xp 00000000 fc:01 1056352                    /usr/lib/jvm/java-7-openjdk-amd64/jre/lib/amd64/libjava.so
7f580ae36000-7f580b036000 ---p 0002b000 fc:01 1056352                    /usr/lib/jvm/java-7-openjdk-amd64/jre/lib/amd64/libjava.so
7f580b036000-7f580b037000 r--p 0002b000 fc:01 1056352                    /usr/lib/jvm/java-7-openjdk-amd64/jre/lib/amd64/libjava.so
7f580b037000-7f580b039000 rw-p 0002c000 fc:01 1056352                    /usr/lib/jvm/java-7-openjdk-amd64/jre/lib/amd64/libjava.so
7f580b039000-7f580b049000 r-xp 00000000 fc:01 1056366                    /usr/lib/jvm/java-7-openjdk-amd64/jre/lib/amd64/libverify.so
7f580b049000-7f580b248000 ---p 00010000 fc:01 1056366                    /usr/lib/jvm/java-7-openjdk-amd64/jre/lib/amd64/libverify.so
7f580b248000-7f580b24a000 r--p 0000f000 fc:01 1056366                    /usr/lib/jvm/java-7-openjdk-amd64/jre/lib/amd64/libverify.so
7f580b24a000-7f580b24b000 rw-p 00011000 fc:01 1056366                    /usr/lib/jvm/java-7-openjdk-amd64/jre/lib/amd64/libverify.so
7f580b24b000-7f580b252000 r-xp 00000000 fc:01 7999779                    /lib/x86_64-linux-gnu/librt-2.19.so
7f580b252000-7f580b451000 ---p 00007000 fc:01 7999779                    /lib/x86_64-linux-gnu/librt-2.19.so
7f580b451000-7f580b452000 r--p 00006000 fc:01 7999779                    /lib/x86_64-linux-gnu/librt-2.19.so
7f580b452000-7f580b453000 rw-p 00007000 fc:01 7999779                    /lib/x86_64-linux-gnu/librt-2.19.so
7f580b453000-7f580b469000 r-xp 00000000 fc:01 7999677                    /lib/x86_64-linux-gnu/libgcc_s.so.1
7f580b469000-7f580b668000 ---p 00016000 fc:01 7999677                    /lib/x86_64-linux-gnu/libgcc_s.so.1
7f580b668000-7f580b669000 rw-p 00015000 fc:01 7999677                    /lib/x86_64-linux-gnu/libgcc_s.so.1
7f580b669000-7f580b76e000 r-xp 00000000 fc:01 7999701                    /lib/x86_64-linux-gnu/libm-2.19.so
7f580b76e000-7f580b96d000 ---p 00105000 fc:01 7999701                    /lib/x86_64-linux-gnu/libm-2.19.so
7f580b96d000-7f580b96e000 r--p 00104000 fc:01 7999701                    /lib/x86_64-linux-gnu/libm-2.19.so
7f580b96e000-7f580b96f000 rw-p 00105000 fc:01 7999701                    /lib/x86_64-linux-gnu/libm-2.19.so
7f580b96f000-7f580ba55000 r-xp 00000000 fc:01 926335                     /usr/lib/x86_64-linux-gnu/libstdc++.so.6.0.19
7f580ba55000-7f580bc54000 ---p 000e6000 fc:01 926335                     /usr/lib/x86_64-linux-gnu/libstdc++.so.6.0.19
7f580bc54000-7f580bc5c000 r--p 000e5000 fc:01 926335                     /usr/lib/x86_64-linux-gnu/libstdc++.so.6.0.19
7f580bc5c000-7f580bc5e000 rw-p 000ed000 fc:01 926335                     /usr/lib/x86_64-linux-gnu/libstdc++.so.6.0.19
7f580bc5e000-7f580bc73000 rw-p 00000000 00:00 0 
7f580bc73000-7f580c797000 r-xp 00000000 fc:01 1056358                    /usr/lib/jvm/java-7-openjdk-amd64/jre/lib/amd64/server/libjvm.so
7f580c797000-7f580c996000 ---p 00b24000 fc:01 1056358                    /usr/lib/jvm/java-7-openjdk-amd64/jre/lib/amd64/server/libjvm.so
7f580c996000-7f580ca30000 r--p 00b23000 fc:01 1056358                    /usr/lib/jvm/java-7-openjdk-amd64/jre/lib/amd64/server/libjvm.so
7f580ca30000-7f580ca53000 rw-p 00bbd000 fc:01 1056358                    /usr/lib/jvm/java-7-openjdk-amd64/jre/lib/amd64/server/libjvm.so
7f580ca53000-7f580ca81000 rw-p 00000000 00:00 0 
7f580ca81000-7f580ca99000 r-xp 00000000 fc:01 7999814                    /lib/x86_64-linux-gnu/libz.so.1.2.8
7f580ca99000-7f580cc98000 ---p 00018000 fc:01 7999814                    /lib/x86_64-linux-gnu/libz.so.1.2.8
7f580cc98000-7f580cc99000 r--p 00017000 fc:01 7999814                    /lib/x86_64-linux-gnu/libz.so.1.2.8
7f580cc99000-7f580cc9a000 rw-p 00018000 fc:01 7999814                    /lib/x86_64-linux-gnu/libz.so.1.2.8
7f580cc9a000-7f580ccb3000 r-xp 00000000 fc:01 7999771                    /lib/x86_64-linux-gnu/libpthread-2.19.so
7f580ccb3000-7f580ceb2000 ---p 00019000 fc:01 7999771                    /lib/x86_64-linux-gnu/libpthread-2.19.so
7f580ceb2000-7f580ceb3000 r--p 00018000 fc:01 7999771                    /lib/x86_64-linux-gnu/libpthread-2.19.so
7f580ceb3000-7f580ceb4000 rw-p 00019000 fc:01 7999771                    /lib/x86_64-linux-gnu/libpthread-2.19.so
7f580ceb4000-7f580ceb8000 rw-p 00000000 00:00 0 
7f580ceb8000-7f580cebb000 r-xp 00000000 fc:01 7999667                    /lib/x86_64-linux-gnu/libdl-2.19.so
7f580cebb000-7f580d0ba000 ---p 00003000 fc:01 7999667                    /lib/x86_64-linux-gnu/libdl-2.19.so
7f580d0ba000-7f580d0bb000 r--p 00002000 fc:01 7999667                    /lib/x86_64-linux-gnu/libdl-2.19.so
7f580d0bb000-7f580d0bc000 rw-p 00003000 fc:01 7999667                    /lib/x86_64-linux-gnu/libdl-2.19.so
7f580d0bc000-7f580d277000 r-xp 00000000 fc:01 7999650                    /lib/x86_64-linux-gnu/libc-2.19.so
7f580d277000-7f580d476000 ---p 001bb000 fc:01 7999650                    /lib/x86_64-linux-gnu/libc-2.19.so
7f580d476000-7f580d47a000 r--p 001ba000 fc:01 7999650                    /lib/x86_64-linux-gnu/libc-2.19.so
7f580d47a000-7f580d47c000 rw-p 001be000 fc:01 7999650                    /lib/x86_64-linux-gnu/libc-2.19.so
7f580d47c000-7f580d481000 rw-p 00000000 00:00 0 
7f580d481000-7f580d48e000 r-xp 00000000 fc:01 1056367                    /usr/lib/jvm/java-7-openjdk-amd64/jre/lib/amd64/jli/libjli.so
7f580d48e000-7f580d68d000 ---p 0000d000 fc:01 1056367                    /usr/lib/jvm/java-7-openjdk-amd64/jre/lib/amd64/jli/libjli.so
7f580d68d000-7f580d68e000 r--p 0000c000 fc:01 1056367                    /usr/lib/jvm/java-7-openjdk-amd64/jre/lib/amd64/jli/libjli.so
7f580d68e000-7f580d68f000 rw-p 0000d000 fc:01 1056367                    /usr/lib/jvm/java-7-openjdk-amd64/jre/lib/amd64/jli/libjli.so
7f580d68f000-7f580d6b2000 r-xp 00000000 fc:01 7999624                    /lib/x86_64-linux-gnu/ld-2.19.so
7f580d6bb000-7f580d6ca000 r--s 000df000 fc:01 6031816                    /home/aaditya/Downloads/sdk/build-tools/23.0.1/lib/dx.jar
7f580d6ca000-7f580d6d8000 rw-p 00000000 00:00 0 
7f580d6d8000-7f580d78a000 rw-p 00000000 00:00 0 
7f580d78a000-7f580d78d000 ---p 00000000 00:00 0 
7f580d78d000-7f580d891000 rw-p 00000000 00:00 0                          [stack:4600]
7f580d891000-7f580d893000 r--s 00012000 fc:01 1056326                    /usr/lib/jvm/java-7-openjdk-amd64/jre/lib/ext/zipfs.jar
7f580d893000-7f580d897000 r--s 00085000 fc:01 1056327                    /usr/lib/jvm/java-7-openjdk-amd64/jre/lib/ext/localedata.jar
7f580d897000-7f580d89b000 r--s 00034000 fc:01 1056329                    /usr/lib/jvm/java-7-openjdk-amd64/jre/lib/ext/sunjce_provider.jar
7f580d89b000-7f580d89c000 r--s 00002000 fc:01 1056331                    /usr/lib/jvm/java-7-openjdk-amd64/jre/lib/ext/dnsns.jar
7f580d89c000-7f580d89f000 r--s 0000f000 fc:01 1056328                    /usr/lib/jvm/java-7-openjdk-amd64/jre/lib/ext/icedtea-sound.jar
7f580d89f000-7f580d8a3000 r--s 0003c000 fc:01 1056330                    /usr/lib/jvm/java-7-openjdk-amd64/jre/lib/ext/sunpkcs11.jar
7f580d8a3000-7f580d8a5000 r--s 00006000 fc:01 1447316                    /usr/share/java/java-atk-wrapper.jar
7f580d8a5000-7f580d8ad000 rw-s 00000000 fc:01 6689827                    /tmp/hsperfdata_aaditya/4596
7f580d8ad000-7f580d8ae000 rw-p 00000000 00:00 0 
7f580d8ae000-7f580d8af000 ---p 00000000 00:00 0 
7f580d8af000-7f580d8b1000 rw-p 00000000 00:00 0 
7f580d8b1000-7f580d8b2000 r--p 00022000 fc:01 7999624                    /lib/x86_64-linux-gnu/ld-2.19.so
7f580d8b2000-7f580d8b3000 rw-p 00023000 fc:01 7999624                    /lib/x86_64-linux-gnu/ld-2.19.so
7f580d8b3000-7f580d8b4000 rw-p 00000000 00:00 0 
7ffc68f9d000-7ffc68fbe000 rw-p 00000000 00:00 0                          [stack]
7ffc68fcb000-7ffc68fcd000 r-xp 00000000 00:00 0                          [vdso]
7ffc68fcd000-7ffc68fcf000 r--p 00000000 00:00 0                          [vvar]
ffffffffff600000-ffffffffff601000 r-xp 00000000 00:00 0                  [vsyscall]

VM Arguments:
jvm_args: -Djava.awt.headless=true -Xmx135g -Dfile.encoding=UTF-8 -Duser.country=IN -Duser.language=en -Duser.variant 
java_command: com.android.dx.command.Main --dex --num-threads=4 --multi-dex --main-dex-list /home/aaditya/Desktop/mtv/app/build/intermediates/multi-dex/debug/maindexlist.txt --output /home/aaditya/Desktop/mtv/app/build/intermediates/transforms/dex/debug/folders/1000/1f/main /home/aaditya/Desktop/mtv/app/build/intermediates/transforms/jarMerging/debug/jars/1/1f/combined.jar
Launcher Type: SUN_STANDARD

Environment Variables:
JAVA_HOME=/usr/lib/jvm/java-7-openjdk-amd64
PATH=/usr/local/sbin:/usr/local/bin:/usr/sbin:/usr/bin:/sbin:/bin:/usr/games:/usr/local/games:/usr/lib/jvm/java-7-openjdk-amd64:/home/aaditya/Downloads/android-studio/bin
USERNAME=aaditya
LD_LIBRARY_PATH=/home/aaditya/Downloads/android-studio/bin:
SHELL=/bin/bash
DISPLAY=:0

Signal Handlers:
SIGSEGV: [libjvm.so+0x954820], sa_mask[0]=0x7ffbfeff, sa_flags=0x10000004
SIGBUS: [libjvm.so+0x954820], sa_mask[0]=0x7ffbfeff, sa_flags=0x10000004
SIGFPE: [libjvm.so+0x7cb150], sa_mask[0]=0x7ffbfeff, sa_flags=0x10000004
SIGPIPE: [libjvm.so+0x7cb150], sa_mask[0]=0x7ffbfeff, sa_flags=0x10000004
SIGXFSZ: [libjvm.so+0x7cb150], sa_mask[0]=0x7ffbfeff, sa_flags=0x10000004
SIGILL: [libjvm.so+0x7cb150], sa_mask[0]=0x7ffbfeff, sa_flags=0x10000004
SIGUSR1: SIG_DFL, sa_mask[0]=0x00000000, sa_flags=0x00000000
SIGUSR2: [libjvm.so+0x7caff0], sa_mask[0]=0x00000004, sa_flags=0x10000004
SIGHUP: [libjvm.so+0x7cb1d0], sa_mask[0]=0x7ffbfeff, sa_flags=0x10000004
SIGINT: [libjvm.so+0x7cb1d0], sa_mask[0]=0x7ffbfeff, sa_flags=0x10000004
SIGTERM: [libjvm.so+0x7cb1d0], sa_mask[0]=0x7ffbfeff, sa_flags=0x10000004
SIGQUIT: [libjvm.so+0x7cb1d0], sa_mask[0]=0x7ffbfeff, sa_flags=0x10000004
SIGTRAP: SIG_DFL, sa_mask[0]=0x00000000, sa_flags=0x00000000


---------------  S Y S T E M  ---------------

OS:LinuxMint 17.2 (rafaela)
uname:Linux 3.16.0-38-generic #52~14.04.1-Ubuntu SMP Fri May 8 09:43:57 UTC 2015 x86_64
libc:glibc 2.19 NPTL 2.19 
rlimit: STACK 8192k, CORE 0k, NPROC 31345, NOFILE 4096, AS infinity
load average:2.80 1.41 0.93

/proc/meminfo:
MemTotal:        8056428 kB
MemFree:         2999272 kB
MemAvailable:    4159576 kB
Buffers:          168932 kB
Cached:          1403516 kB
SwapCached:            0 kB
Active:          3815056 kB
Inactive:         944076 kB
Active(anon):    3187864 kB
Inactive(anon):   310016 kB
Active(file):     627192 kB
Inactive(file):   634060 kB
Unevictable:          32 kB
Mlocked:              32 kB
SwapTotal:       8269820 kB
SwapFree:        8269820 kB
Dirty:             17992 kB
Writeback:             0 kB
AnonPages:       3186712 kB
Mapped:           507000 kB
Shmem:            311200 kB
Slab:             175228 kB
SReclaimable:     135988 kB
SUnreclaim:        39240 kB
KernelStack:        9200 kB
PageTables:        37192 kB
NFS_Unstable:          0 kB
Bounce:                0 kB
WritebackTmp:          0 kB
CommitLimit:    12298032 kB
Committed_AS:   25440940 kB
VmallocTotal:   34359738367 kB
VmallocUsed:      360584 kB
VmallocChunk:   34359372220 kB
HardwareCorrupted:     0 kB
AnonHugePages:   2068480 kB
HugePages_Total:       0
HugePages_Free:        0
HugePages_Rsvd:        0
HugePages_Surp:        0
Hugepagesize:       2048 kB
DirectMap4k:       79488 kB
DirectMap2M:     8189952 kB


CPU:total 4 (2 cores per cpu, 2 threads per core) family 6 model 42 stepping 7, cmov, cx8, fxsr, mmx, sse, sse2, sse3, ssse3, sse4.1, sse4.2, popcnt, avx, aes, ht, tsc, tscinvbit

/proc/cpuinfo:
processor	: 0
vendor_id	: GenuineIntel
cpu family	: 6
model		: 42
model name	: Intel(R) Core(TM) i5-2410M CPU @ 2.30GHz
stepping	: 7
microcode	: 0x28
cpu MHz		: 2699.984
cache size	: 3072 KB
physical id	: 0
siblings	: 4
core id		: 0
cpu cores	: 2
apicid		: 0
initial apicid	: 0
fpu		: yes
fpu_exception	: yes
cpuid level	: 13
wp		: yes
flags		: fpu vme de pse tsc msr pae mce cx8 apic sep mtrr pge mca cmov pat pse36 clflush dts acpi mmx fxsr sse sse2 ss ht tm pbe syscall nx rdtscp lm constant_tsc arch_perfmon pebs bts nopl xtopology nonstop_tsc aperfmperf eagerfpu pni pclmulqdq dtes64 monitor ds_cpl vmx est tm2 ssse3 cx16 xtpr pdcm pcid sse4_1 sse4_2 x2apic popcnt tsc_deadline_timer aes xsave avx lahf_lm ida arat epb xsaveopt pln pts dtherm tpr_shadow vnmi flexpriority ept vpid
bogomips	: 4585.44
clflush size	: 64
cache_alignment	: 64
address sizes	: 36 bits physical, 48 bits virtual
power management:

processor	: 1
vendor_id	: GenuineIntel
cpu family	: 6
model		: 42
model name	: Intel(R) Core(TM) i5-2410M CPU @ 2.30GHz
stepping	: 7
microcode	: 0x28
cpu MHz		: 2699.984
cache size	: 3072 KB
physical id	: 0
siblings	: 4
core id		: 0
cpu cores	: 2
apicid		: 1
initial apicid	: 1
fpu		: yes
fpu_exception	: yes
cpuid level	: 13
wp		: yes
flags		: fpu vme de pse tsc msr pae mce cx8 apic sep mtrr pge mca cmov pat pse36 clflush dts acpi mmx fxsr sse sse2 ss ht tm pbe syscall nx rdtscp lm constant_tsc arch_perfmon pebs bts nopl xtopology nonstop_tsc aperfmperf eagerfpu pni pclmulqdq dtes64 monitor ds_cpl vmx est tm2 ssse3 cx16 xtpr pdcm pcid sse4_1 sse4_2 x2apic popcnt tsc_deadline_timer aes xsave avx lahf_lm ida arat epb xsaveopt pln pts dtherm tpr_shadow vnmi flexpriority ept vpid
bogomips	: 4585.44
clflush size	: 64
cache_alignment	: 64
address sizes	: 36 bits physical, 48 bits virtual
power management:

processor	: 2
vendor_id	: GenuineIntel
cpu family	: 6
model		: 42
model name	: Intel(R) Core(TM) i5-2410M CPU @ 2.30GHz
stepping	: 7
microcode	: 0x28
cpu MHz		: 2699.984
cache size	: 3072 KB
physical id	: 0
siblings	: 4
core id		: 1
cpu cores	: 2
apicid		: 2
initial apicid	: 2
fpu		: yes
fpu_exception	: yes
cpuid level	: 13
wp		: yes
flags		: fpu vme de pse tsc msr pae mce cx8 apic sep mtrr pge mca cmov pat pse36 clflush dts acpi mmx fxsr sse sse2 ss ht tm pbe syscall nx rdtscp lm constant_tsc arch_perfmon pebs bts nopl xtopology nonstop_tsc aperfmperf eagerfpu pni pclmulqdq dtes64 monitor ds_cpl vmx est tm2 ssse3 cx16 xtpr pdcm pcid sse4_1 sse4_2 x2apic popcnt tsc_deadline_timer aes xsave avx lahf_lm ida arat epb xsaveopt pln pts dtherm tpr_shadow vnmi flexpriority ept vpid
bogomips	: 4585.44
clflush size	: 64
cache_alignment	: 64
address sizes	: 36 bits physical, 48 bits virtual
power management:

processor	: 3
vendor_id	: GenuineIntel
cpu family	: 6
model		: 42
model name	: Intel(R) Core(TM) i5-2410M CPU @ 2.30GHz
stepping	: 7
microcode	: 0x28
cpu MHz		: 2699.984
cache size	: 3072 KB
physical id	: 0
siblings	: 4
core id		: 1
cpu cores	: 2
apicid		: 3
initial apicid	: 3
fpu		: yes
fpu_exception	: yes
cpuid level	: 13
wp		: yes
flags		: fpu vme de pse tsc msr pae mce cx8 apic sep mtrr pge mca cmov pat pse36 clflush dts acpi mmx fxsr sse sse2 ss ht tm pbe syscall nx rdtscp lm constant_tsc arch_perfmon pebs bts nopl xtopology nonstop_tsc aperfmperf eagerfpu pni pclmulqdq dtes64 monitor ds_cpl vmx est tm2 ssse3 cx16 xtpr pdcm pcid sse4_1 sse4_2 x2apic popcnt tsc_deadline_timer aes xsave avx lahf_lm ida arat epb xsaveopt pln pts dtherm tpr_shadow vnmi flexpriority ept vpid
bogomips	: 4585.44
clflush size	: 64
cache_alignment	: 64
address sizes	: 36 bits physical, 48 bits virtual
power management:



Memory: 4k page, physical 8056428k(2999272k free), swap 8269820k(8269820k free)

vm_info: OpenJDK 64-Bit Server VM (24.85-b03) for linux-amd64 JRE (1.7.0_85-b01), built on Oct 22 2015 06:46:50 by "buildd" with gcc 4.8.2

time: Sat Jan  2 18:20:14 2016
elapsed time: 11 seconds

